Information: Propagating switching activity (low effort zero delay simulation). (PWR-6)
Warning: Design has unannotated primary inputs. (PWR-414)
Warning: Design has unannotated sequential cell outputs. (PWR-415)
Warning: Design has unannotated black box outputs. (PWR-428)
 
****************************************
Report : power
        -hier
        -analysis_effort low
Design : bp_softcore
Version: M-2016.12-SP5-3
Date   : Tue Mar 17 20:18:28 2020
****************************************


Library(s) Used:

    saed90nm_typ (File: /home/projects/vlsi/common/ee477/kits/wi18/saed-90nm/stdview/stdcells.db)
    saed90_248x64_1P_bit (File: /home/weberlo/final-project/ee477-chip/memories/saed90_248x64_1P_bit/saed90_248x64_1P_bit.db)
    saed90_8x64_1P_bit (File: /home/weberlo/final-project/ee477-chip/memories/saed90_8x64_1P_bit/saed90_8x64_1P_bit.db)
    saed90_64x32_2P (File: /home/weberlo/final-project/ee477-chip/memories/saed90_64x32_2P/saed90_64x32_2P.db)
    saed90_16x64_1P_bit (File: /home/weberlo/final-project/ee477-chip/memories/saed90_16x64_1P_bit/saed90_16x64_1P_bit.db)


Operating Conditions: TYPICAL   Library: saed90nm_typ
Wire Load Model Mode: top

Design        Wire Load Model            Library
------------------------------------------------
bp_softcore            ForQA             saed90nm_typ


Global Operating Voltage = 1.2  
Power-specific unit information :
    Voltage Units = 1V
    Capacitance Units = 1.000000ff
    Time Units = 1ns
    Dynamic Power Units = 1uW    (derived from V,C,T units)
    Leakage Power Units = 1pW


--------------------------------------------------------------------------------
                                       Switch   Int      Leak     Total
Hierarchy                              Power    Power    Power    Power    %
--------------------------------------------------------------------------------
bp_softcore                            8.18e+03 4.67e+04 4.13e+09 5.90e+04 100.0
  core (bp_core_minimal_02_0)          4.80e+03 4.12e+04 3.61e+09 4.96e+04  84.2
    fe (bp_fe_top_02_0)                2.53e+03 1.95e+04 1.58e+09 2.36e+04  40.1
      pc_gen (bp_fe_pc_gen_02_0)       1.83e+03 1.28e+04 9.46e+08 1.56e+04  26.4
        shadow_priv_reg (bsg_dff_reset_en_width_p2_0)    0.202   10.121 4.06e+05   10.729   0.0
        shadow_translation_en_reg (bsg_dff_reset_en_width_p1_12) 2.79e-02    3.198 1.91e+05    3.417   0.0
        pc_resume_reg (bsg_dff_reset_en_width_p39_0)    3.595  124.635 6.56e+06  134.786   0.2
        pc_gen_stage_reg (bsg_dff_reset_width_p84_0)    1.595  262.852 1.37e+07  278.120   0.5
        branch_metadata_fwd_reg (bsg_dff_reset_en_width_p28_2)    0.733   81.669 4.34e+06   86.746   0.1
        btb (bp_fe_btb_vaddr_width_p39_btb_tag_width_p10_btb_idx_width_p6_0) 1.15e+03 1.05e+04 7.49e+08 1.24e+04  21.0
          tag_mem (bsg_mem_1rw_sync_width_p49_els_p64_0) 1.15e+03 1.02e+04 7.30e+08 1.21e+04  20.5
            z_s1r1w_mem (bsg_mem_1r1w_width_p49_els_p64_read_write_same_addr_p0_0)  955.545 1.00e+04 7.24e+08 1.17e+04  19.8
              synth (bsg_mem_1r1w_synth_width_p49_els_p64_read_write_same_addr_p0_harden_p0_0)  955.545 1.00e+04 7.24e+08 1.17e+04  19.8
        bp_fe_bht (bp_fe_bht_bht_idx_width_p9_0)  270.120 1.79e+03 1.33e+08 2.19e+03   3.7
        instr_scan (bp_fe_instr_scan_02_0)    0.000    0.000 1.70e+06    1.702   0.0
        DP_OP_40_135_3917 (bp_fe_pc_gen_02_DP_OP_40_135_3917_3_0) 1.17e-03 1.83e-03 8.54e+06    8.547   0.0
      mem (bp_fe_mem_02_0)              435.844 6.71e+03 6.33e+08 7.78e+03  13.2
        itlb (bp_tlb_02_8_2)            101.548 1.82e+03 1.44e+08 2.07e+03   3.5
          r_v_reg (bsg_dff_reset_width_p1_20) 7.11e-04    3.224 1.58e+05    3.383   0.0
          miss_v_reg (bsg_dff_reset_width_p1_19)    0.000    3.222 1.58e+05    3.381   0.0
          miss_vtag_reg (bsg_dff_reset_width_p27_2)    1.012   88.111 4.22e+06   93.346   0.2
          plru (bp_tlb_replacement_ways_p8_2)    0.000   21.986 2.83e+06   24.819   0.0
            decoder (bsg_lru_pseudo_tree_decode_ways_p8_6)    0.000    0.000 5.35e+05    0.535   0.0
            encoder (bsg_lru_pseudo_tree_encode_ways_p8_6)    0.000    0.000 2.08e+05    0.208   0.0
              rank_1__nz_mux (bsg_mux_width_p1_els_p2_6)    0.000    0.000 8.33e+04 8.33e-02   0.0
              rank_2__nz_mux (bsg_mux_width_p1_els_p4_6)    0.000    0.000 8.42e+04 8.42e-02   0.0
          vtag_cam (bsg_cam_1r1w_els_p8_width_p27_multiple_entries_p0_find_empty_entry_p1_2)    2.005  713.269 6.47e+07  779.944   1.3
            fi4_ohe (bsg_encode_one_hot_width_p8_lo_to_hi_p1_10)    0.000    0.000 1.18e+06    1.178   0.0
              aligned_left (bsg_encode_one_hot_width_p4_31)    0.000    0.000 3.96e+05    0.396   0.0
                aligned_left (bsg_encode_one_hot_width_p2_61)    0.000    0.000 1.40e+05    0.140   0.0
                  aligned_left (bsg_encode_one_hot_width_p1_39)    0.000    0.000 4.07e+04 4.07e-02   0.0
                  aligned_right (bsg_encode_one_hot_width_p1_23)    0.000    0.000 4.07e+04 4.07e-02   0.0
                aligned_right (bsg_encode_one_hot_width_p2_60)    0.000    0.000 1.40e+05    0.140   0.0
                  aligned_left (bsg_encode_one_hot_width_p1_235)    0.000    0.000 4.07e+04 4.07e-02   0.0
                  aligned_right (bsg_encode_one_hot_width_p1_234)    0.000    0.000 4.07e+04 4.07e-02   0.0
              aligned_right (bsg_encode_one_hot_width_p4_30)    0.000    0.000 4.49e+05    0.449   0.0
                aligned_left (bsg_encode_one_hot_width_p2_119)    0.000    0.000 1.40e+05    0.140   0.0
                  aligned_left (bsg_encode_one_hot_width_p1_233)    0.000    0.000 4.07e+04 4.07e-02   0.0
                  aligned_right (bsg_encode_one_hot_width_p1_232)    0.000    0.000 4.07e+04 4.07e-02   0.0
                aligned_right (bsg_encode_one_hot_width_p2_118)    0.000    0.000 1.40e+05    0.140   0.0
                  aligned_left (bsg_encode_one_hot_width_p1_231)    0.000    0.000 4.07e+04 4.07e-02   0.0
                  aligned_right (bsg_encode_one_hot_width_p1_230)    0.000    0.000 4.07e+04 4.07e-02   0.0
            fi5_epe (bsg_priority_encode_width_p8_lo_to_hi_p1_9)    0.864    1.834 1.41e+06    4.108   0.0
              a (bsg_priority_encode_one_hot_out_width_p8_lo_to_hi_p1_9)    0.784    1.368 6.43e+05    2.795   0.0
                genblk1_scan (bsg_scan_width_p8_or_p1_lo_to_hi_p1_9)    0.581    1.232 3.12e+05    2.125   0.0
              b (bsg_encode_one_hot_width_p8_lo_to_hi_p1_12) 7.94e-02    0.465 7.68e+05    1.313   0.0
                aligned_left (bsg_encode_one_hot_width_p4_47) 7.94e-02    0.465 3.72e+05    0.917   0.0
                  aligned_left (bsg_encode_one_hot_width_p2_93) 7.20e-02    0.322 1.28e+05    0.522   0.0
                    aligned_left (bsg_encode_one_hot_width_p1_181) 3.35e-02    0.180 4.07e+04    0.254   0.0
                    aligned_right (bsg_encode_one_hot_width_p1_180)    0.000    0.000 4.07e+04 4.07e-02   0.0
                  aligned_right (bsg_encode_one_hot_width_p2_92)    0.000    0.000 1.40e+05    0.140   0.0
                    aligned_left (bsg_encode_one_hot_width_p1_179)    0.000    0.000 4.07e+04 4.07e-02   0.0
                    aligned_right (bsg_encode_one_hot_width_p1_178)    0.000    0.000 4.07e+04 4.07e-02   0.0
                aligned_right (bsg_encode_one_hot_width_p4_46)    0.000    0.000 3.96e+05    0.396   0.0
                  aligned_left (bsg_encode_one_hot_width_p2_91)    0.000    0.000 1.40e+05    0.140   0.0
                    aligned_left (bsg_encode_one_hot_width_p1_177)    0.000    0.000 4.07e+04 4.07e-02   0.0
                    aligned_right (bsg_encode_one_hot_width_p1_176)    0.000    0.000 4.07e+04 4.07e-02   0.0
                  aligned_right (bsg_encode_one_hot_width_p2_90)    0.000    0.000 1.40e+05    0.140   0.0
                    aligned_left (bsg_encode_one_hot_width_p1_175)    0.000    0.000 4.07e+04 4.07e-02   0.0
                    aligned_right (bsg_encode_one_hot_width_p1_174)    0.000    0.000 4.07e+04 4.07e-02   0.0
          entry_ram (bsg_mem_1rw_sync_width_p34_els_p8_2)    0.000  981.499 6.80e+07 1.05e+03   1.8
            z_s1r1w_mem (bsg_mem_1r1w_width_p34_els_p8_read_write_same_addr_p0_2)    0.000  872.309 6.42e+07  936.495   1.6
              synth (bsg_mem_1r1w_synth_width_p34_els_p8_read_write_same_addr_p0_harden_p0_2)    0.000  872.309 6.42e+07  936.495   1.6
        pma (bp_pma_02_2)                 0.162    0.333 1.96e+05    0.691   0.0
        icache (bp_fe_icache_02_0)      220.871 4.87e+03 4.85e+08 5.57e+03   9.5
          tag_mem (bsg_mem_1rw_sync_mask_write_bit_width_p248_els_p64_2)   32.635 1.98e+03 7.62e+07 2.09e+03   3.5
          data_mems_0__data_mem (bsg_mem_1rw_sync_mask_write_byte_els_p512_data_width_p64_16)    0.000    0.000 3.35e+06    3.350   0.0
          data_mems_1__data_mem (bsg_mem_1rw_sync_mask_write_byte_els_p512_data_width_p64_31)    0.000    0.000 3.35e+06    3.350   0.0
          data_mems_2__data_mem (bsg_mem_1rw_sync_mask_write_byte_els_p512_data_width_p64_30)    0.000    0.000 3.35e+06    3.350   0.0
          data_mems_3__data_mem (bsg_mem_1rw_sync_mask_write_byte_els_p512_data_width_p64_29)    0.000    0.000 3.35e+06    3.350   0.0
          data_mems_4__data_mem (bsg_mem_1rw_sync_mask_write_byte_els_p512_data_width_p64_28)    0.000    0.000 3.35e+06    3.350   0.0
          data_mems_5__data_mem (bsg_mem_1rw_sync_mask_write_byte_els_p512_data_width_p64_27)    0.000    0.000 3.40e+06    3.402   0.0
          data_mems_6__data_mem (bsg_mem_1rw_sync_mask_write_byte_els_p512_data_width_p64_26)    0.000    0.000 3.35e+06    3.350   0.0
          data_mems_7__data_mem (bsg_mem_1rw_sync_mask_write_byte_els_p512_data_width_p64_25)    0.000    0.000 3.40e+06    3.402   0.0
          pe_load_hit (bsg_priority_encode_width_p8_lo_to_hi_p1_7)    0.000    0.000 2.49e+06    2.490   0.0
            a (bsg_priority_encode_one_hot_out_width_p8_lo_to_hi_p1_7)    0.000    0.000 1.26e+06    1.262   0.0
              genblk1_scan (bsg_scan_width_p8_or_p1_lo_to_hi_p1_7)    0.000    0.000 7.90e+05    0.790   0.0
            b (bsg_encode_one_hot_width_p8_lo_to_hi_p1_9)    0.000    0.000 1.23e+06    1.228   0.0
              aligned_left (bsg_encode_one_hot_width_p4_59)    0.000    0.000 3.96e+05    0.396   0.0
                aligned_left (bsg_encode_one_hot_width_p2_117)    0.000    0.000 1.40e+05    0.140   0.0
                  aligned_left (bsg_encode_one_hot_width_p1_229)    0.000    0.000 4.07e+04 4.07e-02   0.0
                  aligned_right (bsg_encode_one_hot_width_p1_228)    0.000    0.000 4.07e+04 4.07e-02   0.0
                aligned_right (bsg_encode_one_hot_width_p2_116)    0.000    0.000 1.40e+05    0.140   0.0
                  aligned_left (bsg_encode_one_hot_width_p1_227)    0.000    0.000 4.07e+04 4.07e-02   0.0
                  aligned_right (bsg_encode_one_hot_width_p1_226)    0.000    0.000 4.07e+04 4.07e-02   0.0
              aligned_right (bsg_encode_one_hot_width_p4_58)    0.000    0.000 5.01e+05    0.501   0.0
                aligned_left (bsg_encode_one_hot_width_p2_115)    0.000    0.000 1.40e+05    0.140   0.0
                  aligned_left (bsg_encode_one_hot_width_p1_225)    0.000    0.000 4.07e+04 4.07e-02   0.0
                  aligned_right (bsg_encode_one_hot_width_p1_224)    0.000    0.000 4.07e+04 4.07e-02   0.0
                aligned_right (bsg_encode_one_hot_width_p2_114)    0.000    0.000 1.92e+05    0.192   0.0
                  aligned_left (bsg_encode_one_hot_width_p1_223)    0.000    0.000 4.07e+04 4.07e-02   0.0
                  aligned_right (bsg_encode_one_hot_width_p1_222)    0.000    0.000 4.07e+04 4.07e-02   0.0
          stat_mem (bsg_mem_1rw_sync_mask_write_bit_width_p7_els_p64_0)    5.998   82.990 5.04e+06   94.030   0.2
          lru_encoder (bsg_lru_pseudo_tree_encode_ways_p8_4)    1.146    0.978 2.08e+05    2.332   0.0
            rank_1__nz_mux (bsg_mux_width_p1_els_p2_4)    0.441    0.252 8.33e+04    0.776   0.0
            rank_2__nz_mux (bsg_mux_width_p1_els_p4_4)    0.481    0.560 8.42e+04    1.125   0.0
          pe_invalid (bsg_priority_encode_width_p8_lo_to_hi_p1_13) 5.45e-04 8.55e-04 1.46e+06    1.463   0.0
            a (bsg_priority_encode_one_hot_out_width_p8_lo_to_hi_p1_13) 3.52e-04 3.68e-04 5.68e+05    0.569   0.0
              genblk1_scan (bsg_scan_width_p8_or_p1_lo_to_hi_p1_13) 2.51e-04 2.73e-04 1.61e+05    0.161   0.0
            b (bsg_encode_one_hot_width_p8_lo_to_hi_p1_17) 1.92e-04 4.87e-04 8.94e+05    0.894   0.0
              aligned_left (bsg_encode_one_hot_width_p4_57) 1.51e-04 4.10e-04 3.47e+05    0.348   0.0
                aligned_left (bsg_encode_one_hot_width_p2_113) 4.72e-05 2.06e-04 1.16e+05    0.116   0.0
                  aligned_left (bsg_encode_one_hot_width_p1_221) 2.37e-05 1.17e-04 4.07e+04 4.09e-02   0.0
                  aligned_right (bsg_encode_one_hot_width_p1_220)    0.000    0.000 4.07e+04 4.07e-02   0.0
                aligned_right (bsg_encode_one_hot_width_p2_112) 1.04e-04 1.99e-04 1.39e+05    0.139   0.0
                  aligned_left (bsg_encode_one_hot_width_p1_219) 2.42e-05 1.11e-04 4.07e+04 4.09e-02   0.0
                  aligned_right (bsg_encode_one_hot_width_p1_218)    0.000    0.000 4.07e+04 4.07e-02   0.0
              aligned_right (bsg_encode_one_hot_width_p4_56)    0.000    0.000 3.96e+05    0.396   0.0
                aligned_left (bsg_encode_one_hot_width_p2_111)    0.000    0.000 1.40e+05    0.140   0.0
                  aligned_left (bsg_encode_one_hot_width_p1_217)    0.000    0.000 4.07e+04 4.07e-02   0.0
                  aligned_right (bsg_encode_one_hot_width_p1_216)    0.000    0.000 4.07e+04 4.07e-02   0.0
                aligned_right (bsg_encode_one_hot_width_p2_110)    0.000    0.000 1.40e+05    0.140   0.0
                  aligned_left (bsg_encode_one_hot_width_p1_215)    0.000    0.000 4.07e+04 4.07e-02   0.0
                  aligned_right (bsg_encode_one_hot_width_p1_214)    0.000    0.000 4.07e+04 4.07e-02   0.0
          cache_req_v_reg (bsg_dff_reset_width_p1_18) 1.03e-03    3.165 1.27e+05    3.294   0.0
          cache_miss_tracker (bsg_dff_reset_en_width_p1_reset_val_p0_2) 2.94e-04    3.205 1.91e+05    3.396   0.0
          data_set_select_mux (bsg_mux_width_p64_els_p8_2)    0.000    0.000 2.21e+07   22.071   0.0
          final_data_mux (bsg_mux_width_p64_els_p2_2) 3.55e-03 1.89e-03 6.18e+06    6.183   0.0
          write_mux_butterfly (bsg_mux_butterfly_width_p64_els_p8_5)    0.129    0.357 8.63e+07   86.763   0.1
            mux_stage_1__mux_swap_1__swap_inst (bsg_swap_width_p128_15) 9.64e-03 7.77e-02 2.13e+07   21.412   0.0
            mux_stage_1__mux_swap_0__swap_inst (bsg_swap_width_p128_8) 9.79e-03 7.98e-02 2.13e+07   21.414   0.0
            mux_stage_0__mux_swap_3__swap_inst (bsg_swap_width_p64_29) 1.48e-02 4.77e-02 1.07e+07   10.725   0.0
            mux_stage_0__mux_swap_2__swap_inst (bsg_swap_width_p64_30) 1.46e-02 4.74e-02 1.07e+07   10.724   0.0
            mux_stage_0__mux_swap_1__swap_inst (bsg_swap_width_p64_31) 1.51e-02 4.95e-02 1.07e+07   10.727   0.0
            mux_stage_0__mux_swap_0__swap_inst (bsg_swap_width_p64_16) 1.45e-02 4.92e-02 1.07e+07   10.726   0.0
          tag_mem_way_decode (bsg_decode_num_out_p8_4) 7.51e-04 1.38e-03 3.63e+05    0.365   0.0
          lru_decode (bsg_lru_pseudo_tree_decode_ways_p8_4)    0.000    0.000 6.10e+05    0.610   0.0
          read_mux_butterfly (bsg_mux_butterfly_width_p64_els_p8_4)    0.000    0.000 4.17e+07   41.697   0.1
            mux_stage_1__mux_swap_1__swap_inst (bsg_swap_width_p128_13)    0.000    0.000 1.04e+07   10.424   0.0
            mux_stage_1__mux_swap_0__swap_inst (bsg_swap_width_p128_14)    0.000    0.000 1.04e+07   10.424   0.0
            mux_stage_0__mux_swap_3__swap_inst (bsg_swap_width_p64_25)    0.000    0.000 5.21e+06    5.212   0.0
            mux_stage_0__mux_swap_2__swap_inst (bsg_swap_width_p64_26)    0.000    0.000 5.21e+06    5.212   0.0
            mux_stage_0__mux_swap_1__swap_inst (bsg_swap_width_p64_27)    0.000    0.000 5.21e+06    5.212   0.0
            mux_stage_0__mux_swap_0__swap_inst (bsg_swap_width_p64_28)    0.000    0.000 5.21e+06    5.212   0.0
    fe_cmd_fifo (bsg_fifo_1r1w_small_width_p78_els_p4_ready_THEN_valid_p1_0)   11.361 1.02e+03 7.15e+07 1.11e+03   1.9
      unhardened_fifo (bsg_fifo_1r1w_small_unhardened_width_p78_els_p4_ready_THEN_valid_p1_0)   11.361 1.02e+03 7.15e+07 1.11e+03   1.9
        ft (bsg_fifo_tracker_els_p4_0)    1.325   24.446 1.61e+06   27.380   0.0
          rptr (bsg_circular_ptr_slots_p4_max_add_p1_2)    0.346    8.363 5.11e+05    9.220   0.0
          wptr (bsg_circular_ptr_slots_p4_max_add_p1_3)    0.341    8.452 5.11e+05    9.304   0.0
        mem_1r1w (bsg_mem_1r1w_width_p78_els_p4_read_write_same_addr_p0_0)    9.963  998.840 6.98e+07 1.08e+03   1.8
          synth (bsg_mem_1r1w_synth_width_p78_els_p4_read_write_same_addr_p0_harden_p0_0)    9.963  998.840 6.98e+07 1.08e+03   1.8
    fe_queue_fifo (bsg_fifo_1r1w_rolly_width_p101_els_p8_ready_THEN_valid_p1_0) 1.51e-02 2.54e+03 1.87e+08 2.72e+03   4.6
      cptr (bsg_circular_ptr_slots_p16_max_add_p1_0)    0.000   12.869 8.97e+05   13.766   0.0
      wptr (bsg_circular_ptr_slots_p16_max_add_p15_2)    0.000   12.871 1.07e+06   13.944   0.0
      rptr_circ_ptr (bsg_circular_ptr_slots_p16_max_add_p15_3)    0.000   12.869 1.07e+06   13.941   0.0
      fifo_mem (bsg_mem_1r1w_width_p101_els_p8_0) 4.88e-04 2.50e+03 1.82e+08 2.68e+03   4.5
        synth (bsg_mem_1r1w_synth_width_p101_els_p8_read_write_same_addr_p0_harden_p0_0) 4.88e-04 2.50e+03 1.82e+08 2.68e+03   4.5
    be (bp_be_top_02_0)                1.11e+03 1.80e+04 1.76e+09 2.09e+04  35.4
      be_checker (bp_be_checker_top_02_0)   48.631 3.11e+03 1.51e+08 3.31e+03   5.6
        director (bp_be_director_02_0)    4.873  137.770 3.67e+07  179.354   0.3
          npc (bsg_dff_reset_en_39_80000000_0)    1.309  123.983 6.51e+06  131.801   0.2
          init_mux (bsg_mux_width_p39_els_p2_4) 1.55e-03 1.79e-03 1.59e+06    1.591   0.0
          exception_mux (bsg_mux_width_p39_els_p2_7) 1.74e-03 1.35e-03 3.25e+06    3.252   0.0
          roll_mux (bsg_mux_width_p39_els_p2_6) 3.62e-04 1.74e-03 3.25e+06    3.251   0.0
          ret_mux (bsg_mux_width_p39_els_p2_5)    0.000    0.000 3.19e+06    3.186   0.0
          attaboy_pending_reg (bsg_dff_reset_en_width_p1_11) 2.32e-02    3.166 1.91e+05    3.380   0.0
        detector (bp_be_detector_02_0) 1.05e-03 3.12e-03 2.55e+06    2.559   0.0
        scheduler (bp_be_scheduler_02_0)   43.756 2.97e+03 1.12e+08 3.13e+03   5.3
          issue_pkt_reg (bsg_dff_reset_en_width_p173_0)    6.432  543.007 2.83e+07  577.731   1.0
          issue_status_reg (bsg_dff_reset_en_width_p1_10) 6.53e-05    3.138 1.91e+05    3.329   0.0
          int_regfile (bp_be_regfile_02_0)   37.201 2.43e+03 6.11e+07 2.53e+03   4.3
            rf (bsg_mem_2r1w_sync_width_p64_els_p32_0)   36.741 2.20e+03 4.09e+07 2.28e+03   3.9
            rs_addr_reg (bsg_dff_reset_en_width_p10_0)    0.283   31.563 1.71e+06   33.553   0.1
            rw_fwd_reg (bsg_dff_width_p68_0) 1.37e-03  196.661 7.58e+06  204.245   0.3
          instr_decoder (bp_be_instr_decoder_0) 1.06e-02 3.60e-03 4.96e+06    4.974   0.0
      be_calculator (bp_be_calculator_top_02_0)   96.466 3.07e+03 3.36e+08 3.50e+03   5.9
        int_bypass (bp_be_bypass_fwd_els_p4_0)    0.174    0.162 2.56e+07   25.938   0.0
          bypass_match_one_hot_rs1 (bsg_priority_encode_one_hot_out_width_p5_lo_to_hi_p1_2)    0.000    0.000 3.01e+05    0.301   0.0
            genblk1_scan (bsg_scan_width_p5_or_p1_lo_to_hi_p1_2)    0.000    0.000 1.75e+05    0.175   0.0
          bypass_match_one_hot_rs2 (bsg_priority_encode_one_hot_out_width_p5_lo_to_hi_p1_3)    0.000    0.000 3.01e+05    0.301   0.0
            genblk1_scan (bsg_scan_width_p5_or_p1_lo_to_hi_p1_3)    0.000    0.000 1.75e+05    0.175   0.0
          bypass_rs1_crossbar (bsg_crossbar_o_by_i_i_els_p5_o_els_p1_width_p64_2) 9.09e-02 8.01e-02 1.04e+07   10.526   0.0
            genblk1_0__mux_one_hot (bsg_mux_one_hot_width_p64_els_p5_2) 9.09e-02 8.01e-02 1.04e+07   10.526   0.0
          bypass_rs2_crossbar (bsg_crossbar_o_by_i_i_els_p5_o_els_p1_width_p64_3) 8.29e-02 8.07e-02 1.04e+07   10.518   0.0
            genblk1_0__mux_one_hot (bsg_mux_one_hot_width_p64_els_p5_3) 8.29e-02 8.07e-02 1.04e+07   10.518   0.0
        reservation_reg (bsg_dff_width_p295_0)    0.457  833.876 2.94e+07  863.718   1.5
        pipe_int (bp_be_pipe_int_vaddr_width_p39_0)    2.445    2.653 1.58e+08  162.669   0.3
          alu (bp_be_int_alu_0)           1.664    2.402 1.26e+08  130.186   0.2
            gte_x_12 (bp_be_int_alu_DW_cmp_J30_0_0) 6.66e-02    0.106 7.93e+06    8.099   0.0
            lt_x_11 (bp_be_int_alu_DW_cmp_J30_1_0) 6.73e-02    0.114 8.00e+06    8.184   0.0
            gte_x_8 (bp_be_int_alu_DW_cmp_J30_2_0) 6.48e-02    0.107 7.93e+06    8.098   0.0
            lt_x_7 (bp_be_int_alu_DW_cmp_J30_3_0) 6.50e-02    0.114 8.00e+06    8.182   0.0
            DP_OP_41J30_125_155 (bp_be_int_alu_DP_OP_41J30_125_155_J30_0_0) 7.71e-02    0.264 5.82e+06    6.162   0.0
            DP_OP_38_134_1409 (bp_be_int_alu_DP_OP_38_134_1409_2_0)    0.230    0.567 1.55e+07   16.249   0.0
          add_x_1 (bp_be_pipe_int_vaddr_width_p39_DW01_add_J14_1_0) 4.55e-03 3.45e-03 4.13e+06    4.139   0.0
          add_x_6 (bp_be_pipe_int_vaddr_width_p39_DW01_add_1_0) 3.97e-04 1.62e-03 5.59e+06    5.590   0.0
        pipe_mem (bp_be_pipe_mem_02_0)    6.757  543.765 4.92e+07  599.727   1.0
          csr_shift_reg (bsg_shift_reg_width_p81_stages_p2_0)    6.449  543.390 2.76e+07  577.426   1.0
          add_x_2 (bp_be_pipe_mem_02_DW01_add_J32_0_0) 3.26e-02 8.32e-02 4.67e+06    4.785   0.0
        calc_stage_reg (bsg_dff_width_p415_0) 1.82e-02 1.01e+03 3.63e+07 1.05e+03   1.8
        comp_stage_mux (bsg_mux_segmented_segments_p5_segment_width_p64_0) 1.65e-02 6.40e-02 1.14e+07   11.486   0.0
        comp_stage_reg (bsg_dff_width_p320_0)    0.000  599.178 2.13e+07  620.484   1.1
        exc_stage_reg (bsg_dff_width_p25_0) 6.87e-03   63.643 2.57e+06   66.217   0.1
      be_mem (bp_be_mem_top_02_0)       572.792 1.17e+04 1.27e+09 1.36e+04  23.0
        fault_reg (bsg_dff_en_width_p78_0)    0.000  245.972 1.52e+07  261.179   0.4
        vaddr_pipe (bsg_dff_chain_width_p39_num_stages_p2_0) 8.96e-02  244.594 8.66e+06  253.343   0.4
          chained_genblk1_1__ch_reg (bsg_dff_width_p39_2) 2.47e-02  122.511 4.33e+06  126.865   0.2
          chained_genblk1_2__ch_reg (bsg_dff_width_p39_3) 6.49e-02  122.083 4.33e+06  126.478   0.2
        csr (bp_be_csr_02_0)            195.490 2.53e+03 2.72e+08 2.99e+03   5.1
          stvec_reg (bsg_dff_reset_width_p39_2)    0.000  121.681 6.45e+06  128.133   0.2
          scounteren_reg (bsg_dff_reset_width_p2_3)    0.000    6.411 3.31e+05    6.742   0.0
          sscratch_reg (bsg_dff_reset_width_p64_2)    0.000  206.224 1.06e+07  216.813   0.4
          sepc_reg (bsg_dff_reset_width_p41_5)    0.000  128.003 6.78e+06  134.787   0.2
          scause_reg (bsg_dff_reset_width_p5_2)    0.000   15.409 8.27e+05   16.237   0.0
          stval_reg (bsg_dff_reset_width_p41_9)    0.000  127.376 6.78e+06  134.160   0.2
          satp_reg (bsg_dff_reset_width_p29_0)    0.000   91.250 4.80e+06   96.048   0.2
          mstatus_reg (bsg_dff_reset_width_p15_0)    0.000   46.662 2.48e+06   49.144   0.1
          medeleg_reg (bsg_dff_reset_width_p13_0)    0.000   41.208 2.15e+06   43.359   0.1
          mideleg_reg (bsg_dff_reset_width_p3_0)    0.000    9.246 4.96e+05    9.742   0.0
          mie_reg (bsg_dff_reset_width_p6_2)    0.000   18.492 9.93e+05   19.484   0.0
          mtvec_reg (bsg_dff_reset_width_p39_3)    0.000  121.207 6.45e+06  127.660   0.2
          mcounteren_reg (bsg_dff_reset_width_p2_5)    0.000    6.411 3.31e+05    6.742   0.0
          mscratch_reg (bsg_dff_reset_width_p64_3)    0.000  206.688 1.06e+07  217.277   0.4
          mepc_reg (bsg_dff_reset_width_p41_8)    0.000  127.850 6.78e+06  134.634   0.2
          mcause_reg (bsg_dff_reset_width_p5_3)    0.000   15.409 8.27e+05   16.237   0.0
          mtval_reg (bsg_dff_reset_width_p41_7)    0.000  127.489 6.78e+06  134.273   0.2
          mip_reg (bsg_dff_reset_width_p6_3)    0.366   20.830 1.01e+06   22.207   0.0
          pmpcfg0_reg (bsg_dff_reset_width_p32_0)    0.000  101.388 5.29e+06  106.682   0.2
          pmpaddr0_reg (bsg_dff_reset_width_p38_4)    0.000  121.275 6.29e+06  127.562   0.2
          pmpaddr1_reg (bsg_dff_reset_width_p38_7)    0.000  120.624 6.29e+06  126.911   0.2
          pmpaddr2_reg (bsg_dff_reset_width_p38_6)    0.000  120.350 6.29e+06  126.637   0.2
          pmpaddr3_reg (bsg_dff_reset_width_p38_5)    0.000  119.825 6.29e+06  126.112   0.2
          mcycle_reg (bsg_dff_reset_width_p48_2)    0.000  152.755 7.94e+06  160.696   0.3
          minstret_reg (bsg_dff_reset_width_p48_3)    0.000  154.373 7.94e+06  162.315   0.3
          mcountinhibit_reg (bsg_dff_reset_width_p2_4)    0.000    6.411 3.31e+05    6.742   0.0
          dcsr_reg (bsg_dff_reset_width_p11_0)    0.000   28.676 1.49e+06   30.165   0.1
          dpc_reg (bsg_dff_reset_width_p41_6)    0.000  130.072 6.78e+06  136.856   0.2
          mcause_exception_enc (bsg_priority_encode_width_p16_lo_to_hi_p1_3)    0.000    0.000 3.87e+06    3.874   0.0
            a (bsg_priority_encode_one_hot_out_width_p16_lo_to_hi_p1_3)    0.000    0.000 1.65e+06    1.653   0.0
              genblk1_scan (bsg_scan_width_p16_or_p1_lo_to_hi_p1_3)    0.000    0.000 8.46e+05    0.846   0.0
            b (bsg_encode_one_hot_width_p16_lo_to_hi_p1_3)    0.000    0.000 2.22e+06    2.221   0.0
              aligned_left (bsg_encode_one_hot_width_p8_6)    0.000    0.000 9.68e+05    0.968   0.0
                aligned_left (bsg_encode_one_hot_width_p4_45)    0.000    0.000 3.96e+05    0.396   0.0
                  aligned_left (bsg_encode_one_hot_width_p2_89)    0.000    0.000 1.40e+05    0.140   0.0
                    aligned_left (bsg_encode_one_hot_width_p1_173)    0.000    0.000 4.07e+04 4.07e-02   0.0
                    aligned_right (bsg_encode_one_hot_width_p1_172)    0.000    0.000 4.07e+04 4.07e-02   0.0
                  aligned_right (bsg_encode_one_hot_width_p2_88)    0.000    0.000 1.40e+05    0.140   0.0
                    aligned_left (bsg_encode_one_hot_width_p1_171)    0.000    0.000 4.07e+04 4.07e-02   0.0
                    aligned_right (bsg_encode_one_hot_width_p1_170)    0.000    0.000 4.07e+04 4.07e-02   0.0
                aligned_right (bsg_encode_one_hot_width_p4_44)    0.000    0.000 3.96e+05    0.396   0.0
                  aligned_left (bsg_encode_one_hot_width_p2_87)    0.000    0.000 1.40e+05    0.140   0.0
                    aligned_left (bsg_encode_one_hot_width_p1_169)    0.000    0.000 4.07e+04 4.07e-02   0.0
                    aligned_right (bsg_encode_one_hot_width_p1_168)    0.000    0.000 4.07e+04 4.07e-02   0.0
                  aligned_right (bsg_encode_one_hot_width_p2_86)    0.000    0.000 1.40e+05    0.140   0.0
                    aligned_left (bsg_encode_one_hot_width_p1_167)    0.000    0.000 4.07e+04 4.07e-02   0.0
                    aligned_right (bsg_encode_one_hot_width_p1_166)    0.000    0.000 4.07e+04 4.07e-02   0.0
              aligned_right (bsg_encode_one_hot_width_p8_11)    0.000    0.000 1.02e+06    1.020   0.0
                aligned_left (bsg_encode_one_hot_width_p4_43)    0.000    0.000 3.96e+05    0.396   0.0
                  aligned_left (bsg_encode_one_hot_width_p2_85)    0.000    0.000 1.40e+05    0.140   0.0
                    aligned_left (bsg_encode_one_hot_width_p1_165)    0.000    0.000 4.07e+04 4.07e-02   0.0
                    aligned_right (bsg_encode_one_hot_width_p1_164)    0.000    0.000 4.07e+04 4.07e-02   0.0
                  aligned_right (bsg_encode_one_hot_width_p2_84)    0.000    0.000 1.40e+05    0.140   0.0
                    aligned_left (bsg_encode_one_hot_width_p1_163)    0.000    0.000 4.07e+04 4.07e-02   0.0
                    aligned_right (bsg_encode_one_hot_width_p1_162)    0.000    0.000 4.07e+04 4.07e-02   0.0
                aligned_right (bsg_encode_one_hot_width_p4_42)    0.000    0.000 3.96e+05    0.396   0.0
                  aligned_left (bsg_encode_one_hot_width_p2_83)    0.000    0.000 1.40e+05    0.140   0.0
                    aligned_left (bsg_encode_one_hot_width_p1_161)    0.000    0.000 4.07e+04 4.07e-02   0.0
                    aligned_right (bsg_encode_one_hot_width_p1_160)    0.000    0.000 4.07e+04 4.07e-02   0.0
                  aligned_right (bsg_encode_one_hot_width_p2_82)    0.000    0.000 1.40e+05    0.140   0.0
                    aligned_left (bsg_encode_one_hot_width_p1_159)    0.000    0.000 4.07e+04 4.07e-02   0.0
                    aligned_right (bsg_encode_one_hot_width_p1_158)    0.000    0.000 4.07e+04 4.07e-02   0.0
          m_interrupt_enc (bsg_priority_encode_width_p16_lo_to_hi_p1_5)    0.000    0.000 3.53e+06    3.529   0.0
            a (bsg_priority_encode_one_hot_out_width_p16_lo_to_hi_p1_5)    0.000    0.000 1.42e+06    1.418   0.0
              genblk1_scan (bsg_scan_width_p16_or_p1_lo_to_hi_p1_5)    0.000    0.000 6.99e+05    0.699   0.0
            b (bsg_encode_one_hot_width_p16_lo_to_hi_p1_5)    0.000    0.000 2.11e+06    2.111   0.0
              aligned_left (bsg_encode_one_hot_width_p8_10)    0.000    0.000 9.09e+05    0.909   0.0
                aligned_left (bsg_encode_one_hot_width_p4_41)    0.000    0.000 3.38e+05    0.338   0.0
                  aligned_left (bsg_encode_one_hot_width_p2_81)    0.000    0.000 8.14e+04 8.14e-02   0.0
                    aligned_right (bsg_encode_one_hot_width_p1_157)    0.000    0.000 4.07e+04 4.07e-02   0.0
                  aligned_right (bsg_encode_one_hot_width_p2_80)    0.000    0.000 1.40e+05    0.140   0.0
                    aligned_left (bsg_encode_one_hot_width_p1_156)    0.000    0.000 4.07e+04 4.07e-02   0.0
                    aligned_right (bsg_encode_one_hot_width_p1_155)    0.000    0.000 4.07e+04 4.07e-02   0.0
                aligned_right (bsg_encode_one_hot_width_p4_40)    0.000    0.000 3.96e+05    0.396   0.0
                  aligned_left (bsg_encode_one_hot_width_p2_79)    0.000    0.000 1.40e+05    0.140   0.0
                    aligned_left (bsg_encode_one_hot_width_p1_154)    0.000    0.000 4.07e+04 4.07e-02   0.0
                    aligned_right (bsg_encode_one_hot_width_p1_153)    0.000    0.000 4.07e+04 4.07e-02   0.0
                  aligned_right (bsg_encode_one_hot_width_p2_78)    0.000    0.000 1.40e+05    0.140   0.0
                    aligned_left (bsg_encode_one_hot_width_p1_152)    0.000    0.000 4.07e+04 4.07e-02   0.0
                    aligned_right (bsg_encode_one_hot_width_p1_151)    0.000    0.000 4.07e+04 4.07e-02   0.0
              aligned_right (bsg_encode_one_hot_width_p8_9)    0.000    0.000 9.68e+05    0.968   0.0
                aligned_left (bsg_encode_one_hot_width_p4_39)    0.000    0.000 3.96e+05    0.396   0.0
                  aligned_left (bsg_encode_one_hot_width_p2_77)    0.000    0.000 1.40e+05    0.140   0.0
                    aligned_left (bsg_encode_one_hot_width_p1_150)    0.000    0.000 4.07e+04 4.07e-02   0.0
                    aligned_right (bsg_encode_one_hot_width_p1_149)    0.000    0.000 4.07e+04 4.07e-02   0.0
                  aligned_right (bsg_encode_one_hot_width_p2_76)    0.000    0.000 1.40e+05    0.140   0.0
                    aligned_left (bsg_encode_one_hot_width_p1_148)    0.000    0.000 4.07e+04 4.07e-02   0.0
                    aligned_right (bsg_encode_one_hot_width_p1_147)    0.000    0.000 4.07e+04 4.07e-02   0.0
                aligned_right (bsg_encode_one_hot_width_p4_38)    0.000    0.000 3.96e+05    0.396   0.0
                  aligned_left (bsg_encode_one_hot_width_p2_75)    0.000    0.000 1.40e+05    0.140   0.0
                    aligned_left (bsg_encode_one_hot_width_p1_146)    0.000    0.000 4.07e+04 4.07e-02   0.0
                    aligned_right (bsg_encode_one_hot_width_p1_145)    0.000    0.000 4.07e+04 4.07e-02   0.0
                  aligned_right (bsg_encode_one_hot_width_p2_74)    0.000    0.000 1.40e+05    0.140   0.0
                    aligned_left (bsg_encode_one_hot_width_p1_144)    0.000    0.000 4.07e+04 4.07e-02   0.0
                    aligned_right (bsg_encode_one_hot_width_p1_143)    0.000    0.000 4.07e+04 4.07e-02   0.0
          s_interrupt_enc (bsg_priority_encode_width_p16_lo_to_hi_p1_4)    0.000    0.000 2.91e+06    2.911   0.0
            a (bsg_priority_encode_one_hot_out_width_p16_lo_to_hi_p1_4)    0.000    0.000 8.82e+05    0.882   0.0
              genblk1_scan (bsg_scan_width_p16_or_p1_lo_to_hi_p1_4)    0.000    0.000 2.39e+05    0.239   0.0
            b (bsg_encode_one_hot_width_p16_lo_to_hi_p1_4)    0.000    0.000 2.03e+06    2.029   0.0
              aligned_left (bsg_encode_one_hot_width_p8_8)    0.000    0.000 8.28e+05    0.828   0.0
                aligned_left (bsg_encode_one_hot_width_p4_37)    0.000    0.000 2.57e+05    0.257   0.0
                  aligned_right (bsg_encode_one_hot_width_p2_72)    0.000    0.000 1.40e+05    0.140   0.0
                    aligned_left (bsg_encode_one_hot_width_p1_141)    0.000    0.000 4.07e+04 4.07e-02   0.0
                    aligned_right (bsg_encode_one_hot_width_p1_140)    0.000    0.000 4.07e+04 4.07e-02   0.0
                aligned_right (bsg_encode_one_hot_width_p4_36)    0.000    0.000 3.96e+05    0.396   0.0
                  aligned_left (bsg_encode_one_hot_width_p2_71)    0.000    0.000 1.40e+05    0.140   0.0
                    aligned_left (bsg_encode_one_hot_width_p1_139)    0.000    0.000 4.07e+04 4.07e-02   0.0
                    aligned_right (bsg_encode_one_hot_width_p1_138)    0.000    0.000 4.07e+04 4.07e-02   0.0
                  aligned_right (bsg_encode_one_hot_width_p2_70)    0.000    0.000 1.40e+05    0.140   0.0
                    aligned_left (bsg_encode_one_hot_width_p1_137)    0.000    0.000 4.07e+04 4.07e-02   0.0
                    aligned_right (bsg_encode_one_hot_width_p1_136)    0.000    0.000 4.07e+04 4.07e-02   0.0
              aligned_right (bsg_encode_one_hot_width_p8_7)    0.000    0.000 9.68e+05    0.968   0.0
                aligned_left (bsg_encode_one_hot_width_p4_35)    0.000    0.000 3.96e+05    0.396   0.0
                  aligned_left (bsg_encode_one_hot_width_p2_69)    0.000    0.000 1.40e+05    0.140   0.0
                    aligned_left (bsg_encode_one_hot_width_p1_135)    0.000    0.000 4.07e+04 4.07e-02   0.0
                    aligned_right (bsg_encode_one_hot_width_p1_134)    0.000    0.000 4.07e+04 4.07e-02   0.0
                  aligned_right (bsg_encode_one_hot_width_p2_68)    0.000    0.000 1.40e+05    0.140   0.0
                    aligned_left (bsg_encode_one_hot_width_p1_133)    0.000    0.000 4.07e+04 4.07e-02   0.0
                    aligned_right (bsg_encode_one_hot_width_p1_132)    0.000    0.000 4.07e+04 4.07e-02   0.0
                aligned_right (bsg_encode_one_hot_width_p4_34)    0.000    0.000 3.96e+05    0.396   0.0
                  aligned_left (bsg_encode_one_hot_width_p2_67)    0.000    0.000 1.40e+05    0.140   0.0
                    aligned_left (bsg_encode_one_hot_width_p1_131)    0.000    0.000 4.07e+04 4.07e-02   0.0
                    aligned_right (bsg_encode_one_hot_width_p1_130)    0.000    0.000 4.07e+04 4.07e-02   0.0
                  aligned_right (bsg_encode_one_hot_width_p2_66)    0.000    0.000 1.40e+05    0.140   0.0
                    aligned_left (bsg_encode_one_hot_width_p1_129)    0.000    0.000 4.07e+04 4.07e-02   0.0
                    aligned_right (bsg_encode_one_hot_width_p1_128)    0.000    0.000 4.07e+04 4.07e-02   0.0
          debug_mode_reg (bsg_dff_reset_width_p1_17)    0.000    3.203 1.53e+05    3.355   0.0
          priv_mode_reg (bsg_dff_reset_2_3_0) 1.13e-02    6.524 3.16e+05    6.851   0.0
          translation_en_reg (bsg_dff_reset_width_p1_16)    0.000    3.203 1.53e+05    3.355   0.0
          add_x_7 (bp_be_csr_02_DW01_inc_J1_0_0)    0.000    0.000 5.34e+06    5.345   0.0
          add_x_8 (bp_be_csr_02_DW01_add_0_0) 7.36e-03 2.69e-02 6.38e+06    6.415   0.0
        dtlb (bp_tlb_02_8_3)             76.756 1.83e+03 1.50e+08 2.06e+03   3.5
          r_v_reg (bsg_dff_reset_width_p1_15)    0.000    3.122 1.53e+05    3.274   0.0
          miss_v_reg (bsg_dff_reset_width_p1_14)    0.000    3.165 1.53e+05    3.318   0.0
          miss_vtag_reg (bsg_dff_reset_width_p27_3) 1.57e-02   85.311 4.47e+06   89.795   0.2
          plru (bp_tlb_replacement_ways_p8_3)    0.000   22.743 1.98e+06   24.719   0.0
            decoder (bsg_lru_pseudo_tree_decode_ways_p8_5)    0.000    0.000 4.56e+05    0.456   0.0
            encoder (bsg_lru_pseudo_tree_encode_ways_p8_5)    0.000    0.000 1.67e+05    0.167   0.0
              rank_1__nz_mux (bsg_mux_width_p1_els_p2_5)    0.000    0.000 8.33e+04 8.33e-02   0.0
              rank_2__nz_mux (bsg_mux_width_p1_els_p4_5)    0.000    0.000 8.42e+04 8.42e-02   0.0
          vtag_cam (bsg_cam_1r1w_els_p8_width_p27_multiple_entries_p0_find_empty_entry_p1_3)    1.496  731.577 7.15e+07  804.564   1.4
            fi4_ohe (bsg_encode_one_hot_width_p8_lo_to_hi_p1_16)    0.000    0.000 9.75e+05    0.975   0.0
              aligned_left (bsg_encode_one_hot_width_p4_55)    0.000    0.000 3.96e+05    0.396   0.0
                aligned_left (bsg_encode_one_hot_width_p2_109)    0.000    0.000 1.40e+05    0.140   0.0
                  aligned_left (bsg_encode_one_hot_width_p1_213)    0.000    0.000 4.07e+04 4.07e-02   0.0
                  aligned_right (bsg_encode_one_hot_width_p1_212)    0.000    0.000 4.07e+04 4.07e-02   0.0
                aligned_right (bsg_encode_one_hot_width_p2_108)    0.000    0.000 1.40e+05    0.140   0.0
                  aligned_left (bsg_encode_one_hot_width_p1_211)    0.000    0.000 4.07e+04 4.07e-02   0.0
                  aligned_right (bsg_encode_one_hot_width_p1_210)    0.000    0.000 4.07e+04 4.07e-02   0.0
              aligned_right (bsg_encode_one_hot_width_p4_54)    0.000    0.000 3.96e+05    0.396   0.0
                aligned_left (bsg_encode_one_hot_width_p2_107)    0.000    0.000 1.40e+05    0.140   0.0
                  aligned_left (bsg_encode_one_hot_width_p1_209)    0.000    0.000 4.07e+04 4.07e-02   0.0
                  aligned_right (bsg_encode_one_hot_width_p1_208)    0.000    0.000 4.07e+04 4.07e-02   0.0
                aligned_right (bsg_encode_one_hot_width_p2_106)    0.000    0.000 1.40e+05    0.140   0.0
                  aligned_left (bsg_encode_one_hot_width_p1_207)    0.000    0.000 4.07e+04 4.07e-02   0.0
                  aligned_right (bsg_encode_one_hot_width_p1_206)    0.000    0.000 4.07e+04 4.07e-02   0.0
            fi5_epe (bsg_priority_encode_width_p8_lo_to_hi_p1_8)    0.898    1.808 1.41e+06    4.117   0.0
              a (bsg_priority_encode_one_hot_out_width_p8_lo_to_hi_p1_8)    0.809    1.344 6.43e+05    2.796   0.0
                genblk1_scan (bsg_scan_width_p8_or_p1_lo_to_hi_p1_8)    0.598    1.208 3.12e+05    2.119   0.0
              b (bsg_encode_one_hot_width_p8_lo_to_hi_p1_11) 8.85e-02    0.464 7.68e+05    1.321   0.0
                aligned_left (bsg_encode_one_hot_width_p4_33) 8.85e-02    0.464 3.72e+05    0.924   0.0
                  aligned_left (bsg_encode_one_hot_width_p2_65) 8.00e-02    0.321 1.28e+05    0.528   0.0
                    aligned_left (bsg_encode_one_hot_width_p1_127) 4.30e-02    0.178 4.07e+04    0.262   0.0
                    aligned_right (bsg_encode_one_hot_width_p1_126)    0.000    0.000 4.07e+04 4.07e-02   0.0
                  aligned_right (bsg_encode_one_hot_width_p2_64)    0.000    0.000 1.40e+05    0.140   0.0
                    aligned_left (bsg_encode_one_hot_width_p1_125)    0.000    0.000 4.07e+04 4.07e-02   0.0
                    aligned_right (bsg_encode_one_hot_width_p1_124)    0.000    0.000 4.07e+04 4.07e-02   0.0
                aligned_right (bsg_encode_one_hot_width_p4_32)    0.000    0.000 3.96e+05    0.396   0.0
                  aligned_left (bsg_encode_one_hot_width_p2_63)    0.000    0.000 1.40e+05    0.140   0.0
                    aligned_left (bsg_encode_one_hot_width_p1_123)    0.000    0.000 4.07e+04 4.07e-02   0.0
                    aligned_right (bsg_encode_one_hot_width_p1_122)    0.000    0.000 4.07e+04 4.07e-02   0.0
                  aligned_right (bsg_encode_one_hot_width_p2_62)    0.000    0.000 1.40e+05    0.140   0.0
                    aligned_left (bsg_encode_one_hot_width_p1_121)    0.000    0.000 4.07e+04 4.07e-02   0.0
                    aligned_right (bsg_encode_one_hot_width_p1_120)    0.000    0.000 4.07e+04 4.07e-02   0.0
          entry_ram (bsg_mem_1rw_sync_width_p34_els_p8_3)    0.000  983.777 6.83e+07 1.05e+03   1.8
            z_s1r1w_mem (bsg_mem_1r1w_width_p34_els_p8_read_write_same_addr_p0_3)    0.000  875.982 6.44e+07  940.431   1.6
              synth (bsg_mem_1r1w_synth_width_p34_els_p8_read_write_same_addr_p0_harden_p0_3)    0.000  875.982 6.44e+07  940.431   1.6
        pma (bp_pma_02_3)              8.30e-04 2.87e-03 1.89e+05    0.192   0.0
        ptw (bp_be_ptw_02_64_3_0)         1.617  304.784 2.24e+07  328.834   0.6
          dcache_data_reg (bsg_dff_reset_width_p65_0)    0.000  112.762 5.96e+06  118.718   0.2
          vpn_reg (bsg_dff_reset_en_width_p27_0)    0.807   84.770 4.48e+06   90.060   0.2
          ppn_reg (bsg_dff_reset_en_width_p28_3)    0.797   88.447 4.67e+06   93.918   0.2
          tlb_sel_reg (bsg_dff_reset_en_width_p1_9)    0.000    3.118 1.73e+05    3.292   0.0
          cmd_sel_reg (bsg_dff_reset_en_width_p1_8)    0.000    3.138 1.65e+05    3.303   0.0
        dcache (bp_be_dcache_02_0_0)    292.570 6.56e+03 7.73e+08 7.62e+03  12.9
          tag_mem (bsg_mem_1rw_sync_mask_write_bit_width_p248_els_p64_3)   35.170 1.97e+03 7.73e+07 2.08e+03   3.5
          data_mem_0__data_mem (bsg_mem_1rw_sync_mask_write_byte_els_p512_data_width_p64_24)    0.000    0.000 3.56e+06    3.559   0.0
          data_mem_1__data_mem (bsg_mem_1rw_sync_mask_write_byte_els_p512_data_width_p64_23)    0.000    0.000 3.56e+06    3.559   0.0
          data_mem_2__data_mem (bsg_mem_1rw_sync_mask_write_byte_els_p512_data_width_p64_22)    0.000    0.000 3.56e+06    3.559   0.0
          data_mem_3__data_mem (bsg_mem_1rw_sync_mask_write_byte_els_p512_data_width_p64_21)    0.000    0.000 3.61e+06    3.611   0.0
          data_mem_4__data_mem (bsg_mem_1rw_sync_mask_write_byte_els_p512_data_width_p64_20)    0.000    0.000 3.65e+06    3.652   0.0
          data_mem_5__data_mem (bsg_mem_1rw_sync_mask_write_byte_els_p512_data_width_p64_19)    0.000    0.000 3.77e+06    3.768   0.0
          data_mem_6__data_mem (bsg_mem_1rw_sync_mask_write_byte_els_p512_data_width_p64_18)    0.000    0.000 3.56e+06    3.559   0.0
          data_mem_7__data_mem (bsg_mem_1rw_sync_mask_write_byte_els_p512_data_width_p64_17)    0.000    0.000 3.66e+06    3.664   0.0
          pe_load_hit (bsg_priority_encode_width_p8_lo_to_hi_p1_12)    0.000    0.000 2.04e+06    2.040   0.0
            a (bsg_priority_encode_one_hot_out_width_p8_lo_to_hi_p1_12)    0.000    0.000 1.02e+06    1.020   0.0
              genblk1_scan (bsg_scan_width_p8_or_p1_lo_to_hi_p1_12)    0.000    0.000 6.03e+05    0.603   0.0
            b (bsg_encode_one_hot_width_p8_lo_to_hi_p1_15)    0.000    0.000 1.02e+06    1.020   0.0
              aligned_left (bsg_encode_one_hot_width_p4_53)    0.000    0.000 3.96e+05    0.396   0.0
                aligned_left (bsg_encode_one_hot_width_p2_105)    0.000    0.000 1.40e+05    0.140   0.0
                  aligned_left (bsg_encode_one_hot_width_p1_205)    0.000    0.000 4.07e+04 4.07e-02   0.0
                  aligned_right (bsg_encode_one_hot_width_p1_204)    0.000    0.000 4.07e+04 4.07e-02   0.0
                aligned_right (bsg_encode_one_hot_width_p2_104)    0.000    0.000 1.40e+05    0.140   0.0
                  aligned_left (bsg_encode_one_hot_width_p1_203)    0.000    0.000 4.07e+04 4.07e-02   0.0
                  aligned_right (bsg_encode_one_hot_width_p1_202)    0.000    0.000 4.07e+04 4.07e-02   0.0
              aligned_right (bsg_encode_one_hot_width_p4_52)    0.000    0.000 4.49e+05    0.449   0.0
                aligned_left (bsg_encode_one_hot_width_p2_103)    0.000    0.000 1.40e+05    0.140   0.0
                  aligned_left (bsg_encode_one_hot_width_p1_201)    0.000    0.000 4.07e+04 4.07e-02   0.0
                  aligned_right (bsg_encode_one_hot_width_p1_200)    0.000    0.000 4.07e+04 4.07e-02   0.0
                aligned_right (bsg_encode_one_hot_width_p2_102)    0.000    0.000 1.92e+05    0.192   0.0
                  aligned_left (bsg_encode_one_hot_width_p1_199)    0.000    0.000 4.07e+04 4.07e-02   0.0
                  aligned_right (bsg_encode_one_hot_width_p1_198)    0.000    0.000 4.07e+04 4.07e-02   0.0
          pe_store_hit (bsg_priority_encode_width_p8_lo_to_hi_p1_11)    0.000    0.000 2.06e+06    2.059   0.0
            a (bsg_priority_encode_one_hot_out_width_p8_lo_to_hi_p1_11)    0.000    0.000 9.87e+05    0.987   0.0
              genblk1_scan (bsg_scan_width_p8_or_p1_lo_to_hi_p1_11)    0.000    0.000 5.54e+05    0.554   0.0
            b (bsg_encode_one_hot_width_p8_lo_to_hi_p1_14)    0.000    0.000 1.07e+06    1.072   0.0
              aligned_left (bsg_encode_one_hot_width_p4_51)    0.000    0.000 3.96e+05    0.396   0.0
                aligned_left (bsg_encode_one_hot_width_p2_101)    0.000    0.000 1.40e+05    0.140   0.0
                  aligned_left (bsg_encode_one_hot_width_p1_197)    0.000    0.000 4.07e+04 4.07e-02   0.0
                  aligned_right (bsg_encode_one_hot_width_p1_196)    0.000    0.000 4.07e+04 4.07e-02   0.0
                aligned_right (bsg_encode_one_hot_width_p2_100)    0.000    0.000 1.40e+05    0.140   0.0
                  aligned_left (bsg_encode_one_hot_width_p1_195)    0.000    0.000 4.07e+04 4.07e-02   0.0
                  aligned_right (bsg_encode_one_hot_width_p1_194)    0.000    0.000 4.07e+04 4.07e-02   0.0
              aligned_right (bsg_encode_one_hot_width_p4_50)    0.000    0.000 5.01e+05    0.501   0.0
                aligned_left (bsg_encode_one_hot_width_p2_99)    0.000    0.000 1.40e+05    0.140   0.0
                  aligned_left (bsg_encode_one_hot_width_p1_193)    0.000    0.000 4.07e+04 4.07e-02   0.0
                  aligned_right (bsg_encode_one_hot_width_p1_192)    0.000    0.000 4.07e+04 4.07e-02   0.0
                aligned_right (bsg_encode_one_hot_width_p2_98)    0.000    0.000 1.92e+05    0.192   0.0
                  aligned_left (bsg_encode_one_hot_width_p1_191)    0.000    0.000 4.07e+04 4.07e-02   0.0
                  aligned_right (bsg_encode_one_hot_width_p1_190)    0.000    0.000 4.07e+04 4.07e-02   0.0
          wbuf (bp_be_dcache_wbuf_data_width_p64_paddr_width_p40_ways_p8_sets_p64_0)    2.959  946.244 9.15e+07 1.04e+03   1.8
            wbq (bp_be_dcache_wbuf_queue_width_p115_0) 5.00e-03  713.169 4.98e+07  763.024   1.3
            mux_segmented_merge0 (bsg_mux_segmented_segments_p8_segment_width_p8_5)    0.000    0.000 5.33e+06    5.331   0.0
            mux_segmented_merge1 (bsg_mux_segmented_segments_p8_segment_width_p8_4)    0.000    0.000 5.33e+06    5.331   0.0
          stat_mem (bsg_mem_1rw_sync_mask_write_bit_width_p15_els_p64_0)   10.629  162.608 8.39e+06  181.631   0.3
          lru_encoder (bsg_lru_pseudo_tree_encode_ways_p8_7)    1.124    0.959 2.08e+05    2.291   0.0
            rank_1__nz_mux (bsg_mux_width_p1_els_p2_7)    0.479    0.246 8.33e+04    0.808   0.0
            rank_2__nz_mux (bsg_mux_width_p1_els_p4_7)    0.430    0.547 8.42e+04    1.061   0.0
          pe_invalid (bsg_priority_encode_width_p8_lo_to_hi_p1_10)    0.000    0.000 1.46e+06    1.458   0.0
            a (bsg_priority_encode_one_hot_out_width_p8_lo_to_hi_p1_10)    0.000    0.000 5.65e+05    0.565   0.0
              genblk1_scan (bsg_scan_width_p8_or_p1_lo_to_hi_p1_10)    0.000    0.000 1.55e+05    0.155   0.0
            b (bsg_encode_one_hot_width_p8_lo_to_hi_p1_13)    0.000    0.000 8.94e+05    0.894   0.0
              aligned_left (bsg_encode_one_hot_width_p4_49)    0.000    0.000 3.47e+05    0.347   0.0
                aligned_left (bsg_encode_one_hot_width_p2_97)    0.000    0.000 1.15e+05    0.115   0.0
                  aligned_left (bsg_encode_one_hot_width_p1_189)    0.000    0.000 4.07e+04 4.07e-02   0.0
                  aligned_right (bsg_encode_one_hot_width_p1_188)    0.000    0.000 4.07e+04 4.07e-02   0.0
                aligned_right (bsg_encode_one_hot_width_p2_96)    0.000    0.000 1.40e+05    0.140   0.0
                  aligned_left (bsg_encode_one_hot_width_p1_187)    0.000    0.000 4.07e+04 4.07e-02   0.0
                  aligned_right (bsg_encode_one_hot_width_p1_186)    0.000    0.000 4.07e+04 4.07e-02   0.0
              aligned_right (bsg_encode_one_hot_width_p4_48)    0.000    0.000 3.96e+05    0.396   0.0
                aligned_left (bsg_encode_one_hot_width_p2_95)    0.000    0.000 1.40e+05    0.140   0.0
                  aligned_left (bsg_encode_one_hot_width_p1_185)    0.000    0.000 4.07e+04 4.07e-02   0.0
                  aligned_right (bsg_encode_one_hot_width_p1_184)    0.000    0.000 4.07e+04 4.07e-02   0.0
                aligned_right (bsg_encode_one_hot_width_p2_94)    0.000    0.000 1.40e+05    0.140   0.0
                  aligned_left (bsg_encode_one_hot_width_p1_183)    0.000    0.000 4.07e+04 4.07e-02   0.0
                  aligned_right (bsg_encode_one_hot_width_p1_182)    0.000    0.000 4.07e+04 4.07e-02   0.0
          cache_req_v_reg (bsg_dff_reset_width_p1_13)    0.000    3.382 1.53e+05    3.534   0.0
          cache_miss_tracker (bsg_dff_reset_en_width_p1_reset_val_p0_3)    0.000    3.397 1.91e+05    3.588   0.0
          cache_miss_detect (bsg_edge_detect_falling_not_rising_p1_0) 3.61e-04    3.382 2.13e+05    3.596   0.0
            sig_reg (bsg_dff_reset_width_p1_12)    0.000    3.382 1.53e+05    3.534   0.0
          lock_counter (bsg_counter_clear_up_max_val_p8_init_val_p0_disable_overflow_warning_p1_0)    0.121   13.632 9.22e+05   14.676   0.0
          ld_data_set_select_mux (bsg_mux_width_p64_els_p8_3)    0.000    0.000 1.87e+07   18.744   0.0
          bypass_mux_segmented (bsg_mux_segmented_segments_p8_segment_width_p8_3)    0.000    0.000 5.33e+06    5.331   0.0
          final_data_mux (bsg_mux_width_p64_els_p2_3)    0.000    0.000 5.41e+06    5.413   0.0
          output64_word_mux (bsg_mux_width_p32_els_p2_0)    0.000    0.000 2.67e+06    2.666   0.0
          output64_half_mux (bsg_mux_width_p16_els_p4_0)    0.000 5.73e-05 2.07e+06    2.066   0.0
          output64_byte_mux (bsg_mux_width_p8_els_p8_0) 4.60e-04 8.67e-04 2.55e+06    2.549   0.0
          wbuf_data_mem_v_decode (bsg_decode_num_out_p8_7)    0.000    0.000 3.22e+05    0.322   0.0
          write_mux_butterfly (bsg_mux_butterfly_width_p64_els_p8_7)    0.000    0.000 1.29e+08  129.415   0.2
            mux_stage_0__mux_swap_0__swap_inst (bsg_swap_width_p64_24)    0.000    0.000 1.07e+07   10.703   0.0
            mux_stage_0__mux_swap_1__swap_inst (bsg_swap_width_p64_23)    0.000    0.000 1.07e+07   10.662   0.0
            mux_stage_0__mux_swap_2__swap_inst (bsg_swap_width_p64_22)    0.000    0.000 1.07e+07   10.662   0.0
            mux_stage_0__mux_swap_3__swap_inst (bsg_swap_width_p64_21)    0.000    0.000 1.07e+07   10.662   0.0
            mux_stage_1__mux_swap_0__swap_inst (bsg_swap_width_p128_12)    0.000    0.000 2.13e+07   21.325   0.0
            mux_stage_1__mux_swap_1__swap_inst (bsg_swap_width_p128_11)    0.000    0.000 2.14e+07   21.366   0.0
            mux_stage_2__mux_swap_0__swap_inst (bsg_swap_width_p256_6)    0.000    0.000 4.31e+07   43.098   0.1
          lce_tag_mem_way_decode (bsg_decode_num_out_p8_6)    0.000    0.000 2.71e+05    0.271   0.0
          lru_decode (bsg_lru_pseudo_tree_decode_ways_p8_7)    0.000    0.000 4.56e+05    0.456   0.0
          dirty_mask_decode (bsg_decode_with_v_num_out_p8_0)    0.000    0.000 7.63e+05    0.763   0.0
            bd (bsg_decode_num_out_p8_5)    0.000    0.000 3.22e+05    0.322   0.0
          read_mux_butterfly (bsg_mux_butterfly_width_p64_els_p8_6)    0.000    0.000 1.29e+08  129.293   0.2
            mux_stage_0__mux_swap_0__swap_inst (bsg_swap_width_p64_20)    0.000    0.000 1.07e+07   10.662   0.0
            mux_stage_0__mux_swap_1__swap_inst (bsg_swap_width_p64_19)    0.000    0.000 1.07e+07   10.662   0.0
            mux_stage_0__mux_swap_2__swap_inst (bsg_swap_width_p64_18)    0.000    0.000 1.07e+07   10.662   0.0
            mux_stage_0__mux_swap_3__swap_inst (bsg_swap_width_p64_17)    0.000    0.000 1.07e+07   10.662   0.0
            mux_stage_1__mux_swap_0__swap_inst (bsg_swap_width_p128_10)    0.000    0.000 2.13e+07   21.325   0.0
            mux_stage_1__mux_swap_1__swap_inst (bsg_swap_width_p128_9)    0.000    0.000 2.13e+07   21.325   0.0
            mux_stage_2__mux_swap_0__swap_inst (bsg_swap_width_p256_5)    0.000    0.000 4.32e+07   43.179   0.1
  uce_0__uce (bp_uce_02_2)               12.469  197.938 4.45e+07  254.870   0.4
    cache_req_reg (bsg_dff_reset_en_width_p110_2)    1.459  133.487 7.20e+06  142.148   0.2
    metadata_reg (bsg_dff_en_bypass_width_p4_2) 8.20e-05    9.630 8.35e+05   10.465   0.0
      dff (bsg_dff_en_width_p4_harden_p0_strength_p0_2) 6.68e-05    9.630 5.85e+05   10.215   0.0
    metadata_v_reg (bsg_dff_en_bypass_width_p1_2) 6.27e-05    3.393 1.98e+05    3.591   0.0
      dff (bsg_dff_en_width_p1_harden_p0_strength_p0_2) 6.27e-05    3.393 1.98e+05    3.591   0.0
    index_counter (bsg_counter_set_down_width_p6_2)    4.201   32.166 1.52e+06   37.886   0.1
  uce_1__uce (bp_uce_02_3)              201.595 2.14e+03 1.70e+08 2.51e+03   4.3
    cache_req_reg (bsg_dff_reset_en_width_p110_3)    3.771  341.457 1.82e+07  363.452   0.6
    metadata_reg (bsg_dff_en_bypass_width_p4_3)    0.000   13.282 1.11e+06   14.393   0.0
      dff (bsg_dff_en_width_p4_harden_p0_strength_p0_3)    0.000   13.279 7.77e+05   14.057   0.0
    metadata_v_reg (bsg_dff_en_bypass_width_p1_3)    0.000    3.377 1.94e+05    3.572   0.0
      dff (bsg_dff_en_width_p1_harden_p0_strength_p0_3)    0.000    3.377 1.94e+05    3.572   0.0
    dirty_data_reg (bsg_dff_en_bypass_width_p512_1)  188.102 1.63e+03 1.01e+08 1.92e+03   3.3
      dff (bsg_dff_en_width_p512_harden_p0_strength_p0_1)  188.102 1.63e+03 1.00e+08 1.92e+03   3.2
    dirty_tag_reg (bsg_dff_en_bypass_width_p28_1)    0.000   94.953 7.81e+06  102.766   0.2
      dff (bsg_dff_en_width_p28_harden_p0_strength_p0_1)    0.000   94.874 5.44e+06  100.314   0.2
    index_counter (bsg_counter_set_down_width_p6_3)    3.927   32.961 1.52e+06   38.407   0.1
  clint (bp_clint_slice_buffered_02_0)   91.351 2.00e+03 1.57e+08 2.25e+03   3.8
    clint_slice (bp_clint_slice_02_0)    12.788  479.156 4.59e+07  537.799   0.9
      bsg_rtc_strobe (bsg_strobe_width_p5_0)    3.902   45.796 2.07e+06   51.765   0.1
        C_reg (bsg_dff_width_p4_harden_p0_strength_p2_0)    0.695   14.512 4.75e+05   15.683   0.0
        xnor_S_n (bsg_xnor_width_p5_harden_p1_0)    0.284    3.710 3.31e+05    4.325   0.0
        muxi2_S_n (bsg_muxi2_gatestack_width_p5_harden_p1_0)    0.544    0.609 1.56e+05    1.309   0.0
        S_reg (bsg_dff_width_p5_harden_p0_strength_p4_0)    0.847   21.467 6.62e+05   22.976   0.0
        nand_C_n (bsg_nand_width_p5_harden_p1_0)    0.436    0.290 4.87e+04    0.774   0.0
        nor3_C_n (bsg_nor3_width_p4_harden_p1_0)    0.326    0.890 8.25e+04    1.298   0.0
        andr (bsg_reduce_width_p5_and_p1_harden_p1_0) 7.15e-02    0.261 1.07e+05    0.439   0.0
        strobe_buf_gate (bsg_buf_width_p1_0)    0.301    0.134 4.07e+04    0.475   0.0
      mtime_counter (bsg_counter_set_en_lg_max_val_lp64_reset_val_p0_0)    6.546  215.073 1.84e+07  240.045   0.4
        add_x_1 (bsg_counter_set_en_lg_max_val_lp64_reset_val_p0_DW01_inc_0_0) 4.85e-02    0.208 7.39e+06    7.650   0.0
      mtimecmp_reg (bsg_dff_reset_en_width_p64_0)    2.200  211.706 1.07e+07  224.594   0.4
      mipi_reg (bsg_dff_reset_en_width_p1_7)    0.000    3.218 1.91e+05    3.408   0.0
      plic_reg (bsg_dff_reset_en_width_p1_13)    0.000    3.218 1.91e+05    3.408   0.0
      gte_x_5 (bp_clint_slice_02_DW_cmp_J25_0_0) 5.73e-02 5.89e-02 7.80e+06    7.915   0.0
    cmd_buffer (bsg_two_fifo_width_p570_2) 5.62e-03  748.050 5.49e+07  802.993   1.4
      mem_1r1w (bsg_mem_1r1w_width_p570_els_p2_read_write_same_addr_p0_2) 2.44e-04  734.993 5.40e+07  789.017   1.3
        synth (bsg_mem_1r1w_synth_width_p570_els_p2_read_write_same_addr_p0_harden_p0_2) 2.44e-04  734.993 5.40e+07  789.017   1.3
    resp_buffer (bsg_two_fifo_width_p570_3) 1.10e-03  770.323 5.57e+07  826.030   1.4
      mem_1r1w (bsg_mem_1r1w_width_p570_els_p2_read_write_same_addr_p0_3)    0.000  757.076 5.48e+07  811.909   1.4
        synth (bsg_mem_1r1w_synth_width_p570_els_p2_read_write_same_addr_p0_harden_p0_3)    0.000  757.076 5.48e+07  811.909   1.4
  fifo_0__mem_fifo (bsg_one_fifo_width_p570_2) 8.44e-03  151.730 9.70e+06  161.435   0.3
    dff_full (bsg_dff_reset_width_p1_11) 2.73e-04    3.125 1.53e+05    3.278   0.0
    dff (bsg_dff_en_width_p570_harden_p0_2) 4.12e-04  148.604 9.34e+06  157.943   0.3
  fifo_1__mem_fifo (bsg_one_fifo_width_p570_3)    0.000  354.352 2.26e+07  376.913   0.6
    dff_full (bsg_dff_reset_width_p1_21)    0.000    3.095 1.53e+05    3.247   0.0
    dff (bsg_dff_en_width_p570_harden_p0_3)    0.000  351.257 2.22e+07  373.485   0.6
  mem_arbiter (bsg_arb_fixed_inputs_p2_lo_to_hi_p0_0) 1.72e-04 8.60e-03 2.24e+05    0.232   0.0
    enc (bsg_priority_encode_one_hot_out_width_p2_lo_to_hi_p0_0) 1.72e-04 3.45e-04 1.19e+05    0.120   0.0
      genblk1_scan (bsg_scan_width_p2_or_p1_lo_to_hi_p0_0) 5.60e-05 2.31e-04 5.84e+04 5.86e-02   0.0
1
