 
****************************************
Report : area
Design : bp_softcore
Version: M-2016.12-SP5-3
Date   : Tue Mar 17 20:18:19 2020
****************************************

Library(s) Used:

    saed90nm_typ (File: /home/projects/vlsi/common/ee477/kits/wi18/saed-90nm/stdview/stdcells.db)
    saed90_248x64_1P_bit (File: /home/weberlo/final-project/ee477-chip/memories/saed90_248x64_1P_bit/saed90_248x64_1P_bit.db)
    saed90_8x64_1P_bit (File: /home/weberlo/final-project/ee477-chip/memories/saed90_8x64_1P_bit/saed90_8x64_1P_bit.db)
    saed90_64x32_2P (File: /home/weberlo/final-project/ee477-chip/memories/saed90_64x32_2P/saed90_64x32_2P.db)
    saed90_16x64_1P_bit (File: /home/weberlo/final-project/ee477-chip/memories/saed90_16x64_1P_bit/saed90_16x64_1P_bit.db)

Number of ports:                         2292
Number of nets:                          9259
Number of cells:                         2492
Number of combinational cells:           2485
Number of sequential cells:                 0
Number of macros/black boxes:               6
Number of buf/inv:                       1235
Number of references:                      31

Combinational area:             429282.204690
Buf/Inv area:                    46667.059953
Noncombinational area:          304483.733829
Macro/Black Box area:           319291.395874
Net Interconnect area:          236983.976428

Total cell area:               1053057.334393
Total area:                    1290041.310821

Hierarchical area distribution
------------------------------

                                  Global cell area                  Local cell area
                                  ---------------------  ------------------------------------- 
Hierarchical cell                 Absolute      Percent  Combi-       Noncombi-    Black-
                                  Total         Total    national     national     boxes        Design
--------------------------------  ------------  -------  -----------  -----------  -----------  -------------------------------------------------------------------------
bp_softcore                       1053057.3344    100.0   22383.8206       0.0000       0.0000  bp_softcore
clint                               29441.4336      2.8      14.7456       0.0000       0.0000  bp_clint_slice_buffered_02_0
clint/clint_slice                    9925.6320      0.9    1345.5360       0.0000       0.0000  bp_clint_slice_02_0
clint/clint_slice/bsg_rtc_strobe      444.2112      0.0       7.3728      24.8832       0.0000  bsg_strobe_width_p5_0
clint/clint_slice/bsg_rtc_strobe/C_reg      99.5328     0.0      0.0000     99.5328      0.0000 bsg_dff_width_p4_harden_p0_strength_p2_0
clint/clint_slice/bsg_rtc_strobe/S_reg     124.4160     0.0      0.0000    124.4160      0.0000 bsg_dff_width_p5_harden_p0_strength_p4_0
clint/clint_slice/bsg_rtc_strobe/andr      16.5888     0.0     16.5888      0.0000      0.0000  bsg_reduce_width_p5_and_p1_harden_p1_0
clint/clint_slice/bsg_rtc_strobe/muxi2_S_n      49.7664     0.0     49.7664      0.0000      0.0000 bsg_muxi2_gatestack_width_p5_harden_p1_0
clint/clint_slice/bsg_rtc_strobe/nand_C_n      22.1184     0.0     22.1184      0.0000      0.0000 bsg_nand_width_p5_harden_p1_0
clint/clint_slice/bsg_rtc_strobe/nor3_C_n      33.1776     0.0     33.1776      0.0000      0.0000 bsg_nor3_width_p4_harden_p1_0
clint/clint_slice/bsg_rtc_strobe/strobe_buf_gate       5.5296     0.0      5.5296      0.0000      0.0000 bsg_buf_width_p1_0
clint/clint_slice/bsg_rtc_strobe/xnor_S_n      60.8256     0.0     60.8256      0.0000      0.0000 bsg_xnor_width_p5_harden_p1_0
clint/clint_slice/gte_x_5            1796.1984      0.2    1796.1984       0.0000       0.0000  bp_clint_slice_02_DW_cmp_J25_0_0
clint/clint_slice/mipi_reg             43.3152      0.0      18.4320      24.8832       0.0000  bsg_dff_reset_en_width_p1_7
clint/clint_slice/mtime_counter      3866.1120      0.4    1006.3872    1592.5248       0.0000  bsg_counter_set_en_lg_max_val_lp64_reset_val_p0_0
clint/clint_slice/mtime_counter/add_x_1    1267.2000     0.1   1267.2000      0.0000      0.0000 bsg_counter_set_en_lg_max_val_lp64_reset_val_p0_DW01_inc_0_0
clint/clint_slice/mtimecmp_reg       2386.9440      0.2     794.4192    1592.5248       0.0000  bsg_dff_reset_en_width_p64_0
clint/clint_slice/plic_reg             43.3152      0.0      18.4320      24.8832       0.0000  bsg_dff_reset_en_width_p1_13
clint/cmd_buffer                     9700.7616      0.9     101.3760      99.5328       0.0000  bsg_two_fifo_width_p570_2
clint/cmd_buffer/mem_1r1w            9499.8528      0.9       0.0000       0.0000       0.0000  bsg_mem_1r1w_width_p570_els_p2_read_write_same_addr_p0_2
clint/cmd_buffer/mem_1r1w/synth      9499.8528      0.9    3826.4833    5673.3695       0.0000  bsg_mem_1r1w_synth_width_p570_els_p2_read_write_same_addr_p0_harden_p0_2
clint/resp_buffer                    9800.2944      0.9      95.8464      99.5328       0.0000  bsg_two_fifo_width_p570_3
clint/resp_buffer/mem_1r1w           9604.9152      0.9       0.0000       0.0000       0.0000  bsg_mem_1r1w_width_p570_els_p2_read_write_same_addr_p0_3
clint/resp_buffer/mem_1r1w/synth     9604.9152      0.9    3931.5457    5673.3695       0.0000  bsg_mem_1r1w_synth_width_p570_els_p2_read_write_same_addr_p0_harden_p0_3
core                               957423.8244     90.9     233.1648       0.0000       0.0000  bp_core_minimal_02_0
core/be                            480168.9621     45.6     595.3536       0.0000       0.0000  bp_be_top_02_0
core/be/be_calculator               71324.4673      6.8     338.2272       0.0000       0.0000  bp_be_calculator_top_02_0
core/be/be_calculator/calc_stage_reg    8053.8623     0.8     16.5888   8037.2735       0.0000  bsg_dff_width_p415_0
core/be/be_calculator/comp_stage_mux    1552.8960     0.1   1552.8960      0.0000       0.0000  bsg_mux_segmented_segments_p5_segment_width_p64_0
core/be/be_calculator/comp_stage_reg    4777.5743     0.5      0.0000   4777.5743       0.0000  bsg_dff_width_p320_0
core/be/be_calculator/exc_stage_reg     508.7232     0.0     11.0592     497.6640       0.0000  bsg_dff_width_p25_0
core/be/be_calculator/int_bypass     5974.7328      0.6     647.8848       0.0000       0.0000  bp_be_bypass_fwd_els_p4_0
core/be/be_calculator/int_bypass/bypass_match_one_hot_rs1      46.0800     0.0     23.9616      0.0000      0.0000 bsg_priority_encode_one_hot_out_width_p5_lo_to_hi_p1_2
core/be/be_calculator/int_bypass/bypass_match_one_hot_rs1/genblk1_scan      22.1184     0.0     22.1184      0.0000      0.0000 bsg_scan_width_p5_or_p1_lo_to_hi_p1_2
core/be/be_calculator/int_bypass/bypass_match_one_hot_rs2      46.0800     0.0     23.9616      0.0000      0.0000 bsg_priority_encode_one_hot_out_width_p5_lo_to_hi_p1_3
core/be/be_calculator/int_bypass/bypass_match_one_hot_rs2/genblk1_scan      22.1184     0.0     22.1184      0.0000      0.0000 bsg_scan_width_p5_or_p1_lo_to_hi_p1_3
core/be/be_calculator/int_bypass/bypass_rs1_crossbar    2617.3440     0.2      0.0000      0.0000      0.0000 bsg_crossbar_o_by_i_i_els_p5_o_els_p1_width_p64_2
core/be/be_calculator/int_bypass/bypass_rs1_crossbar/genblk1_0__mux_one_hot    2617.3440     0.2   2617.3440      0.0000      0.0000 bsg_mux_one_hot_width_p64_els_p5_2
core/be/be_calculator/int_bypass/bypass_rs2_crossbar    2617.3440     0.2      0.0000      0.0000      0.0000 bsg_crossbar_o_by_i_i_els_p5_o_els_p1_width_p64_3
core/be/be_calculator/int_bypass/bypass_rs2_crossbar/genblk1_0__mux_one_hot    2617.3440     0.2   2617.3440      0.0000      0.0000 bsg_mux_one_hot_width_p64_els_p5_3
core/be/be_calculator/pipe_int      34829.1076      3.3    3038.5153       0.0000       0.0000  bp_be_pipe_int_vaddr_width_p39_0
core/be/be_calculator/pipe_int/add_x_1     573.2352     0.1    573.2352      0.0000      0.0000 bp_be_pipe_int_vaddr_width_p39_DW01_add_J14_1_0
core/be/be_calculator/pipe_int/add_x_6    1412.8128     0.1   1412.8128      0.0000      0.0000 bp_be_pipe_int_vaddr_width_p39_DW01_add_1_0
core/be/be_calculator/pipe_int/alu   29804.5443     2.8   17524.2242       0.0000       0.0000  bp_be_int_alu_0
core/be/be_calculator/pipe_int/alu/DP_OP_38_134_1409    3738.9312     0.4   3738.9312      0.0000      0.0000 bp_be_int_alu_DP_OP_38_134_1409_2_0
core/be/be_calculator/pipe_int/alu/DP_OP_41J30_125_155    1384.2432     0.1   1384.2432      0.0000      0.0000 bp_be_int_alu_DP_OP_41J30_125_155_J30_0_0
core/be/be_calculator/pipe_int/alu/gte_x_12    1788.8256     0.2   1788.8256      0.0000      0.0000 bp_be_int_alu_DW_cmp_J30_0_0
core/be/be_calculator/pipe_int/alu/gte_x_8    1788.8256     0.2   1788.8256      0.0000      0.0000 bp_be_int_alu_DW_cmp_J30_2_0
core/be/be_calculator/pipe_int/alu/lt_x_11    1789.7472     0.2   1789.7472      0.0000      0.0000 bp_be_int_alu_DW_cmp_J30_1_0
core/be/be_calculator/pipe_int/alu/lt_x_7    1789.7472     0.2   1789.7472      0.0000      0.0000 bp_be_int_alu_DW_cmp_J30_3_0
core/be/be_calculator/pipe_mem       8757.0432      0.8    2288.3328       0.0000       0.0000  bp_be_pipe_mem_02_0
core/be/be_calculator/pipe_mem/add_x_2    1156.6080     0.1   1156.6080      0.0000      0.0000 bp_be_pipe_mem_02_DW01_add_J32_0_0
core/be/be_calculator/pipe_mem/csr_shift_reg    5312.1023     0.5   1231.2576   4080.8447      0.0000 bsg_shift_reg_width_p81_stages_p2_0
core/be/be_calculator/reservation_reg    6532.3007     0.6     12.9024   6519.3983      0.0000  bsg_dff_width_p295_0
core/be/be_checker                  50662.6048      4.8       5.5296       0.0000       0.0000  bp_be_checker_top_02_0
core/be/be_checker/detector           405.5040      0.0     405.5040       0.0000       0.0000  bp_be_detector_02_0
core/be/be_checker/director          6702.7968      0.6    3650.4576      49.7664       0.0000  bp_be_director_02_0
core/be/be_checker/director/attaboy_pending_reg      43.3152     0.0     18.4320     24.8832      0.0000 bsg_dff_reset_en_width_p1_11
core/be/be_checker/director/exception_mux     431.3088     0.0    431.3088      0.0000      0.0000 bsg_mux_width_p39_els_p2_7
core/be/be_checker/director/init_mux     215.6544     0.0    215.6544      0.0000       0.0000  bsg_mux_width_p39_els_p2_4
core/be/be_checker/director/npc      1457.0496      0.1     486.6048     970.4448       0.0000  bsg_dff_reset_en_39_80000000_0
core/be/be_checker/director/ret_mux     423.9360     0.0    423.9360       0.0000       0.0000  bsg_mux_width_p39_els_p2_5
core/be/be_checker/director/roll_mux     431.3088     0.0    431.3088      0.0000       0.0000  bsg_mux_width_p39_els_p2_6
core/be/be_checker/scheduler        43548.7744      4.1    2827.4688       0.0000       0.0000  bp_be_scheduler_02_0
core/be/be_checker/scheduler/instr_decoder    1347.3792     0.1   1347.3792      0.0000      0.0000 bp_be_instr_decoder_0
core/be/be_checker/scheduler/int_regfile   33030.5537     3.1   2107.6992      0.0000      0.0000 bp_be_regfile_02_0
core/be/be_checker/scheduler/int_regfile/rf   28845.5681     2.7    714.2400      0.0000  28131.3281 bsg_mem_2r1w_sync_width_p64_els_p32_0
core/be/be_checker/scheduler/int_regfile/rs_addr_reg     385.2288     0.0    136.3968    248.8320      0.0000 bsg_dff_reset_en_width_p10_0
core/be/be_checker/scheduler/int_regfile/rw_fwd_reg    1692.0576     0.2      0.0000   1692.0576      0.0000 bsg_dff_width_p68_0
core/be/be_checker/scheduler/issue_pkt_reg    6300.0575     0.6   2094.7967   4205.2607      0.0000 bsg_dff_reset_en_width_p173_0
core/be/be_checker/scheduler/issue_status_reg      43.3152     0.0     18.4320     24.8832      0.0000 bsg_dff_reset_en_width_p1_10
core/be/be_mem                     357586.5363     34.0    3473.5105     223.9488       0.0000  bp_be_mem_top_02_0
core/be/be_mem/csr                  55877.5293      5.3   27131.9040       0.0000       0.0000  bp_be_csr_02_0
core/be/be_mem/csr/add_x_7            734.5152      0.1     734.5152       0.0000       0.0000  bp_be_csr_02_DW01_inc_J1_0_0
core/be/be_mem/csr/add_x_8           1025.7408      0.1    1025.7408       0.0000       0.0000  bp_be_csr_02_DW01_add_0_0
core/be/be_mem/csr/dcsr_reg           290.3040      0.0      66.3552     223.9488       0.0000  bsg_dff_reset_width_p11_0
core/be/be_mem/csr/debug_mode_reg      35.9424      0.0      11.0592      24.8832       0.0000  bsg_dff_reset_width_p1_17
core/be/be_mem/csr/dpc_reg           1322.4960      0.1     302.2848    1020.2112       0.0000  bsg_dff_reset_width_p41_6
core/be/be_mem/csr/m_interrupt_enc     493.9776     0.0       0.0000       0.0000       0.0000  bsg_priority_encode_width_p16_lo_to_hi_p1_5
core/be/be_mem/csr/m_interrupt_enc/a     221.1840     0.0    129.0240      0.0000       0.0000  bsg_priority_encode_one_hot_out_width_p16_lo_to_hi_p1_5
core/be/be_mem/csr/m_interrupt_enc/a/genblk1_scan      92.1600     0.0     92.1600      0.0000      0.0000 bsg_scan_width_p16_or_p1_lo_to_hi_p1_5
core/be/be_mem/csr/m_interrupt_enc/b     272.7936     0.0     29.4912      0.0000       0.0000  bsg_encode_one_hot_width_p16_lo_to_hi_p1_5
core/be/be_mem/csr/m_interrupt_enc/b/aligned_left     117.9648     0.0     22.1184      0.0000      0.0000 bsg_encode_one_hot_width_p8_10
core/be/be_mem/csr/m_interrupt_enc/b/aligned_left/aligned_left      44.2368     0.0     14.7456      0.0000      0.0000 bsg_encode_one_hot_width_p4_41
core/be/be_mem/csr/m_interrupt_enc/b/aligned_left/aligned_left/aligned_left      11.0592     0.0      5.5296      0.0000      0.0000 bsg_encode_one_hot_width_p2_81
core/be/be_mem/csr/m_interrupt_enc/b/aligned_left/aligned_left/aligned_left/aligned_right       5.5296     0.0      5.5296      0.0000      0.0000 bsg_encode_one_hot_width_p1_157
core/be/be_mem/csr/m_interrupt_enc/b/aligned_left/aligned_left/aligned_right      18.4320     0.0      7.3728      0.0000      0.0000 bsg_encode_one_hot_width_p2_80
core/be/be_mem/csr/m_interrupt_enc/b/aligned_left/aligned_left/aligned_right/aligned_left       5.5296     0.0      5.5296      0.0000      0.0000 bsg_encode_one_hot_width_p1_156
core/be/be_mem/csr/m_interrupt_enc/b/aligned_left/aligned_left/aligned_right/aligned_right       5.5296     0.0      5.5296      0.0000      0.0000 bsg_encode_one_hot_width_p1_155
core/be/be_mem/csr/m_interrupt_enc/b/aligned_left/aligned_right      51.6096     0.0     14.7456      0.0000      0.0000 bsg_encode_one_hot_width_p4_40
core/be/be_mem/csr/m_interrupt_enc/b/aligned_left/aligned_right/aligned_left      18.4320     0.0      7.3728      0.0000      0.0000 bsg_encode_one_hot_width_p2_79
core/be/be_mem/csr/m_interrupt_enc/b/aligned_left/aligned_right/aligned_left/aligned_left       5.5296     0.0      5.5296      0.0000      0.0000 bsg_encode_one_hot_width_p1_154
core/be/be_mem/csr/m_interrupt_enc/b/aligned_left/aligned_right/aligned_left/aligned_right       5.5296     0.0      5.5296      0.0000      0.0000 bsg_encode_one_hot_width_p1_153
core/be/be_mem/csr/m_interrupt_enc/b/aligned_left/aligned_right/aligned_right      18.4320     0.0      7.3728      0.0000      0.0000 bsg_encode_one_hot_width_p2_78
core/be/be_mem/csr/m_interrupt_enc/b/aligned_left/aligned_right/aligned_right/aligned_left       5.5296     0.0      5.5296      0.0000      0.0000 bsg_encode_one_hot_width_p1_152
core/be/be_mem/csr/m_interrupt_enc/b/aligned_left/aligned_right/aligned_right/aligned_right       5.5296     0.0      5.5296      0.0000      0.0000 bsg_encode_one_hot_width_p1_151
core/be/be_mem/csr/m_interrupt_enc/b/aligned_right     125.3376     0.0     22.1184      0.0000      0.0000 bsg_encode_one_hot_width_p8_9
core/be/be_mem/csr/m_interrupt_enc/b/aligned_right/aligned_left      51.6096     0.0     14.7456      0.0000      0.0000 bsg_encode_one_hot_width_p4_39
core/be/be_mem/csr/m_interrupt_enc/b/aligned_right/aligned_left/aligned_left      18.4320     0.0      7.3728      0.0000      0.0000 bsg_encode_one_hot_width_p2_77
core/be/be_mem/csr/m_interrupt_enc/b/aligned_right/aligned_left/aligned_left/aligned_left       5.5296     0.0      5.5296      0.0000      0.0000 bsg_encode_one_hot_width_p1_150
core/be/be_mem/csr/m_interrupt_enc/b/aligned_right/aligned_left/aligned_left/aligned_right       5.5296     0.0      5.5296      0.0000      0.0000 bsg_encode_one_hot_width_p1_149
core/be/be_mem/csr/m_interrupt_enc/b/aligned_right/aligned_left/aligned_right      18.4320     0.0      7.3728      0.0000      0.0000 bsg_encode_one_hot_width_p2_76
core/be/be_mem/csr/m_interrupt_enc/b/aligned_right/aligned_left/aligned_right/aligned_left       5.5296     0.0      5.5296      0.0000      0.0000 bsg_encode_one_hot_width_p1_148
core/be/be_mem/csr/m_interrupt_enc/b/aligned_right/aligned_left/aligned_right/aligned_right       5.5296     0.0      5.5296      0.0000      0.0000 bsg_encode_one_hot_width_p1_147
core/be/be_mem/csr/m_interrupt_enc/b/aligned_right/aligned_right      51.6096     0.0     14.7456      0.0000      0.0000 bsg_encode_one_hot_width_p4_38
core/be/be_mem/csr/m_interrupt_enc/b/aligned_right/aligned_right/aligned_left      18.4320     0.0      7.3728      0.0000      0.0000 bsg_encode_one_hot_width_p2_75
core/be/be_mem/csr/m_interrupt_enc/b/aligned_right/aligned_right/aligned_left/aligned_left       5.5296     0.0      5.5296      0.0000      0.0000 bsg_encode_one_hot_width_p1_146
core/be/be_mem/csr/m_interrupt_enc/b/aligned_right/aligned_right/aligned_left/aligned_right       5.5296     0.0      5.5296      0.0000      0.0000 bsg_encode_one_hot_width_p1_145
core/be/be_mem/csr/m_interrupt_enc/b/aligned_right/aligned_right/aligned_right      18.4320     0.0      7.3728      0.0000      0.0000 bsg_encode_one_hot_width_p2_74
core/be/be_mem/csr/m_interrupt_enc/b/aligned_right/aligned_right/aligned_right/aligned_left       5.5296     0.0      5.5296      0.0000      0.0000 bsg_encode_one_hot_width_p1_144
core/be/be_mem/csr/m_interrupt_enc/b/aligned_right/aligned_right/aligned_right/aligned_right       5.5296     0.0      5.5296      0.0000      0.0000 bsg_encode_one_hot_width_p1_143
core/be/be_mem/csr/mcause_exception_enc     531.7632     0.1      0.0000      0.0000      0.0000 bsg_priority_encode_width_p16_lo_to_hi_p1_3
core/be/be_mem/csr/mcause_exception_enc/a     249.7536     0.0    141.0048      0.0000      0.0000 bsg_priority_encode_one_hot_out_width_p16_lo_to_hi_p1_3
core/be/be_mem/csr/mcause_exception_enc/a/genblk1_scan     108.7488     0.0    108.7488      0.0000      0.0000 bsg_scan_width_p16_or_p1_lo_to_hi_p1_3
core/be/be_mem/csr/mcause_exception_enc/b     282.0096     0.0     29.4912      0.0000      0.0000 bsg_encode_one_hot_width_p16_lo_to_hi_p1_3
core/be/be_mem/csr/mcause_exception_enc/b/aligned_left     125.3376     0.0     22.1184      0.0000      0.0000 bsg_encode_one_hot_width_p8_6
core/be/be_mem/csr/mcause_exception_enc/b/aligned_left/aligned_left      51.6096     0.0     14.7456      0.0000      0.0000 bsg_encode_one_hot_width_p4_45
core/be/be_mem/csr/mcause_exception_enc/b/aligned_left/aligned_left/aligned_left      18.4320     0.0      7.3728      0.0000      0.0000 bsg_encode_one_hot_width_p2_89
core/be/be_mem/csr/mcause_exception_enc/b/aligned_left/aligned_left/aligned_left/aligned_left       5.5296     0.0      5.5296      0.0000      0.0000 bsg_encode_one_hot_width_p1_173
core/be/be_mem/csr/mcause_exception_enc/b/aligned_left/aligned_left/aligned_left/aligned_right       5.5296     0.0      5.5296      0.0000      0.0000 bsg_encode_one_hot_width_p1_172
core/be/be_mem/csr/mcause_exception_enc/b/aligned_left/aligned_left/aligned_right      18.4320     0.0      7.3728      0.0000      0.0000 bsg_encode_one_hot_width_p2_88
core/be/be_mem/csr/mcause_exception_enc/b/aligned_left/aligned_left/aligned_right/aligned_left       5.5296     0.0      5.5296      0.0000      0.0000 bsg_encode_one_hot_width_p1_171
core/be/be_mem/csr/mcause_exception_enc/b/aligned_left/aligned_left/aligned_right/aligned_right       5.5296     0.0      5.5296      0.0000      0.0000 bsg_encode_one_hot_width_p1_170
core/be/be_mem/csr/mcause_exception_enc/b/aligned_left/aligned_right      51.6096     0.0     14.7456      0.0000      0.0000 bsg_encode_one_hot_width_p4_44
core/be/be_mem/csr/mcause_exception_enc/b/aligned_left/aligned_right/aligned_left      18.4320     0.0      7.3728      0.0000      0.0000 bsg_encode_one_hot_width_p2_87
core/be/be_mem/csr/mcause_exception_enc/b/aligned_left/aligned_right/aligned_left/aligned_left       5.5296     0.0      5.5296      0.0000      0.0000 bsg_encode_one_hot_width_p1_169
core/be/be_mem/csr/mcause_exception_enc/b/aligned_left/aligned_right/aligned_left/aligned_right       5.5296     0.0      5.5296      0.0000      0.0000 bsg_encode_one_hot_width_p1_168
core/be/be_mem/csr/mcause_exception_enc/b/aligned_left/aligned_right/aligned_right      18.4320     0.0      7.3728      0.0000      0.0000 bsg_encode_one_hot_width_p2_86
core/be/be_mem/csr/mcause_exception_enc/b/aligned_left/aligned_right/aligned_right/aligned_left       5.5296     0.0      5.5296      0.0000      0.0000 bsg_encode_one_hot_width_p1_167
core/be/be_mem/csr/mcause_exception_enc/b/aligned_left/aligned_right/aligned_right/aligned_right       5.5296     0.0      5.5296      0.0000      0.0000 bsg_encode_one_hot_width_p1_166
core/be/be_mem/csr/mcause_exception_enc/b/aligned_right     127.1808     0.0     23.9616      0.0000      0.0000 bsg_encode_one_hot_width_p8_11
core/be/be_mem/csr/mcause_exception_enc/b/aligned_right/aligned_left      51.6096     0.0     14.7456      0.0000      0.0000 bsg_encode_one_hot_width_p4_43
core/be/be_mem/csr/mcause_exception_enc/b/aligned_right/aligned_left/aligned_left      18.4320     0.0      7.3728      0.0000      0.0000 bsg_encode_one_hot_width_p2_85
core/be/be_mem/csr/mcause_exception_enc/b/aligned_right/aligned_left/aligned_left/aligned_left       5.5296     0.0      5.5296      0.0000      0.0000 bsg_encode_one_hot_width_p1_165
core/be/be_mem/csr/mcause_exception_enc/b/aligned_right/aligned_left/aligned_left/aligned_right       5.5296     0.0      5.5296      0.0000      0.0000 bsg_encode_one_hot_width_p1_164
core/be/be_mem/csr/mcause_exception_enc/b/aligned_right/aligned_left/aligned_right      18.4320     0.0      7.3728      0.0000      0.0000 bsg_encode_one_hot_width_p2_84
core/be/be_mem/csr/mcause_exception_enc/b/aligned_right/aligned_left/aligned_right/aligned_left       5.5296     0.0      5.5296      0.0000      0.0000 bsg_encode_one_hot_width_p1_163
core/be/be_mem/csr/mcause_exception_enc/b/aligned_right/aligned_left/aligned_right/aligned_right       5.5296     0.0      5.5296      0.0000      0.0000 bsg_encode_one_hot_width_p1_162
core/be/be_mem/csr/mcause_exception_enc/b/aligned_right/aligned_right      51.6096     0.0     14.7456      0.0000      0.0000 bsg_encode_one_hot_width_p4_42
core/be/be_mem/csr/mcause_exception_enc/b/aligned_right/aligned_right/aligned_left      18.4320     0.0      7.3728      0.0000      0.0000 bsg_encode_one_hot_width_p2_83
core/be/be_mem/csr/mcause_exception_enc/b/aligned_right/aligned_right/aligned_left/aligned_left       5.5296     0.0      5.5296      0.0000      0.0000 bsg_encode_one_hot_width_p1_161
core/be/be_mem/csr/mcause_exception_enc/b/aligned_right/aligned_right/aligned_left/aligned_right       5.5296     0.0      5.5296      0.0000      0.0000 bsg_encode_one_hot_width_p1_160
core/be/be_mem/csr/mcause_exception_enc/b/aligned_right/aligned_right/aligned_right      18.4320     0.0      7.3728      0.0000      0.0000 bsg_encode_one_hot_width_p2_82
core/be/be_mem/csr/mcause_exception_enc/b/aligned_right/aligned_right/aligned_right/aligned_left       5.5296     0.0      5.5296      0.0000      0.0000 bsg_encode_one_hot_width_p1_159
core/be/be_mem/csr/mcause_exception_enc/b/aligned_right/aligned_right/aligned_right/aligned_right       5.5296     0.0      5.5296      0.0000      0.0000 bsg_encode_one_hot_width_p1_158
core/be/be_mem/csr/mcause_reg         161.2800      0.0      36.8640     124.4160       0.0000  bsg_dff_reset_width_p5_3
core/be/be_mem/csr/mcounteren_reg      64.5120      0.0      14.7456      49.7664       0.0000  bsg_dff_reset_width_p2_5
core/be/be_mem/csr/mcountinhibit_reg      64.5120     0.0     14.7456     49.7664       0.0000  bsg_dff_reset_width_p2_4
core/be/be_mem/csr/mcycle_reg        1548.2880      0.1     353.8944    1194.3936       0.0000  bsg_dff_reset_width_p48_2
core/be/be_mem/csr/medeleg_reg        419.3280      0.0      95.8464     323.4816       0.0000  bsg_dff_reset_width_p13_0
core/be/be_mem/csr/mepc_reg          1322.4960      0.1     302.2848    1020.2112       0.0000  bsg_dff_reset_width_p41_8
core/be/be_mem/csr/mideleg_reg         96.7680      0.0      22.1184      74.6496       0.0000  bsg_dff_reset_width_p3_0
core/be/be_mem/csr/mie_reg            193.5360      0.0      44.2368     149.2992       0.0000  bsg_dff_reset_width_p6_2
core/be/be_mem/csr/minstret_reg      1548.2880      0.1     353.8944    1194.3936       0.0000  bsg_dff_reset_width_p48_3
core/be/be_mem/csr/mip_reg            193.5360      0.0      44.2368     149.2992       0.0000  bsg_dff_reset_width_p6_3
core/be/be_mem/csr/mscratch_reg      2064.3840      0.2     471.8592    1592.5248       0.0000  bsg_dff_reset_width_p64_3
core/be/be_mem/csr/mstatus_reg        483.8400      0.0     110.5920     373.2480       0.0000  bsg_dff_reset_width_p15_0
core/be/be_mem/csr/mtval_reg         1322.4960      0.1     302.2848    1020.2112       0.0000  bsg_dff_reset_width_p41_7
core/be/be_mem/csr/mtvec_reg         1257.9840      0.1     287.5392     970.4448       0.0000  bsg_dff_reset_width_p39_3
core/be/be_mem/csr/pmpaddr0_reg      1225.7280      0.1     280.1664     945.5616       0.0000  bsg_dff_reset_width_p38_4
core/be/be_mem/csr/pmpaddr1_reg      1225.7280      0.1     280.1664     945.5616       0.0000  bsg_dff_reset_width_p38_7
core/be/be_mem/csr/pmpaddr2_reg      1225.7280      0.1     280.1664     945.5616       0.0000  bsg_dff_reset_width_p38_6
core/be/be_mem/csr/pmpaddr3_reg      1225.7280      0.1     280.1664     945.5616       0.0000  bsg_dff_reset_width_p38_5
core/be/be_mem/csr/pmpcfg0_reg       1032.1920      0.1     235.9296     796.2624       0.0000  bsg_dff_reset_width_p32_0
core/be/be_mem/csr/priv_mode_reg       64.5120      0.0      14.7456      49.7664       0.0000  bsg_dff_reset_2_3_0
core/be/be_mem/csr/s_interrupt_enc     405.5040     0.0       0.0000       0.0000       0.0000  bsg_priority_encode_width_p16_lo_to_hi_p1_4
core/be/be_mem/csr/s_interrupt_enc/a     143.7696     0.0    112.4352      0.0000       0.0000  bsg_priority_encode_one_hot_out_width_p16_lo_to_hi_p1_4
core/be/be_mem/csr/s_interrupt_enc/a/genblk1_scan      31.3344     0.0     31.3344      0.0000      0.0000 bsg_scan_width_p16_or_p1_lo_to_hi_p1_4
core/be/be_mem/csr/s_interrupt_enc/b     261.7344     0.0     29.4912      0.0000       0.0000  bsg_encode_one_hot_width_p16_lo_to_hi_p1_4
core/be/be_mem/csr/s_interrupt_enc/b/aligned_left     106.9056     0.0     22.1184      0.0000      0.0000 bsg_encode_one_hot_width_p8_8
core/be/be_mem/csr/s_interrupt_enc/b/aligned_left/aligned_left      33.1776     0.0     14.7456      0.0000      0.0000 bsg_encode_one_hot_width_p4_37
core/be/be_mem/csr/s_interrupt_enc/b/aligned_left/aligned_left/aligned_right      18.4320     0.0      7.3728      0.0000      0.0000 bsg_encode_one_hot_width_p2_72
core/be/be_mem/csr/s_interrupt_enc/b/aligned_left/aligned_left/aligned_right/aligned_left       5.5296     0.0      5.5296      0.0000      0.0000 bsg_encode_one_hot_width_p1_141
core/be/be_mem/csr/s_interrupt_enc/b/aligned_left/aligned_left/aligned_right/aligned_right       5.5296     0.0      5.5296      0.0000      0.0000 bsg_encode_one_hot_width_p1_140
core/be/be_mem/csr/s_interrupt_enc/b/aligned_left/aligned_right      51.6096     0.0     14.7456      0.0000      0.0000 bsg_encode_one_hot_width_p4_36
core/be/be_mem/csr/s_interrupt_enc/b/aligned_left/aligned_right/aligned_left      18.4320     0.0      7.3728      0.0000      0.0000 bsg_encode_one_hot_width_p2_71
core/be/be_mem/csr/s_interrupt_enc/b/aligned_left/aligned_right/aligned_left/aligned_left       5.5296     0.0      5.5296      0.0000      0.0000 bsg_encode_one_hot_width_p1_139
core/be/be_mem/csr/s_interrupt_enc/b/aligned_left/aligned_right/aligned_left/aligned_right       5.5296     0.0      5.5296      0.0000      0.0000 bsg_encode_one_hot_width_p1_138
core/be/be_mem/csr/s_interrupt_enc/b/aligned_left/aligned_right/aligned_right      18.4320     0.0      7.3728      0.0000      0.0000 bsg_encode_one_hot_width_p2_70
core/be/be_mem/csr/s_interrupt_enc/b/aligned_left/aligned_right/aligned_right/aligned_left       5.5296     0.0      5.5296      0.0000      0.0000 bsg_encode_one_hot_width_p1_137
core/be/be_mem/csr/s_interrupt_enc/b/aligned_left/aligned_right/aligned_right/aligned_right       5.5296     0.0      5.5296      0.0000      0.0000 bsg_encode_one_hot_width_p1_136
core/be/be_mem/csr/s_interrupt_enc/b/aligned_right     125.3376     0.0     22.1184      0.0000      0.0000 bsg_encode_one_hot_width_p8_7
core/be/be_mem/csr/s_interrupt_enc/b/aligned_right/aligned_left      51.6096     0.0     14.7456      0.0000      0.0000 bsg_encode_one_hot_width_p4_35
core/be/be_mem/csr/s_interrupt_enc/b/aligned_right/aligned_left/aligned_left      18.4320     0.0      7.3728      0.0000      0.0000 bsg_encode_one_hot_width_p2_69
core/be/be_mem/csr/s_interrupt_enc/b/aligned_right/aligned_left/aligned_left/aligned_left       5.5296     0.0      5.5296      0.0000      0.0000 bsg_encode_one_hot_width_p1_135
core/be/be_mem/csr/s_interrupt_enc/b/aligned_right/aligned_left/aligned_left/aligned_right       5.5296     0.0      5.5296      0.0000      0.0000 bsg_encode_one_hot_width_p1_134
core/be/be_mem/csr/s_interrupt_enc/b/aligned_right/aligned_left/aligned_right      18.4320     0.0      7.3728      0.0000      0.0000 bsg_encode_one_hot_width_p2_68
core/be/be_mem/csr/s_interrupt_enc/b/aligned_right/aligned_left/aligned_right/aligned_left       5.5296     0.0      5.5296      0.0000      0.0000 bsg_encode_one_hot_width_p1_133
core/be/be_mem/csr/s_interrupt_enc/b/aligned_right/aligned_left/aligned_right/aligned_right       5.5296     0.0      5.5296      0.0000      0.0000 bsg_encode_one_hot_width_p1_132
core/be/be_mem/csr/s_interrupt_enc/b/aligned_right/aligned_right      51.6096     0.0     14.7456      0.0000      0.0000 bsg_encode_one_hot_width_p4_34
core/be/be_mem/csr/s_interrupt_enc/b/aligned_right/aligned_right/aligned_left      18.4320     0.0      7.3728      0.0000      0.0000 bsg_encode_one_hot_width_p2_67
core/be/be_mem/csr/s_interrupt_enc/b/aligned_right/aligned_right/aligned_left/aligned_left       5.5296     0.0      5.5296      0.0000      0.0000 bsg_encode_one_hot_width_p1_131
core/be/be_mem/csr/s_interrupt_enc/b/aligned_right/aligned_right/aligned_left/aligned_right       5.5296     0.0      5.5296      0.0000      0.0000 bsg_encode_one_hot_width_p1_130
core/be/be_mem/csr/s_interrupt_enc/b/aligned_right/aligned_right/aligned_right      18.4320     0.0      7.3728      0.0000      0.0000 bsg_encode_one_hot_width_p2_66
core/be/be_mem/csr/s_interrupt_enc/b/aligned_right/aligned_right/aligned_right/aligned_left       5.5296     0.0      5.5296      0.0000      0.0000 bsg_encode_one_hot_width_p1_129
core/be/be_mem/csr/s_interrupt_enc/b/aligned_right/aligned_right/aligned_right/aligned_right       5.5296     0.0      5.5296      0.0000      0.0000 bsg_encode_one_hot_width_p1_128
core/be/be_mem/csr/satp_reg           935.4240      0.1     213.8112     721.6128       0.0000  bsg_dff_reset_width_p29_0
core/be/be_mem/csr/scause_reg         161.2800      0.0      36.8640     124.4160       0.0000  bsg_dff_reset_width_p5_2
core/be/be_mem/csr/scounteren_reg      64.5120      0.0      14.7456      49.7664       0.0000  bsg_dff_reset_width_p2_3
core/be/be_mem/csr/sepc_reg          1322.4960      0.1     302.2848    1020.2112       0.0000  bsg_dff_reset_width_p41_5
core/be/be_mem/csr/sscratch_reg      2064.3840      0.2     471.8592    1592.5248       0.0000  bsg_dff_reset_width_p64_2
core/be/be_mem/csr/stval_reg         1322.4960      0.1     302.2848    1020.2112       0.0000  bsg_dff_reset_width_p41_9
core/be/be_mem/csr/stvec_reg         1257.9840      0.1     287.5392     970.4448       0.0000  bsg_dff_reset_width_p39_2
core/be/be_mem/csr/translation_en_reg      35.9424     0.0     11.0592     24.8832      0.0000  bsg_dff_reset_width_p1_16
core/be/be_mem/dcache              261993.5767     24.9   24201.2162   26613.0429       0.0000  bp_be_dcache_02_0_0
core/be/be_mem/dcache/bypass_mux_segmented     707.7888     0.1    707.7888      0.0000      0.0000 bsg_mux_segmented_segments_p8_segment_width_p8_3
core/be/be_mem/dcache/cache_miss_detect      47.0016     0.0     11.0592      0.0000      0.0000 bsg_edge_detect_falling_not_rising_p1_0
core/be/be_mem/dcache/cache_miss_detect/sig_reg      35.9424     0.0     11.0592     24.8832      0.0000 bsg_dff_reset_width_p1_12
core/be/be_mem/dcache/cache_miss_tracker      43.3152     0.0     18.4320     24.8832      0.0000 bsg_dff_reset_en_width_p1_reset_val_p0_3
core/be/be_mem/dcache/cache_req_v_reg      35.9424     0.0     11.0592     24.8832      0.0000  bsg_dff_reset_width_p1_13
core/be/be_mem/dcache/data_mem_0__data_mem     412.8768     0.0    412.8768      0.0000      0.0000 bsg_mem_1rw_sync_mask_write_byte_els_p512_data_width_p64_24
core/be/be_mem/dcache/data_mem_1__data_mem     412.8768     0.0    412.8768      0.0000      0.0000 bsg_mem_1rw_sync_mask_write_byte_els_p512_data_width_p64_23
core/be/be_mem/dcache/data_mem_2__data_mem     412.8768     0.0    412.8768      0.0000      0.0000 bsg_mem_1rw_sync_mask_write_byte_els_p512_data_width_p64_22
core/be/be_mem/dcache/data_mem_3__data_mem     412.8768     0.0    412.8768      0.0000      0.0000 bsg_mem_1rw_sync_mask_write_byte_els_p512_data_width_p64_21
core/be/be_mem/dcache/data_mem_4__data_mem     418.4064     0.0    418.4064      0.0000      0.0000 bsg_mem_1rw_sync_mask_write_byte_els_p512_data_width_p64_20
core/be/be_mem/dcache/data_mem_5__data_mem     412.8768     0.0    412.8768      0.0000      0.0000 bsg_mem_1rw_sync_mask_write_byte_els_p512_data_width_p64_19
core/be/be_mem/dcache/data_mem_6__data_mem     412.8768     0.0    412.8768      0.0000      0.0000 bsg_mem_1rw_sync_mask_write_byte_els_p512_data_width_p64_18
core/be/be_mem/dcache/data_mem_7__data_mem     412.8768     0.0    412.8768      0.0000      0.0000 bsg_mem_1rw_sync_mask_write_byte_els_p512_data_width_p64_17
core/be/be_mem/dcache/dirty_mask_decode     144.6912     0.0     64.5120      0.0000      0.0000 bsg_decode_with_v_num_out_p8_0
core/be/be_mem/dcache/dirty_mask_decode/bd      80.1792     0.0     80.1792      0.0000      0.0000 bsg_decode_num_out_p8_5
core/be/be_mem/dcache/final_data_mux     718.8480     0.1    718.8480      0.0000       0.0000  bsg_mux_width_p64_els_p2_3
core/be/be_mem/dcache/lce_tag_mem_way_decode      69.1200     0.0     69.1200      0.0000      0.0000 bsg_decode_num_out_p8_6
core/be/be_mem/dcache/ld_data_set_select_mux    3874.4063     0.4   3874.4063      0.0000      0.0000 bsg_mux_width_p64_els_p8_3
core/be/be_mem/dcache/lock_counter     216.5760     0.0     117.0432      99.5328       0.0000  bsg_counter_clear_up_max_val_p8_init_val_p0_disable_overflow_warning_p1_0
core/be/be_mem/dcache/lru_decode       99.5328      0.0      99.5328       0.0000       0.0000  bsg_lru_pseudo_tree_decode_ways_p8_7
core/be/be_mem/dcache/lru_encoder      39.6288      0.0       5.5296       0.0000       0.0000  bsg_lru_pseudo_tree_encode_ways_p8_7
core/be/be_mem/dcache/lru_encoder/rank_1__nz_mux      11.0592     0.0     11.0592      0.0000      0.0000 bsg_mux_width_p1_els_p2_7
core/be/be_mem/dcache/lru_encoder/rank_2__nz_mux      23.0400     0.0     23.0400      0.0000      0.0000 bsg_mux_width_p1_els_p4_7
core/be/be_mem/dcache/output64_byte_mux     544.6656     0.1    544.6656      0.0000      0.0000 bsg_mux_width_p8_els_p8_0
core/be/be_mem/dcache/output64_half_mux     514.2528     0.0    514.2528      0.0000      0.0000 bsg_mux_width_p16_els_p4_0
core/be/be_mem/dcache/output64_word_mux     353.8944     0.0    353.8944      0.0000      0.0000 bsg_mux_width_p32_els_p2_0
core/be/be_mem/dcache/pe_invalid      248.8320      0.0       0.0000       0.0000       0.0000  bsg_priority_encode_width_p8_lo_to_hi_p1_10
core/be/be_mem/dcache/pe_invalid/a     123.4944     0.0      66.3552       0.0000       0.0000  bsg_priority_encode_one_hot_out_width_p8_lo_to_hi_p1_10
core/be/be_mem/dcache/pe_invalid/a/genblk1_scan      57.1392     0.0     57.1392      0.0000      0.0000 bsg_scan_width_p8_or_p1_lo_to_hi_p1_10
core/be/be_mem/dcache/pe_invalid/b     125.3376     0.0      22.1184       0.0000       0.0000  bsg_encode_one_hot_width_p8_lo_to_hi_p1_13
core/be/be_mem/dcache/pe_invalid/b/aligned_left      51.6096     0.0     14.7456      0.0000      0.0000 bsg_encode_one_hot_width_p4_49
core/be/be_mem/dcache/pe_invalid/b/aligned_left/aligned_left      18.4320     0.0      7.3728      0.0000      0.0000 bsg_encode_one_hot_width_p2_97
core/be/be_mem/dcache/pe_invalid/b/aligned_left/aligned_left/aligned_left       5.5296     0.0      5.5296      0.0000      0.0000 bsg_encode_one_hot_width_p1_189
core/be/be_mem/dcache/pe_invalid/b/aligned_left/aligned_left/aligned_right       5.5296     0.0      5.5296      0.0000      0.0000 bsg_encode_one_hot_width_p1_188
core/be/be_mem/dcache/pe_invalid/b/aligned_left/aligned_right      18.4320     0.0      7.3728      0.0000      0.0000 bsg_encode_one_hot_width_p2_96
core/be/be_mem/dcache/pe_invalid/b/aligned_left/aligned_right/aligned_left       5.5296     0.0      5.5296      0.0000      0.0000 bsg_encode_one_hot_width_p1_187
core/be/be_mem/dcache/pe_invalid/b/aligned_left/aligned_right/aligned_right       5.5296     0.0      5.5296      0.0000      0.0000 bsg_encode_one_hot_width_p1_186
core/be/be_mem/dcache/pe_invalid/b/aligned_right      51.6096     0.0     14.7456      0.0000      0.0000 bsg_encode_one_hot_width_p4_48
core/be/be_mem/dcache/pe_invalid/b/aligned_right/aligned_left      18.4320     0.0      7.3728      0.0000      0.0000 bsg_encode_one_hot_width_p2_95
core/be/be_mem/dcache/pe_invalid/b/aligned_right/aligned_left/aligned_left       5.5296     0.0      5.5296      0.0000      0.0000 bsg_encode_one_hot_width_p1_185
core/be/be_mem/dcache/pe_invalid/b/aligned_right/aligned_left/aligned_right       5.5296     0.0      5.5296      0.0000      0.0000 bsg_encode_one_hot_width_p1_184
core/be/be_mem/dcache/pe_invalid/b/aligned_right/aligned_right      18.4320     0.0      7.3728      0.0000      0.0000 bsg_encode_one_hot_width_p2_94
core/be/be_mem/dcache/pe_invalid/b/aligned_right/aligned_right/aligned_left       5.5296     0.0      5.5296      0.0000      0.0000 bsg_encode_one_hot_width_p1_183
core/be/be_mem/dcache/pe_invalid/b/aligned_right/aligned_right/aligned_right       5.5296     0.0      5.5296      0.0000      0.0000 bsg_encode_one_hot_width_p1_182
core/be/be_mem/dcache/pe_load_hit     283.8528      0.0       0.0000       0.0000       0.0000  bsg_priority_encode_width_p8_lo_to_hi_p1_12
core/be/be_mem/dcache/pe_load_hit/a     156.6720     0.0     73.7280       0.0000       0.0000  bsg_priority_encode_one_hot_out_width_p8_lo_to_hi_p1_12
core/be/be_mem/dcache/pe_load_hit/a/genblk1_scan      82.9440     0.0     82.9440      0.0000      0.0000 bsg_scan_width_p8_or_p1_lo_to_hi_p1_12
core/be/be_mem/dcache/pe_load_hit/b     127.1808     0.0     22.1184       0.0000       0.0000  bsg_encode_one_hot_width_p8_lo_to_hi_p1_15
core/be/be_mem/dcache/pe_load_hit/b/aligned_left      51.6096     0.0     14.7456      0.0000      0.0000 bsg_encode_one_hot_width_p4_53
core/be/be_mem/dcache/pe_load_hit/b/aligned_left/aligned_left      18.4320     0.0      7.3728      0.0000      0.0000 bsg_encode_one_hot_width_p2_105
core/be/be_mem/dcache/pe_load_hit/b/aligned_left/aligned_left/aligned_left       5.5296     0.0      5.5296      0.0000      0.0000 bsg_encode_one_hot_width_p1_205
core/be/be_mem/dcache/pe_load_hit/b/aligned_left/aligned_left/aligned_right       5.5296     0.0      5.5296      0.0000      0.0000 bsg_encode_one_hot_width_p1_204
core/be/be_mem/dcache/pe_load_hit/b/aligned_left/aligned_right      18.4320     0.0      7.3728      0.0000      0.0000 bsg_encode_one_hot_width_p2_104
core/be/be_mem/dcache/pe_load_hit/b/aligned_left/aligned_right/aligned_left       5.5296     0.0      5.5296      0.0000      0.0000 bsg_encode_one_hot_width_p1_203
core/be/be_mem/dcache/pe_load_hit/b/aligned_left/aligned_right/aligned_right       5.5296     0.0      5.5296      0.0000      0.0000 bsg_encode_one_hot_width_p1_202
core/be/be_mem/dcache/pe_load_hit/b/aligned_right      53.4528     0.0     14.7456      0.0000      0.0000 bsg_encode_one_hot_width_p4_52
core/be/be_mem/dcache/pe_load_hit/b/aligned_right/aligned_left      18.4320     0.0      7.3728      0.0000      0.0000 bsg_encode_one_hot_width_p2_103
core/be/be_mem/dcache/pe_load_hit/b/aligned_right/aligned_left/aligned_left       5.5296     0.0      5.5296      0.0000      0.0000 bsg_encode_one_hot_width_p1_201
core/be/be_mem/dcache/pe_load_hit/b/aligned_right/aligned_left/aligned_right       5.5296     0.0      5.5296      0.0000      0.0000 bsg_encode_one_hot_width_p1_200
core/be/be_mem/dcache/pe_load_hit/b/aligned_right/aligned_right      20.2752     0.0      9.2160      0.0000      0.0000 bsg_encode_one_hot_width_p2_102
core/be/be_mem/dcache/pe_load_hit/b/aligned_right/aligned_right/aligned_left       5.5296     0.0      5.5296      0.0000      0.0000 bsg_encode_one_hot_width_p1_199
core/be/be_mem/dcache/pe_load_hit/b/aligned_right/aligned_right/aligned_right       5.5296     0.0      5.5296      0.0000      0.0000 bsg_encode_one_hot_width_p1_198
core/be/be_mem/dcache/pe_store_hit     275.5584     0.0       0.0000       0.0000       0.0000  bsg_priority_encode_width_p8_lo_to_hi_p1_11
core/be/be_mem/dcache/pe_store_hit/a     146.5344     0.0     74.6496      0.0000       0.0000  bsg_priority_encode_one_hot_out_width_p8_lo_to_hi_p1_11
core/be/be_mem/dcache/pe_store_hit/a/genblk1_scan      71.8848     0.0     71.8848      0.0000      0.0000 bsg_scan_width_p8_or_p1_lo_to_hi_p1_11
core/be/be_mem/dcache/pe_store_hit/b     129.0240     0.0     22.1184      0.0000       0.0000  bsg_encode_one_hot_width_p8_lo_to_hi_p1_14
core/be/be_mem/dcache/pe_store_hit/b/aligned_left      51.6096     0.0     14.7456      0.0000      0.0000 bsg_encode_one_hot_width_p4_51
core/be/be_mem/dcache/pe_store_hit/b/aligned_left/aligned_left      18.4320     0.0      7.3728      0.0000      0.0000 bsg_encode_one_hot_width_p2_101
core/be/be_mem/dcache/pe_store_hit/b/aligned_left/aligned_left/aligned_left       5.5296     0.0      5.5296      0.0000      0.0000 bsg_encode_one_hot_width_p1_197
core/be/be_mem/dcache/pe_store_hit/b/aligned_left/aligned_left/aligned_right       5.5296     0.0      5.5296      0.0000      0.0000 bsg_encode_one_hot_width_p1_196
core/be/be_mem/dcache/pe_store_hit/b/aligned_left/aligned_right      18.4320     0.0      7.3728      0.0000      0.0000 bsg_encode_one_hot_width_p2_100
core/be/be_mem/dcache/pe_store_hit/b/aligned_left/aligned_right/aligned_left       5.5296     0.0      5.5296      0.0000      0.0000 bsg_encode_one_hot_width_p1_195
core/be/be_mem/dcache/pe_store_hit/b/aligned_left/aligned_right/aligned_right       5.5296     0.0      5.5296      0.0000      0.0000 bsg_encode_one_hot_width_p1_194
core/be/be_mem/dcache/pe_store_hit/b/aligned_right      55.2960     0.0     16.5888      0.0000      0.0000 bsg_encode_one_hot_width_p4_50
core/be/be_mem/dcache/pe_store_hit/b/aligned_right/aligned_left      18.4320     0.0      7.3728      0.0000      0.0000 bsg_encode_one_hot_width_p2_99
core/be/be_mem/dcache/pe_store_hit/b/aligned_right/aligned_left/aligned_left       5.5296     0.0      5.5296      0.0000      0.0000 bsg_encode_one_hot_width_p1_193
core/be/be_mem/dcache/pe_store_hit/b/aligned_right/aligned_left/aligned_right       5.5296     0.0      5.5296      0.0000      0.0000 bsg_encode_one_hot_width_p1_192
core/be/be_mem/dcache/pe_store_hit/b/aligned_right/aligned_right      20.2752     0.0      9.2160      0.0000      0.0000 bsg_encode_one_hot_width_p2_98
core/be/be_mem/dcache/pe_store_hit/b/aligned_right/aligned_right/aligned_left       5.5296     0.0      5.5296      0.0000      0.0000 bsg_encode_one_hot_width_p1_191
core/be/be_mem/dcache/pe_store_hit/b/aligned_right/aligned_right/aligned_right       5.5296     0.0      5.5296      0.0000      0.0000 bsg_encode_one_hot_width_p1_190
core/be/be_mem/dcache/read_mux_butterfly   17169.4084     1.6    110.5920      0.0000      0.0000 bsg_mux_butterfly_width_p64_els_p8_6
core/be/be_mem/dcache/read_mux_butterfly/mux_stage_0__mux_swap_0__swap_inst    1415.5776     0.1   1415.5776      0.0000      0.0000 bsg_swap_width_p64_20
core/be/be_mem/dcache/read_mux_butterfly/mux_stage_0__mux_swap_1__swap_inst    1415.5776     0.1   1415.5776      0.0000      0.0000 bsg_swap_width_p64_19
core/be/be_mem/dcache/read_mux_butterfly/mux_stage_0__mux_swap_2__swap_inst    1415.5776     0.1   1415.5776      0.0000      0.0000 bsg_swap_width_p64_18
core/be/be_mem/dcache/read_mux_butterfly/mux_stage_0__mux_swap_3__swap_inst    1415.5776     0.1   1415.5776      0.0000      0.0000 bsg_swap_width_p64_17
core/be/be_mem/dcache/read_mux_butterfly/mux_stage_1__mux_swap_0__swap_inst    2831.1553     0.3   2831.1553      0.0000      0.0000 bsg_swap_width_p128_10
core/be/be_mem/dcache/read_mux_butterfly/mux_stage_1__mux_swap_1__swap_inst    2831.1553     0.3   2831.1553      0.0000      0.0000 bsg_swap_width_p128_9
core/be/be_mem/dcache/read_mux_butterfly/mux_stage_2__mux_swap_0__swap_inst    5734.1953     0.5   5734.1953      0.0000      0.0000 bsg_swap_width_p256_5
core/be/be_mem/dcache/stat_mem       3036.4668      0.3     233.1648       0.0000    2803.3020  bsg_mem_1rw_sync_mask_write_bit_width_p15_els_p64_0
core/be/be_mem/dcache/tag_mem      145420.5971     13.8    1978.6752       0.0000  143441.9219  bsg_mem_1rw_sync_mask_write_bit_width_p248_els_p64_3
core/be/be_mem/dcache/wbuf          16760.2176      1.6    3635.7120    1841.3568       0.0000  bp_be_dcache_wbuf_data_width_p64_paddr_width_p40_ways_p8_sets_p64_0
core/be/be_mem/dcache/wbuf/mux_segmented_merge0     707.7888     0.1    707.7888      0.0000      0.0000 bsg_mux_segmented_segments_p8_segment_width_p8_5
core/be/be_mem/dcache/wbuf/mux_segmented_merge1     707.7888     0.1    707.7888      0.0000      0.0000 bsg_mux_segmented_segments_p8_segment_width_p8_4
core/be/be_mem/dcache/wbuf/wbq       9867.5712      0.9    4144.4352    5723.1359       0.0000  bp_be_dcache_wbuf_queue_width_p115_0
core/be/be_mem/dcache/wbuf_data_mem_v_decode      80.1792     0.0     80.1792      0.0000      0.0000 bsg_decode_num_out_p8_7
core/be/be_mem/dcache/write_mux_butterfly   17185.9972     1.6    127.1808      0.0000      0.0000 bsg_mux_butterfly_width_p64_els_p8_7
core/be/be_mem/dcache/write_mux_butterfly/mux_stage_0__mux_swap_0__swap_inst    1421.1072     0.1   1421.1072      0.0000      0.0000 bsg_swap_width_p64_24
core/be/be_mem/dcache/write_mux_butterfly/mux_stage_0__mux_swap_1__swap_inst    1415.5776     0.1   1415.5776      0.0000      0.0000 bsg_swap_width_p64_23
core/be/be_mem/dcache/write_mux_butterfly/mux_stage_0__mux_swap_2__swap_inst    1415.5776     0.1   1415.5776      0.0000      0.0000 bsg_swap_width_p64_22
core/be/be_mem/dcache/write_mux_butterfly/mux_stage_0__mux_swap_3__swap_inst    1415.5776     0.1   1415.5776      0.0000      0.0000 bsg_swap_width_p64_21
core/be/be_mem/dcache/write_mux_butterfly/mux_stage_1__mux_swap_0__swap_inst    2831.1553     0.3   2831.1553      0.0000      0.0000 bsg_swap_width_p128_12
core/be/be_mem/dcache/write_mux_butterfly/mux_stage_1__mux_swap_1__swap_inst    2836.6849     0.3   2836.6849      0.0000      0.0000 bsg_swap_width_p128_11
core/be/be_mem/dcache/write_mux_butterfly/mux_stage_2__mux_swap_0__swap_inst    5723.1361     0.5   5723.1361      0.0000      0.0000 bsg_swap_width_p256_6
core/be/be_mem/dtlb                 26627.7888      2.5     455.2704       0.0000       0.0000  bp_tlb_02_8_3
core/be/be_mem/dtlb/entry_ram       12894.1055      1.2       7.3728     846.0288       0.0000  bsg_mem_1rw_sync_width_p34_els_p8_3
core/be/be_mem/dtlb/entry_ram/z_s1r1w_mem   12040.7040     1.1      0.0000      0.0000      0.0000 bsg_mem_1r1w_width_p34_els_p8_read_write_same_addr_p0_3
core/be/be_mem/dtlb/entry_ram/z_s1r1w_mem/synth   12040.7040     1.1   5272.4736   6768.2303      0.0000 bsg_mem_1r1w_synth_width_p34_els_p8_read_write_same_addr_p0_harden_p0_3
core/be/be_mem/dtlb/miss_v_reg         35.9424      0.0      11.0592      24.8832       0.0000  bsg_dff_reset_width_p1_14
core/be/be_mem/dtlb/miss_vtag_reg     870.9120      0.1     199.0656     671.8464       0.0000  bsg_dff_reset_width_p27_3
core/be/be_mem/dtlb/plru              470.0160      0.0     162.2016     174.1824       0.0000  bp_tlb_replacement_ways_p8_3
core/be/be_mem/dtlb/plru/decoder       99.5328      0.0      99.5328       0.0000       0.0000  bsg_lru_pseudo_tree_decode_ways_p8_5
core/be/be_mem/dtlb/plru/encoder       34.0992      0.0       0.0000       0.0000       0.0000  bsg_lru_pseudo_tree_encode_ways_p8_5
core/be/be_mem/dtlb/plru/encoder/rank_1__nz_mux      11.0592     0.0     11.0592      0.0000      0.0000 bsg_mux_width_p1_els_p2_5
core/be/be_mem/dtlb/plru/encoder/rank_2__nz_mux      23.0400     0.0     23.0400      0.0000      0.0000 bsg_mux_width_p1_els_p4_5
core/be/be_mem/dtlb/r_v_reg            35.9424      0.0      11.0592      24.8832       0.0000  bsg_dff_reset_width_p1_15
core/be/be_mem/dtlb/vtag_cam        11865.6001      1.1    5931.4177    5573.8367       0.0000  bsg_cam_1r1w_els_p8_width_p27_multiple_entries_p0_find_empty_entry_p1_3
core/be/be_mem/dtlb/vtag_cam/fi4_ohe     133.6320     0.0     30.4128      0.0000       0.0000  bsg_encode_one_hot_width_p8_lo_to_hi_p1_16
core/be/be_mem/dtlb/vtag_cam/fi4_ohe/aligned_left      51.6096     0.0     14.7456      0.0000      0.0000 bsg_encode_one_hot_width_p4_55
core/be/be_mem/dtlb/vtag_cam/fi4_ohe/aligned_left/aligned_left      18.4320     0.0      7.3728      0.0000      0.0000 bsg_encode_one_hot_width_p2_109
core/be/be_mem/dtlb/vtag_cam/fi4_ohe/aligned_left/aligned_left/aligned_left       5.5296     0.0      5.5296      0.0000      0.0000 bsg_encode_one_hot_width_p1_213
core/be/be_mem/dtlb/vtag_cam/fi4_ohe/aligned_left/aligned_left/aligned_right       5.5296     0.0      5.5296      0.0000      0.0000 bsg_encode_one_hot_width_p1_212
core/be/be_mem/dtlb/vtag_cam/fi4_ohe/aligned_left/aligned_right      18.4320     0.0      7.3728      0.0000      0.0000 bsg_encode_one_hot_width_p2_108
core/be/be_mem/dtlb/vtag_cam/fi4_ohe/aligned_left/aligned_right/aligned_left       5.5296     0.0      5.5296      0.0000      0.0000 bsg_encode_one_hot_width_p1_211
core/be/be_mem/dtlb/vtag_cam/fi4_ohe/aligned_left/aligned_right/aligned_right       5.5296     0.0      5.5296      0.0000      0.0000 bsg_encode_one_hot_width_p1_210
core/be/be_mem/dtlb/vtag_cam/fi4_ohe/aligned_right      51.6096     0.0     14.7456      0.0000      0.0000 bsg_encode_one_hot_width_p4_54
core/be/be_mem/dtlb/vtag_cam/fi4_ohe/aligned_right/aligned_left      18.4320     0.0      7.3728      0.0000      0.0000 bsg_encode_one_hot_width_p2_107
core/be/be_mem/dtlb/vtag_cam/fi4_ohe/aligned_right/aligned_left/aligned_left       5.5296     0.0      5.5296      0.0000      0.0000 bsg_encode_one_hot_width_p1_209
core/be/be_mem/dtlb/vtag_cam/fi4_ohe/aligned_right/aligned_left/aligned_right       5.5296     0.0      5.5296      0.0000      0.0000 bsg_encode_one_hot_width_p1_208
core/be/be_mem/dtlb/vtag_cam/fi4_ohe/aligned_right/aligned_right      18.4320     0.0      7.3728      0.0000      0.0000 bsg_encode_one_hot_width_p2_106
core/be/be_mem/dtlb/vtag_cam/fi4_ohe/aligned_right/aligned_right/aligned_left       5.5296     0.0      5.5296      0.0000      0.0000 bsg_encode_one_hot_width_p1_207
core/be/be_mem/dtlb/vtag_cam/fi4_ohe/aligned_right/aligned_right/aligned_right       5.5296     0.0      5.5296      0.0000      0.0000 bsg_encode_one_hot_width_p1_206
core/be/be_mem/dtlb/vtag_cam/fi5_epe     226.7136     0.0      0.0000      0.0000       0.0000  bsg_priority_encode_width_p8_lo_to_hi_p1_8
core/be/be_mem/dtlb/vtag_cam/fi5_epe/a     123.4944     0.0     66.3552      0.0000      0.0000 bsg_priority_encode_one_hot_out_width_p8_lo_to_hi_p1_8
core/be/be_mem/dtlb/vtag_cam/fi5_epe/a/genblk1_scan      57.1392     0.0     57.1392      0.0000      0.0000 bsg_scan_width_p8_or_p1_lo_to_hi_p1_8
core/be/be_mem/dtlb/vtag_cam/fi5_epe/b     103.2192     0.0      0.0000      0.0000      0.0000 bsg_encode_one_hot_width_p8_lo_to_hi_p1_11
core/be/be_mem/dtlb/vtag_cam/fi5_epe/b/aligned_left      51.6096     0.0     14.7456      0.0000      0.0000 bsg_encode_one_hot_width_p4_33
core/be/be_mem/dtlb/vtag_cam/fi5_epe/b/aligned_left/aligned_left      18.4320     0.0      7.3728      0.0000      0.0000 bsg_encode_one_hot_width_p2_65
core/be/be_mem/dtlb/vtag_cam/fi5_epe/b/aligned_left/aligned_left/aligned_left       5.5296     0.0      5.5296      0.0000      0.0000 bsg_encode_one_hot_width_p1_127
core/be/be_mem/dtlb/vtag_cam/fi5_epe/b/aligned_left/aligned_left/aligned_right       5.5296     0.0      5.5296      0.0000      0.0000 bsg_encode_one_hot_width_p1_126
core/be/be_mem/dtlb/vtag_cam/fi5_epe/b/aligned_left/aligned_right      18.4320     0.0      7.3728      0.0000      0.0000 bsg_encode_one_hot_width_p2_64
core/be/be_mem/dtlb/vtag_cam/fi5_epe/b/aligned_left/aligned_right/aligned_left       5.5296     0.0      5.5296      0.0000      0.0000 bsg_encode_one_hot_width_p1_125
core/be/be_mem/dtlb/vtag_cam/fi5_epe/b/aligned_left/aligned_right/aligned_right       5.5296     0.0      5.5296      0.0000      0.0000 bsg_encode_one_hot_width_p1_124
core/be/be_mem/dtlb/vtag_cam/fi5_epe/b/aligned_right      51.6096     0.0     14.7456      0.0000      0.0000 bsg_encode_one_hot_width_p4_32
core/be/be_mem/dtlb/vtag_cam/fi5_epe/b/aligned_right/aligned_left      18.4320     0.0      7.3728      0.0000      0.0000 bsg_encode_one_hot_width_p2_63
core/be/be_mem/dtlb/vtag_cam/fi5_epe/b/aligned_right/aligned_left/aligned_left       5.5296     0.0      5.5296      0.0000      0.0000 bsg_encode_one_hot_width_p1_123
core/be/be_mem/dtlb/vtag_cam/fi5_epe/b/aligned_right/aligned_left/aligned_right       5.5296     0.0      5.5296      0.0000      0.0000 bsg_encode_one_hot_width_p1_122
core/be/be_mem/dtlb/vtag_cam/fi5_epe/b/aligned_right/aligned_right      18.4320     0.0      7.3728      0.0000      0.0000 bsg_encode_one_hot_width_p2_62
core/be/be_mem/dtlb/vtag_cam/fi5_epe/b/aligned_right/aligned_right/aligned_left       5.5296     0.0      5.5296      0.0000      0.0000 bsg_encode_one_hot_width_p1_121
core/be/be_mem/dtlb/vtag_cam/fi5_epe/b/aligned_right/aligned_right/aligned_right       5.5296     0.0      5.5296      0.0000      0.0000 bsg_encode_one_hot_width_p1_120
core/be/be_mem/fault_reg             2813.6448      0.3     872.7552    1940.8896       0.0000  bsg_dff_en_width_p78_0
core/be/be_mem/pma                     35.9424      0.0      35.9424       0.0000       0.0000  bp_pma_02_3
core/be/be_mem/ptw                   4599.7056      0.4    1201.7664      99.5328       0.0000  bp_be_ptw_02_64_3_0
core/be/be_mem/ptw/cmd_sel_reg         37.7856      0.0      12.9024      24.8832       0.0000  bsg_dff_reset_en_width_p1_8
core/be/be_mem/ptw/dcache_data_reg    1161.2160     0.1     265.4208     895.7952       0.0000  bsg_dff_reset_width_p65_0
core/be/be_mem/ptw/ppn_reg           1048.7808      0.1     352.0512     696.7296       0.0000  bsg_dff_reset_en_width_p28_3
core/be/be_mem/ptw/tlb_sel_reg         44.2368      0.0      19.3536      24.8832       0.0000  bsg_dff_reset_en_width_p1_9
core/be/be_mem/ptw/vpn_reg           1006.3872      0.1     334.5408     671.8464       0.0000  bsg_dff_reset_en_width_p27_0
core/be/be_mem/vaddr_pipe            1940.8896      0.2       0.0000       0.0000       0.0000  bsg_dff_chain_width_p39_num_stages_p2_0
core/be/be_mem/vaddr_pipe/chained_genblk1_1__ch_reg     970.4448     0.1      0.0000    970.4448      0.0000 bsg_dff_width_p39_2
core/be/be_mem/vaddr_pipe/chained_genblk1_2__ch_reg     970.4448     0.1      0.0000    970.4448      0.0000 bsg_dff_width_p39_3
core/fe                            427631.3104     40.6      55.2960       0.0000       0.0000  bp_fe_top_02_0
core/fe/mem                        239440.5916     22.7     575.0784     124.4160       0.0000  bp_fe_mem_02_0
core/fe/mem/icache                 211520.7195     20.1   16186.0612   21897.2157       0.0000  bp_fe_icache_02_0
core/fe/mem/icache/cache_miss_tracker      43.3152     0.0     18.4320     24.8832      0.0000  bsg_dff_reset_en_width_p1_reset_val_p0_2
core/fe/mem/icache/cache_req_v_reg      30.4128     0.0       5.5296      24.8832       0.0000  bsg_dff_reset_width_p1_18
core/fe/mem/icache/data_mems_0__data_mem     412.8768     0.0    412.8768      0.0000      0.0000 bsg_mem_1rw_sync_mask_write_byte_els_p512_data_width_p64_16
core/fe/mem/icache/data_mems_1__data_mem     412.8768     0.0    412.8768      0.0000      0.0000 bsg_mem_1rw_sync_mask_write_byte_els_p512_data_width_p64_31
core/fe/mem/icache/data_mems_2__data_mem     412.8768     0.0    412.8768      0.0000      0.0000 bsg_mem_1rw_sync_mask_write_byte_els_p512_data_width_p64_30
core/fe/mem/icache/data_mems_3__data_mem     412.8768     0.0    412.8768      0.0000      0.0000 bsg_mem_1rw_sync_mask_write_byte_els_p512_data_width_p64_29
core/fe/mem/icache/data_mems_4__data_mem     412.8768     0.0    412.8768      0.0000      0.0000 bsg_mem_1rw_sync_mask_write_byte_els_p512_data_width_p64_28
core/fe/mem/icache/data_mems_5__data_mem     412.8768     0.0    412.8768      0.0000      0.0000 bsg_mem_1rw_sync_mask_write_byte_els_p512_data_width_p64_27
core/fe/mem/icache/data_mems_6__data_mem     412.8768     0.0    412.8768      0.0000      0.0000 bsg_mem_1rw_sync_mask_write_byte_els_p512_data_width_p64_26
core/fe/mem/icache/data_mems_7__data_mem     412.8768     0.0    412.8768      0.0000      0.0000 bsg_mem_1rw_sync_mask_write_byte_els_p512_data_width_p64_25
core/fe/mem/icache/data_set_select_mux    4242.1247     0.4   4242.1247      0.0000      0.0000 bsg_mux_width_p64_els_p8_2
core/fe/mem/icache/final_data_mux     844.1856      0.1     844.1856       0.0000       0.0000  bsg_mux_width_p64_els_p2_2
core/fe/mem/icache/lru_decode         133.6320      0.0     133.6320       0.0000       0.0000  bsg_lru_pseudo_tree_decode_ways_p8_4
core/fe/mem/icache/lru_encoder         39.6288      0.0       5.5296       0.0000       0.0000  bsg_lru_pseudo_tree_encode_ways_p8_4
core/fe/mem/icache/lru_encoder/rank_1__nz_mux      11.0592     0.0     11.0592      0.0000      0.0000 bsg_mux_width_p1_els_p2_4
core/fe/mem/icache/lru_encoder/rank_2__nz_mux      23.0400     0.0     23.0400      0.0000      0.0000 bsg_mux_width_p1_els_p4_4
core/fe/mem/icache/pe_invalid         248.8320      0.0       0.0000       0.0000       0.0000  bsg_priority_encode_width_p8_lo_to_hi_p1_13
core/fe/mem/icache/pe_invalid/a       123.4944      0.0      66.3552       0.0000       0.0000  bsg_priority_encode_one_hot_out_width_p8_lo_to_hi_p1_13
core/fe/mem/icache/pe_invalid/a/genblk1_scan      57.1392     0.0     57.1392      0.0000      0.0000 bsg_scan_width_p8_or_p1_lo_to_hi_p1_13
core/fe/mem/icache/pe_invalid/b       125.3376      0.0      22.1184       0.0000       0.0000  bsg_encode_one_hot_width_p8_lo_to_hi_p1_17
core/fe/mem/icache/pe_invalid/b/aligned_left      51.6096     0.0     14.7456      0.0000      0.0000 bsg_encode_one_hot_width_p4_57
core/fe/mem/icache/pe_invalid/b/aligned_left/aligned_left      18.4320     0.0      7.3728      0.0000      0.0000 bsg_encode_one_hot_width_p2_113
core/fe/mem/icache/pe_invalid/b/aligned_left/aligned_left/aligned_left       5.5296     0.0      5.5296      0.0000      0.0000 bsg_encode_one_hot_width_p1_221
core/fe/mem/icache/pe_invalid/b/aligned_left/aligned_left/aligned_right       5.5296     0.0      5.5296      0.0000      0.0000 bsg_encode_one_hot_width_p1_220
core/fe/mem/icache/pe_invalid/b/aligned_left/aligned_right      18.4320     0.0      7.3728      0.0000      0.0000 bsg_encode_one_hot_width_p2_112
core/fe/mem/icache/pe_invalid/b/aligned_left/aligned_right/aligned_left       5.5296     0.0      5.5296      0.0000      0.0000 bsg_encode_one_hot_width_p1_219
core/fe/mem/icache/pe_invalid/b/aligned_left/aligned_right/aligned_right       5.5296     0.0      5.5296      0.0000      0.0000 bsg_encode_one_hot_width_p1_218
core/fe/mem/icache/pe_invalid/b/aligned_right      51.6096     0.0     14.7456      0.0000      0.0000 bsg_encode_one_hot_width_p4_56
core/fe/mem/icache/pe_invalid/b/aligned_right/aligned_left      18.4320     0.0      7.3728      0.0000      0.0000 bsg_encode_one_hot_width_p2_111
core/fe/mem/icache/pe_invalid/b/aligned_right/aligned_left/aligned_left       5.5296     0.0      5.5296      0.0000      0.0000 bsg_encode_one_hot_width_p1_217
core/fe/mem/icache/pe_invalid/b/aligned_right/aligned_left/aligned_right       5.5296     0.0      5.5296      0.0000      0.0000 bsg_encode_one_hot_width_p1_216
core/fe/mem/icache/pe_invalid/b/aligned_right/aligned_right      18.4320     0.0      7.3728      0.0000      0.0000 bsg_encode_one_hot_width_p2_110
core/fe/mem/icache/pe_invalid/b/aligned_right/aligned_right/aligned_left       5.5296     0.0      5.5296      0.0000      0.0000 bsg_encode_one_hot_width_p1_215
core/fe/mem/icache/pe_invalid/b/aligned_right/aligned_right/aligned_right       5.5296     0.0      5.5296      0.0000      0.0000 bsg_encode_one_hot_width_p1_214
core/fe/mem/icache/pe_load_hit        327.1680      0.0       0.0000       0.0000       0.0000  bsg_priority_encode_width_p8_lo_to_hi_p1_7
core/fe/mem/icache/pe_load_hit/a      183.3984      0.0      84.7872       0.0000       0.0000  bsg_priority_encode_one_hot_out_width_p8_lo_to_hi_p1_7
core/fe/mem/icache/pe_load_hit/a/genblk1_scan      98.6112     0.0     98.6112      0.0000      0.0000 bsg_scan_width_p8_or_p1_lo_to_hi_p1_7
core/fe/mem/icache/pe_load_hit/b      143.7696      0.0      36.8640       0.0000       0.0000  bsg_encode_one_hot_width_p8_lo_to_hi_p1_9
core/fe/mem/icache/pe_load_hit/b/aligned_left      51.6096     0.0     14.7456      0.0000      0.0000 bsg_encode_one_hot_width_p4_59
core/fe/mem/icache/pe_load_hit/b/aligned_left/aligned_left      18.4320     0.0      7.3728      0.0000      0.0000 bsg_encode_one_hot_width_p2_117
core/fe/mem/icache/pe_load_hit/b/aligned_left/aligned_left/aligned_left       5.5296     0.0      5.5296      0.0000      0.0000 bsg_encode_one_hot_width_p1_229
core/fe/mem/icache/pe_load_hit/b/aligned_left/aligned_left/aligned_right       5.5296     0.0      5.5296      0.0000      0.0000 bsg_encode_one_hot_width_p1_228
core/fe/mem/icache/pe_load_hit/b/aligned_left/aligned_right      18.4320     0.0      7.3728      0.0000      0.0000 bsg_encode_one_hot_width_p2_116
core/fe/mem/icache/pe_load_hit/b/aligned_left/aligned_right/aligned_left       5.5296     0.0      5.5296      0.0000      0.0000 bsg_encode_one_hot_width_p1_227
core/fe/mem/icache/pe_load_hit/b/aligned_left/aligned_right/aligned_right       5.5296     0.0      5.5296      0.0000      0.0000 bsg_encode_one_hot_width_p1_226
core/fe/mem/icache/pe_load_hit/b/aligned_right      55.2960     0.0     16.5888      0.0000      0.0000 bsg_encode_one_hot_width_p4_58
core/fe/mem/icache/pe_load_hit/b/aligned_right/aligned_left      18.4320     0.0      7.3728      0.0000      0.0000 bsg_encode_one_hot_width_p2_115
core/fe/mem/icache/pe_load_hit/b/aligned_right/aligned_left/aligned_left       5.5296     0.0      5.5296      0.0000      0.0000 bsg_encode_one_hot_width_p1_225
core/fe/mem/icache/pe_load_hit/b/aligned_right/aligned_left/aligned_right       5.5296     0.0      5.5296      0.0000      0.0000 bsg_encode_one_hot_width_p1_224
core/fe/mem/icache/pe_load_hit/b/aligned_right/aligned_right      20.2752     0.0      9.2160      0.0000      0.0000 bsg_encode_one_hot_width_p2_114
core/fe/mem/icache/pe_load_hit/b/aligned_right/aligned_right/aligned_left       5.5296     0.0      5.5296      0.0000      0.0000 bsg_encode_one_hot_width_p1_223
core/fe/mem/icache/pe_load_hit/b/aligned_right/aligned_right/aligned_right       5.5296     0.0      5.5296      0.0000      0.0000 bsg_encode_one_hot_width_p1_222
core/fe/mem/icache/read_mux_butterfly    5662.3105     0.5      0.0000      0.0000      0.0000  bsg_mux_butterfly_width_p64_els_p8_4
core/fe/mem/icache/read_mux_butterfly/mux_stage_0__mux_swap_0__swap_inst     707.7888     0.1    707.7888      0.0000      0.0000 bsg_swap_width_p64_28
core/fe/mem/icache/read_mux_butterfly/mux_stage_0__mux_swap_1__swap_inst     707.7888     0.1    707.7888      0.0000      0.0000 bsg_swap_width_p64_27
core/fe/mem/icache/read_mux_butterfly/mux_stage_0__mux_swap_2__swap_inst     707.7888     0.1    707.7888      0.0000      0.0000 bsg_swap_width_p64_26
core/fe/mem/icache/read_mux_butterfly/mux_stage_0__mux_swap_3__swap_inst     707.7888     0.1    707.7888      0.0000      0.0000 bsg_swap_width_p64_25
core/fe/mem/icache/read_mux_butterfly/mux_stage_1__mux_swap_0__swap_inst    1415.5776     0.1   1415.5776      0.0000      0.0000 bsg_swap_width_p128_14
core/fe/mem/icache/read_mux_butterfly/mux_stage_1__mux_swap_1__swap_inst    1415.5776     0.1   1415.5776      0.0000      0.0000 bsg_swap_width_p128_13
core/fe/mem/icache/stat_mem          1647.1044      0.2     174.1824       0.0000    1472.9220  bsg_mem_1rw_sync_mask_write_bit_width_p7_els_p64_0
core/fe/mem/icache/tag_mem         145372.6739     13.8    1930.7520       0.0000  143441.9219  bsg_mem_1rw_sync_mask_write_bit_width_p248_els_p64_2
core/fe/mem/icache/tag_mem_way_decode      85.7088     0.0     85.7088      0.0000      0.0000  bsg_decode_num_out_p8_4
core/fe/mem/icache/write_mux_butterfly   11457.3315     1.1    132.7104      0.0000      0.0000 bsg_mux_butterfly_width_p64_els_p8_5
core/fe/mem/icache/write_mux_butterfly/mux_stage_0__mux_swap_0__swap_inst    1415.5776     0.1   1415.5776      0.0000      0.0000 bsg_swap_width_p64_16
core/fe/mem/icache/write_mux_butterfly/mux_stage_0__mux_swap_1__swap_inst    1415.5776     0.1   1415.5776      0.0000      0.0000 bsg_swap_width_p64_31
core/fe/mem/icache/write_mux_butterfly/mux_stage_0__mux_swap_2__swap_inst    1415.5776     0.1   1415.5776      0.0000      0.0000 bsg_swap_width_p64_30
core/fe/mem/icache/write_mux_butterfly/mux_stage_0__mux_swap_3__swap_inst    1415.5776     0.1   1415.5776      0.0000      0.0000 bsg_swap_width_p64_29
core/fe/mem/icache/write_mux_butterfly/mux_stage_1__mux_swap_0__swap_inst    2831.1553     0.3   2831.1553      0.0000      0.0000 bsg_swap_width_p128_8
core/fe/mem/icache/write_mux_butterfly/mux_stage_1__mux_swap_1__swap_inst    2831.1553     0.3   2831.1553      0.0000      0.0000 bsg_swap_width_p128_15
core/fe/mem/itlb                    27184.4352      2.6     439.6032       0.0000       0.0000  bp_tlb_02_8_2
core/fe/mem/itlb/entry_ram          12904.2431      1.2       7.3728     846.0288       0.0000  bsg_mem_1rw_sync_width_p34_els_p8_2
core/fe/mem/itlb/entry_ram/z_s1r1w_mem   12050.8415     1.1      0.0000      0.0000      0.0000 bsg_mem_1r1w_width_p34_els_p8_read_write_same_addr_p0_2
core/fe/mem/itlb/entry_ram/z_s1r1w_mem/synth   12050.8415     1.1   5282.6112   6768.2303      0.0000 bsg_mem_1r1w_synth_width_p34_els_p8_read_write_same_addr_p0_harden_p0_2
core/fe/mem/itlb/miss_v_reg            35.9424      0.0      11.0592      24.8832       0.0000  bsg_dff_reset_width_p1_19
core/fe/mem/itlb/miss_vtag_reg        939.1104      0.1     267.2640     671.8464       0.0000  bsg_dff_reset_width_p27_2
core/fe/mem/itlb/plru                 536.3712      0.1     217.4976     174.1824       0.0000  bp_tlb_replacement_ways_p8_2
core/fe/mem/itlb/plru/decoder         105.0624      0.0     105.0624       0.0000       0.0000  bsg_lru_pseudo_tree_decode_ways_p8_6
core/fe/mem/itlb/plru/encoder          39.6288      0.0       5.5296       0.0000       0.0000  bsg_lru_pseudo_tree_encode_ways_p8_6
core/fe/mem/itlb/plru/encoder/rank_1__nz_mux      11.0592     0.0     11.0592      0.0000      0.0000 bsg_mux_width_p1_els_p2_6
core/fe/mem/itlb/plru/encoder/rank_2__nz_mux      23.0400     0.0     23.0400      0.0000      0.0000 bsg_mux_width_p1_els_p4_6
core/fe/mem/itlb/r_v_reg               35.9424      0.0      11.0592      24.8832       0.0000  bsg_dff_reset_width_p1_20
core/fe/mem/itlb/vtag_cam           12293.2225      1.2    6360.8834    5573.8367       0.0000  bsg_cam_1r1w_els_p8_width_p27_multiple_entries_p0_find_empty_entry_p1_2
core/fe/mem/itlb/vtag_cam/fi4_ohe     131.7888      0.0      26.7264       0.0000       0.0000  bsg_encode_one_hot_width_p8_lo_to_hi_p1_10
core/fe/mem/itlb/vtag_cam/fi4_ohe/aligned_left      51.6096     0.0     14.7456      0.0000      0.0000 bsg_encode_one_hot_width_p4_31
core/fe/mem/itlb/vtag_cam/fi4_ohe/aligned_left/aligned_left      18.4320     0.0      7.3728      0.0000      0.0000 bsg_encode_one_hot_width_p2_61
core/fe/mem/itlb/vtag_cam/fi4_ohe/aligned_left/aligned_left/aligned_left       5.5296     0.0      5.5296      0.0000      0.0000 bsg_encode_one_hot_width_p1_39
core/fe/mem/itlb/vtag_cam/fi4_ohe/aligned_left/aligned_left/aligned_right       5.5296     0.0      5.5296      0.0000      0.0000 bsg_encode_one_hot_width_p1_23
core/fe/mem/itlb/vtag_cam/fi4_ohe/aligned_left/aligned_right      18.4320     0.0      7.3728      0.0000      0.0000 bsg_encode_one_hot_width_p2_60
core/fe/mem/itlb/vtag_cam/fi4_ohe/aligned_left/aligned_right/aligned_left       5.5296     0.0      5.5296      0.0000      0.0000 bsg_encode_one_hot_width_p1_235
core/fe/mem/itlb/vtag_cam/fi4_ohe/aligned_left/aligned_right/aligned_right       5.5296     0.0      5.5296      0.0000      0.0000 bsg_encode_one_hot_width_p1_234
core/fe/mem/itlb/vtag_cam/fi4_ohe/aligned_right      53.4528     0.0     16.5888      0.0000      0.0000 bsg_encode_one_hot_width_p4_30
core/fe/mem/itlb/vtag_cam/fi4_ohe/aligned_right/aligned_left      18.4320     0.0      7.3728      0.0000      0.0000 bsg_encode_one_hot_width_p2_119
core/fe/mem/itlb/vtag_cam/fi4_ohe/aligned_right/aligned_left/aligned_left       5.5296     0.0      5.5296      0.0000      0.0000 bsg_encode_one_hot_width_p1_233
core/fe/mem/itlb/vtag_cam/fi4_ohe/aligned_right/aligned_left/aligned_right       5.5296     0.0      5.5296      0.0000      0.0000 bsg_encode_one_hot_width_p1_232
core/fe/mem/itlb/vtag_cam/fi4_ohe/aligned_right/aligned_right      18.4320     0.0      7.3728      0.0000      0.0000 bsg_encode_one_hot_width_p2_118
core/fe/mem/itlb/vtag_cam/fi4_ohe/aligned_right/aligned_right/aligned_left       5.5296     0.0      5.5296      0.0000      0.0000 bsg_encode_one_hot_width_p1_231
core/fe/mem/itlb/vtag_cam/fi4_ohe/aligned_right/aligned_right/aligned_right       5.5296     0.0      5.5296      0.0000      0.0000 bsg_encode_one_hot_width_p1_230
core/fe/mem/itlb/vtag_cam/fi5_epe     226.7136      0.0       0.0000       0.0000       0.0000  bsg_priority_encode_width_p8_lo_to_hi_p1_9
core/fe/mem/itlb/vtag_cam/fi5_epe/a     123.4944     0.0     66.3552       0.0000       0.0000  bsg_priority_encode_one_hot_out_width_p8_lo_to_hi_p1_9
core/fe/mem/itlb/vtag_cam/fi5_epe/a/genblk1_scan      57.1392     0.0     57.1392      0.0000      0.0000 bsg_scan_width_p8_or_p1_lo_to_hi_p1_9
core/fe/mem/itlb/vtag_cam/fi5_epe/b     103.2192     0.0      0.0000       0.0000       0.0000  bsg_encode_one_hot_width_p8_lo_to_hi_p1_12
core/fe/mem/itlb/vtag_cam/fi5_epe/b/aligned_left      51.6096     0.0     14.7456      0.0000      0.0000 bsg_encode_one_hot_width_p4_47
core/fe/mem/itlb/vtag_cam/fi5_epe/b/aligned_left/aligned_left      18.4320     0.0      7.3728      0.0000      0.0000 bsg_encode_one_hot_width_p2_93
core/fe/mem/itlb/vtag_cam/fi5_epe/b/aligned_left/aligned_left/aligned_left       5.5296     0.0      5.5296      0.0000      0.0000 bsg_encode_one_hot_width_p1_181
core/fe/mem/itlb/vtag_cam/fi5_epe/b/aligned_left/aligned_left/aligned_right       5.5296     0.0      5.5296      0.0000      0.0000 bsg_encode_one_hot_width_p1_180
core/fe/mem/itlb/vtag_cam/fi5_epe/b/aligned_left/aligned_right      18.4320     0.0      7.3728      0.0000      0.0000 bsg_encode_one_hot_width_p2_92
core/fe/mem/itlb/vtag_cam/fi5_epe/b/aligned_left/aligned_right/aligned_left       5.5296     0.0      5.5296      0.0000      0.0000 bsg_encode_one_hot_width_p1_179
core/fe/mem/itlb/vtag_cam/fi5_epe/b/aligned_left/aligned_right/aligned_right       5.5296     0.0      5.5296      0.0000      0.0000 bsg_encode_one_hot_width_p1_178
core/fe/mem/itlb/vtag_cam/fi5_epe/b/aligned_right      51.6096     0.0     14.7456      0.0000      0.0000 bsg_encode_one_hot_width_p4_46
core/fe/mem/itlb/vtag_cam/fi5_epe/b/aligned_right/aligned_left      18.4320     0.0      7.3728      0.0000      0.0000 bsg_encode_one_hot_width_p2_91
core/fe/mem/itlb/vtag_cam/fi5_epe/b/aligned_right/aligned_left/aligned_left       5.5296     0.0      5.5296      0.0000      0.0000 bsg_encode_one_hot_width_p1_177
core/fe/mem/itlb/vtag_cam/fi5_epe/b/aligned_right/aligned_left/aligned_right       5.5296     0.0      5.5296      0.0000      0.0000 bsg_encode_one_hot_width_p1_176
core/fe/mem/itlb/vtag_cam/fi5_epe/b/aligned_right/aligned_right      18.4320     0.0      7.3728      0.0000      0.0000 bsg_encode_one_hot_width_p2_90
core/fe/mem/itlb/vtag_cam/fi5_epe/b/aligned_right/aligned_right/aligned_left       5.5296     0.0      5.5296      0.0000      0.0000 bsg_encode_one_hot_width_p1_175
core/fe/mem/itlb/vtag_cam/fi5_epe/b/aligned_right/aligned_right/aligned_right       5.5296     0.0      5.5296      0.0000      0.0000 bsg_encode_one_hot_width_p1_174
core/fe/mem/pma                        35.9424      0.0      35.9424       0.0000       0.0000  bp_pma_02_2
core/fe/pc_gen                     188135.4229     17.9    5111.1936      49.7664       0.0000  bp_fe_pc_gen_02_0
core/fe/pc_gen/DP_OP_40_135_3917     2109.5424      0.2    2109.5424       0.0000       0.0000  bp_fe_pc_gen_02_DP_OP_40_135_3917_3_0
core/fe/pc_gen/bp_fe_bht            31702.1180      3.0   18961.9197   12740.1982       0.0000  bp_fe_bht_bht_idx_width_p9_0
core/fe/pc_gen/branch_metadata_fwd_reg     975.0528     0.1    328.0896    646.9632      0.0000 bsg_dff_reset_en_width_p28_2
core/fe/pc_gen/btb                 143536.4345     13.6    2035.8144    2015.5392       0.0000  bp_fe_btb_vaddr_width_p39_btb_tag_width_p10_btb_idx_width_p6_0
core/fe/pc_gen/btb/tag_mem         139485.0809     13.2      36.8640    1219.2768       0.0000  bsg_mem_1rw_sync_width_p49_els_p64_0
core/fe/pc_gen/btb/tag_mem/z_s1r1w_mem  138228.9401    13.1      0.0000      0.0000      0.0000 bsg_mem_1r1w_width_p49_els_p64_read_write_same_addr_p0_0
core/fe/pc_gen/btb/tag_mem/z_s1r1w_mem/synth  138228.9401    13.1  60195.2259  78033.7142      0.0000 bsg_mem_1r1w_synth_width_p49_els_p64_read_write_same_addr_p0_harden_p0_0
core/fe/pc_gen/instr_scan             360.3456      0.0     360.3456       0.0000       0.0000  bp_fe_instr_scan_02_0
core/fe/pc_gen/pc_gen_stage_reg      2705.8176      0.3     640.5120    2065.3056       0.0000  bsg_dff_reset_width_p84_0
core/fe/pc_gen/pc_resume_reg         1460.7360      0.1     490.2912     970.4448       0.0000  bsg_dff_reset_en_width_p39_0
core/fe/pc_gen/shadow_priv_reg         81.1008      0.0      31.3344      49.7664       0.0000  bsg_dff_reset_en_width_p2_0
core/fe/pc_gen/shadow_translation_en_reg      43.3152     0.0     18.4320     24.8832      0.0000 bsg_dff_reset_en_width_p1_12
core/fe_cmd_fifo                    13919.8465      1.3       0.0000       0.0000       0.0000  bsg_fifo_1r1w_small_width_p78_els_p4_ready_THEN_valid_p1_0
core/fe_cmd_fifo/unhardened_fifo    13919.8465      1.3      11.0592       0.0000       0.0000  bsg_fifo_1r1w_small_unhardened_width_p78_els_p4_ready_THEN_valid_p1_0
core/fe_cmd_fifo/unhardened_fifo/ft     346.5216     0.0     70.0416      49.7664       0.0000  bsg_fifo_tracker_els_p4_0
core/fe_cmd_fifo/unhardened_fifo/ft/rptr     113.3568     0.0     63.5904     49.7664      0.0000 bsg_circular_ptr_slots_p4_max_add_p1_2
core/fe_cmd_fifo/unhardened_fifo/ft/wptr     113.3568     0.0     63.5904     49.7664      0.0000 bsg_circular_ptr_slots_p4_max_add_p1_3
core/fe_cmd_fifo/unhardened_fifo/mem_1r1w   13562.2657     1.3      0.0000      0.0000      0.0000 bsg_mem_1r1w_width_p78_els_p4_read_write_same_addr_p0_0
core/fe_cmd_fifo/unhardened_fifo/mem_1r1w/synth   13562.2657     1.3   5898.2402   7664.0255      0.0000 bsg_mem_1r1w_synth_width_p78_els_p4_read_write_same_addr_p0_harden_p0_0
core/fe_queue_fifo                  35470.5407      3.4     507.8016       0.0000       0.0000  bsg_fifo_1r1w_rolly_width_p101_els_p8_ready_THEN_valid_p1_0
core/fe_queue_fifo/cptr               214.7328      0.0     115.2000      99.5328       0.0000  bsg_circular_ptr_slots_p16_max_add_p1_0
core/fe_queue_fifo/fifo_mem         34261.4015      3.3       0.0000       0.0000       0.0000  bsg_mem_1r1w_width_p101_els_p8_0
core/fe_queue_fifo/fifo_mem/synth   34261.4015      3.3   14752.9729   19508.4286       0.0000  bsg_mem_1r1w_synth_width_p101_els_p8_read_write_same_addr_p0_harden_p0_0
core/fe_queue_fifo/rptr_circ_ptr      243.3024      0.0     143.7696      99.5328       0.0000  bsg_circular_ptr_slots_p16_max_add_p15_3
core/fe_queue_fifo/wptr               243.3024      0.0     143.7696      99.5328       0.0000  bsg_circular_ptr_slots_p16_max_add_p15_2
fifo_0__mem_fifo                     1792.5120      0.2      31.3344       0.0000       0.0000  bsg_one_fifo_width_p570_2
fifo_0__mem_fifo/dff                 1725.2352      0.2     530.8416    1194.3936       0.0000  bsg_dff_en_width_p570_harden_p0_2
fifo_0__mem_fifo/dff_full              35.9424      0.0      11.0592      24.8832       0.0000  bsg_dff_reset_width_p1_11
fifo_1__mem_fifo                     4170.2400      0.4      25.8048       0.0000       0.0000  bsg_one_fifo_width_p570_3
fifo_1__mem_fifo/dff                 4108.4928      0.4    1271.8080    2836.6848       0.0000  bsg_dff_en_width_p570_harden_p0_3
fifo_1__mem_fifo/dff_full              35.9424      0.0      11.0592      24.8832       0.0000  bsg_dff_reset_width_p1_21
mem_arbiter                            33.1776      0.0      14.7456       0.0000       0.0000  bsg_arb_fixed_inputs_p2_lo_to_hi_p0_0
mem_arbiter/enc                        18.4320      0.0      11.0592       0.0000       0.0000  bsg_priority_encode_one_hot_out_width_p2_lo_to_hi_p0_0
mem_arbiter/enc/genblk1_scan            7.3728      0.0       7.3728       0.0000       0.0000  bsg_scan_width_p2_or_p1_lo_to_hi_p0_0
uce_0__uce                           7268.6591      0.7    5062.3487      99.5328       0.0000  bp_uce_02_2
uce_0__uce/cache_req_reg             1607.2704      0.2     537.2928    1069.9776       0.0000  bsg_dff_reset_en_width_p110_2
uce_0__uce/index_counter              322.5600      0.0     173.2608     149.2992       0.0000  bsg_counter_set_down_width_p6_2
uce_0__uce/metadata_reg               141.0048      0.0      33.1776       0.0000       0.0000  bsg_dff_en_bypass_width_p4_2
uce_0__uce/metadata_reg/dff           107.8272      0.0      33.1776      74.6496       0.0000  bsg_dff_en_width_p4_harden_p0_strength_p0_2
uce_0__uce/metadata_v_reg              35.9424      0.0       0.0000       0.0000       0.0000  bsg_dff_en_bypass_width_p1_2
uce_0__uce/metadata_v_reg/dff          35.9424      0.0      11.0592      24.8832       0.0000  bsg_dff_en_width_p1_harden_p0_strength_p0_2
uce_1__uce                          30543.6670      2.9    5886.2591     149.2992       0.0000  bp_uce_02_3
uce_1__uce/cache_req_reg             4064.2559      0.4    1351.9872    2712.2688       0.0000  bsg_dff_reset_en_width_p110_3
uce_1__uce/dirty_data_reg           18575.7696      1.8     143.7696       0.0000       0.0000  bsg_dff_en_bypass_width_p512_1
uce_1__uce/dirty_data_reg/dff       18432.0000      1.8    5691.8017   12740.1982       0.0000  bsg_dff_en_width_p512_harden_p0_strength_p0_1
uce_1__uce/dirty_tag_reg             1321.5744      0.1     315.1872       0.0000       0.0000  bsg_dff_en_bypass_width_p28_1
uce_1__uce/dirty_tag_reg/dff         1006.3872      0.1     309.6576     696.7296       0.0000  bsg_dff_en_width_p28_harden_p0_strength_p0_1
uce_1__uce/index_counter              322.5600      0.0     173.2608     149.2992       0.0000  bsg_counter_set_down_width_p6_3
uce_1__uce/metadata_reg               188.0064      0.0      44.2368       0.0000       0.0000  bsg_dff_en_bypass_width_p4_3
uce_1__uce/metadata_reg/dff           143.7696      0.0      44.2368      99.5328       0.0000  bsg_dff_en_width_p4_harden_p0_strength_p0_3
uce_1__uce/metadata_v_reg              35.9424      0.0       0.0000       0.0000       0.0000  bsg_dff_en_bypass_width_p1_3
uce_1__uce/metadata_v_reg/dff          35.9424      0.0      11.0592      24.8832       0.0000  bsg_dff_en_width_p1_harden_p0_strength_p0_3
--------------------------------  ------------  -------  -----------  -----------  -----------  -------------------------------------------------------------------------
Total                                                    429282.2047  304483.7338  319291.3959

1
