report_timing -group FEEDTHROUGH -delay_type max -path_type full_clock -max_paths 100 -transition_time -nets -attributes -nosplit 
 
****************************************
Report : timing
        -path full_clock
        -delay max
        -nets
        -group FEEDTHROUGH
        -max_paths 100
        -transition_time
Design : bp_softcore
Version: O-2018.06-SP4
Date   : Tue Mar 17 18:54:22 2020
****************************************

 * Some/all delay information is back-annotated.

 # A fanout number of 1000 was used for high fanout net computations.

Operating Conditions: TYPICAL   Library: saed90nm_typ
Wire Load Model Mode: Inactive.

  Startpoint: io_resp_v_i
              (input port clocked by core_clk)
  Endpoint: mem_resp_yumi_o
            (output port clocked by core_clk)
  Path Group: FEEDTHROUGH
  Path Type: max

Attributes:
    d - dont_touch
    u - dont_use
   mo - map_only
   so - size_only
    i - ideal_net or ideal_network
  inf - infeasible path

  Point                                       Fanout     Trans      Incr       Path      Attributes
  ---------------------------------------------------------------------------------------------------------
  clock core_clk (rise edge)                                        0.00       0.00
  clock network delay (ideal)                                       0.00       0.00
  input external delay                                              0.10       0.10 f
  io_resp_v_i (in)                                        0.00      0.00       0.10 f
  io_resp_v_i (net)                             1                   0.00       0.10 f
  U2002/ZN (INVX0)                                        0.03      0.02 *     0.12 r
  n44 (net)                                     1                   0.00       0.12 r
  U2003/QN (NOR4X0)                                       0.10      0.07 *     0.18 f
  n49 (net)                                     2                   0.00       0.18 f
  U2020/QN (NAND2X0)                                      0.18      0.11 *     0.29 r
  n50 (net)                                     2                   0.00       0.29 r
  U2021/ZN (INVX0)                                        0.12      0.08 *     0.37 f
  n241 (net)                                    2                   0.00       0.37 f
  U2022/QN (NOR2X4)                                       1.00      0.47 *     0.84 r
  n248 (net)                                   91                   0.00       0.84 r
  U2066/Z (NBUFFX2)                                       0.21      0.25 *     1.09 r
  n482 (net)                                   31                   0.00       1.09 r
  U2028/Q (AO222X1)                                       0.12      0.18 *     1.26 r
  mem_resp_li[622] (net)                        1                   0.00       1.26 r
  uce_1__uce/mem_resp_i[52] (bp_uce_02_3)                           0.00       1.26 r
  uce_1__uce/mem_resp_i[52] (net)                                   0.00       1.26 r
  uce_1__uce/U19/Q (AO22X1)                               0.10      0.11 *     1.37 r
  uce_1__uce/data_mem_pkt_o[515] (net)          2                   0.00       1.37 r
  uce_1__uce/data_mem_pkt_o[515] (bp_uce_02_3)                      0.00       1.37 r
  data_mem_pkt_li[1037] (net)                                       0.00       1.37 r
  core/data_mem_pkt_i[1038] (bp_core_minimal_02_0)                  0.00       1.37 r
  core/data_mem_pkt_i[1038] (net)                                   0.00       1.37 r
  core/be/data_mem_pkt_i[515] (bp_be_top_02_0)                      0.00       1.37 r
  core/be/data_mem_pkt_i[515] (net)                                 0.00       1.37 r
  core/be/be_mem/data_mem_pkt_i[515] (bp_be_mem_top_02_0)           0.00       1.37 r
  core/be/be_mem/data_mem_pkt_i[515] (net)                          0.00       1.37 r
  core/be/be_mem/U77/Z (NBUFFX2)                          0.64      0.35 *     1.72 r
  core/be/be_mem/n83 (net)                     49                   0.00       1.72 r
  core/be/be_mem/dcache/data_mem_pkt_i[515] (bp_be_dcache_02_0_0)     0.00     1.72 r
  core/be/be_mem/dcache/data_mem_pkt_i[515] (net)                   0.00       1.72 r
  core/be/be_mem/dcache/wbuf/lce_snoop_way_i[1] (bp_be_dcache_wbuf_data_width_p64_paddr_width_p40_ways_p8_sets_p64_0)     0.00     1.72 r
  core/be/be_mem/dcache/wbuf/lce_snoop_way_i[1] (net)               0.00       1.72 r
  core/be/be_mem/dcache/wbuf/U379/Q (MUX21X1)             0.06      0.22 *     1.95 r
  core/be/be_mem/dcache/wbuf/n285 (net)         1                   0.00       1.95 r
  core/be/be_mem/dcache/wbuf/U382/QN (NAND4X0)            0.11      0.04 *     1.99 f
  core/be/be_mem/dcache/wbuf/n307 (net)         1                   0.00       1.99 f
  core/be/be_mem/dcache/wbuf/U388/QN (NOR4X0)             0.13      0.07 *     2.06 r
  core/be/be_mem/dcache/wbuf/n313 (net)         1                   0.00       2.06 r
  core/be/be_mem/dcache/wbuf/U389/Q (OR3X1)               0.05      0.11 *     2.17 r
  core/be/be_mem/dcache/wbuf/lce_snoop_match_o (net)     1          0.00       2.17 r
  core/be/be_mem/dcache/wbuf/lce_snoop_match_o (bp_be_dcache_wbuf_data_width_p64_paddr_width_p40_ways_p8_sets_p64_0)     0.00     2.17 r
  core/be/be_mem/dcache/lce_snoop_match_lo (net)                    0.00       2.17 r
  core/be/be_mem/dcache/U1191/QN (NOR3X0)                 0.18      0.07 *     2.24 f
  core/be/be_mem/dcache/data_mem_pkt_ready_o (net)     3            0.00       2.24 f
  core/be/be_mem/dcache/data_mem_pkt_ready_o (bp_be_dcache_02_0_0)     0.00     2.24 f
  core/be/be_mem/data_mem_pkt_ready_o (net)                         0.00       2.24 f
  core/be/be_mem/data_mem_pkt_ready_o (bp_be_mem_top_02_0)          0.00       2.24 f
  core/be/data_mem_pkt_ready_o (net)                                0.00       2.24 f
  core/be/data_mem_pkt_ready_o (bp_be_top_02_0)                     0.00       2.24 f
  core/data_mem_pkt_ready_o[1] (net)                                0.00       2.24 f
  core/data_mem_pkt_ready_o[1] (bp_core_minimal_02_0)               0.00       2.24 f
  data_mem_pkt_ready_lo[1] (net)                                    0.00       2.24 f
  uce_1__uce/data_mem_pkt_ready_i (bp_uce_02_3)                     0.00       2.24 f
  uce_1__uce/data_mem_pkt_ready_i (net)                             0.00       2.24 f
  uce_1__uce/U51/QN (NAND2X1)                             0.12      0.06 *     2.30 r
  uce_1__uce/n19 (net)                          2                   0.00       2.30 r
  uce_1__uce/U52/ZN (INVX1)                               0.06      0.04 *     2.34 f
  uce_1__uce/n36 (net)                          4                   0.00       2.34 f
  uce_1__uce/U53/Q (OA221X1)                              0.08      0.11 *     2.45 f
  uce_1__uce/cache_req_complete_o (net)         2                   0.00       2.45 f
  uce_1__uce/U72/ZN (INVX1)                               0.06      0.04 *     2.49 r
  uce_1__uce/n106 (net)                         2                   0.00       2.49 r
  uce_1__uce/U720/QN (NAND3X0)                            0.41      0.21 *     2.70 f
  uce_1__uce/mem_resp_yumi_o (net)              3                   0.00       2.70 f
  uce_1__uce/mem_resp_yumi_o (bp_uce_02_3)                          0.00       2.70 f
  mem_resp_yumi_lo[1] (net)                                         0.00       2.70 f
  U3127/Q (OA221X1)                                       0.10      0.17 *     2.87 f
  mem_resp_yumi_o (net)                         1                   0.00       2.87 f
  mem_resp_yumi_o (out)                                   0.10      0.00 *     2.87 f
  data arrival time                                                            2.87

  clock core_clk (rise edge)                                        7.00       7.00
  clock network delay (ideal)                                       0.00       7.00
  clock uncertainty                                                -1.00       6.00
  output external delay                                            -0.10       5.90
  data required time                                                           5.90
  ---------------------------------------------------------------------------------------------------------
  data required time                                                           5.90
  data arrival time                                                           -2.87
  ---------------------------------------------------------------------------------------------------------
  slack (MET)                                                                  3.03


  Startpoint: io_resp_v_i
              (input port clocked by core_clk)
  Endpoint: io_resp_yumi_o
            (output port clocked by core_clk)
  Path Group: FEEDTHROUGH
  Path Type: max

Attributes:
    d - dont_touch
    u - dont_use
   mo - map_only
   so - size_only
    i - ideal_net or ideal_network
  inf - infeasible path

  Point                                       Fanout     Trans      Incr       Path      Attributes
  ---------------------------------------------------------------------------------------------------------
  clock core_clk (rise edge)                                        0.00       0.00
  clock network delay (ideal)                                       0.00       0.00
  input external delay                                              0.10       0.10 f
  io_resp_v_i (in)                                        0.00      0.00       0.10 f
  io_resp_v_i (net)                             1                   0.00       0.10 f
  U2002/ZN (INVX0)                                        0.03      0.02 *     0.12 r
  n44 (net)                                     1                   0.00       0.12 r
  U2003/QN (NOR4X0)                                       0.10      0.07 *     0.18 f
  n49 (net)                                     2                   0.00       0.18 f
  U2020/QN (NAND2X0)                                      0.18      0.11 *     0.29 r
  n50 (net)                                     2                   0.00       0.29 r
  U2021/ZN (INVX0)                                        0.12      0.08 *     0.37 f
  n241 (net)                                    2                   0.00       0.37 f
  U2022/QN (NOR2X4)                                       1.00      0.47 *     0.84 r
  n248 (net)                                   91                   0.00       0.84 r
  U2066/Z (NBUFFX2)                                       0.21      0.25 *     1.09 r
  n482 (net)                                   31                   0.00       1.09 r
  U2028/Q (AO222X1)                                       0.12      0.18 *     1.26 r
  mem_resp_li[622] (net)                        1                   0.00       1.26 r
  uce_1__uce/mem_resp_i[52] (bp_uce_02_3)                           0.00       1.26 r
  uce_1__uce/mem_resp_i[52] (net)                                   0.00       1.26 r
  uce_1__uce/U19/Q (AO22X1)                               0.10      0.11 *     1.37 r
  uce_1__uce/data_mem_pkt_o[515] (net)          2                   0.00       1.37 r
  uce_1__uce/data_mem_pkt_o[515] (bp_uce_02_3)                      0.00       1.37 r
  data_mem_pkt_li[1037] (net)                                       0.00       1.37 r
  core/data_mem_pkt_i[1038] (bp_core_minimal_02_0)                  0.00       1.37 r
  core/data_mem_pkt_i[1038] (net)                                   0.00       1.37 r
  core/be/data_mem_pkt_i[515] (bp_be_top_02_0)                      0.00       1.37 r
  core/be/data_mem_pkt_i[515] (net)                                 0.00       1.37 r
  core/be/be_mem/data_mem_pkt_i[515] (bp_be_mem_top_02_0)           0.00       1.37 r
  core/be/be_mem/data_mem_pkt_i[515] (net)                          0.00       1.37 r
  core/be/be_mem/U77/Z (NBUFFX2)                          0.64      0.35 *     1.72 r
  core/be/be_mem/n83 (net)                     49                   0.00       1.72 r
  core/be/be_mem/dcache/data_mem_pkt_i[515] (bp_be_dcache_02_0_0)     0.00     1.72 r
  core/be/be_mem/dcache/data_mem_pkt_i[515] (net)                   0.00       1.72 r
  core/be/be_mem/dcache/wbuf/lce_snoop_way_i[1] (bp_be_dcache_wbuf_data_width_p64_paddr_width_p40_ways_p8_sets_p64_0)     0.00     1.72 r
  core/be/be_mem/dcache/wbuf/lce_snoop_way_i[1] (net)               0.00       1.72 r
  core/be/be_mem/dcache/wbuf/U379/Q (MUX21X1)             0.06      0.22 *     1.95 r
  core/be/be_mem/dcache/wbuf/n285 (net)         1                   0.00       1.95 r
  core/be/be_mem/dcache/wbuf/U382/QN (NAND4X0)            0.11      0.04 *     1.99 f
  core/be/be_mem/dcache/wbuf/n307 (net)         1                   0.00       1.99 f
  core/be/be_mem/dcache/wbuf/U388/QN (NOR4X0)             0.13      0.07 *     2.06 r
  core/be/be_mem/dcache/wbuf/n313 (net)         1                   0.00       2.06 r
  core/be/be_mem/dcache/wbuf/U389/Q (OR3X1)               0.05      0.11 *     2.17 r
  core/be/be_mem/dcache/wbuf/lce_snoop_match_o (net)     1          0.00       2.17 r
  core/be/be_mem/dcache/wbuf/lce_snoop_match_o (bp_be_dcache_wbuf_data_width_p64_paddr_width_p40_ways_p8_sets_p64_0)     0.00     2.17 r
  core/be/be_mem/dcache/lce_snoop_match_lo (net)                    0.00       2.17 r
  core/be/be_mem/dcache/U1191/QN (NOR3X0)                 0.18      0.07 *     2.24 f
  core/be/be_mem/dcache/data_mem_pkt_ready_o (net)     3            0.00       2.24 f
  core/be/be_mem/dcache/data_mem_pkt_ready_o (bp_be_dcache_02_0_0)     0.00     2.24 f
  core/be/be_mem/data_mem_pkt_ready_o (net)                         0.00       2.24 f
  core/be/be_mem/data_mem_pkt_ready_o (bp_be_mem_top_02_0)          0.00       2.24 f
  core/be/data_mem_pkt_ready_o (net)                                0.00       2.24 f
  core/be/data_mem_pkt_ready_o (bp_be_top_02_0)                     0.00       2.24 f
  core/data_mem_pkt_ready_o[1] (net)                                0.00       2.24 f
  core/data_mem_pkt_ready_o[1] (bp_core_minimal_02_0)               0.00       2.24 f
  data_mem_pkt_ready_lo[1] (net)                                    0.00       2.24 f
  uce_1__uce/data_mem_pkt_ready_i (bp_uce_02_3)                     0.00       2.24 f
  uce_1__uce/data_mem_pkt_ready_i (net)                             0.00       2.24 f
  uce_1__uce/U51/QN (NAND2X1)                             0.12      0.06 *     2.30 r
  uce_1__uce/n19 (net)                          2                   0.00       2.30 r
  uce_1__uce/U52/ZN (INVX1)                               0.06      0.04 *     2.34 f
  uce_1__uce/n36 (net)                          4                   0.00       2.34 f
  uce_1__uce/U53/Q (OA221X1)                              0.08      0.11 *     2.45 f
  uce_1__uce/cache_req_complete_o (net)         2                   0.00       2.45 f
  uce_1__uce/U72/ZN (INVX1)                               0.06      0.04 *     2.49 r
  uce_1__uce/n106 (net)                         2                   0.00       2.49 r
  uce_1__uce/U720/QN (NAND3X0)                            0.41      0.21 *     2.70 f
  uce_1__uce/mem_resp_yumi_o (net)              3                   0.00       2.70 f
  uce_1__uce/mem_resp_yumi_o (bp_uce_02_3)                          0.00       2.70 f
  mem_resp_yumi_lo[1] (net)                                         0.00       2.70 f
  U3128/Q (AO22X1)                                        0.06      0.14 *     2.84 f
  io_resp_yumi_o (net)                          1                   0.00       2.84 f
  io_resp_yumi_o (out)                                    0.06      0.00 *     2.84 f
  data arrival time                                                            2.84

  clock core_clk (rise edge)                                        7.00       7.00
  clock network delay (ideal)                                       0.00       7.00
  clock uncertainty                                                -1.00       6.00
  output external delay                                            -0.10       5.90
  data required time                                                           5.90
  ---------------------------------------------------------------------------------------------------------
  data required time                                                           5.90
  data arrival time                                                           -2.84
  ---------------------------------------------------------------------------------------------------------
  slack (MET)                                                                  3.06


  Startpoint: mem_cmd_ready_i
              (input port clocked by core_clk)
  Endpoint: io_cmd_v_o (output port clocked by core_clk)
  Path Group: FEEDTHROUGH
  Path Type: max

Attributes:
    d - dont_touch
    u - dont_use
   mo - map_only
   so - size_only
    i - ideal_net or ideal_network
  inf - infeasible path

  Point                                       Fanout     Trans      Incr       Path      Attributes
  ---------------------------------------------------------------------------------------------------------
  clock core_clk (rise edge)                                        0.00       0.00
  clock network delay (ideal)                                       0.00       0.00
  input external delay                                              0.10       0.10 f
  mem_cmd_ready_i (in)                                    0.00      0.00       0.10 f
  mem_cmd_ready_i (net)                         1                   0.00       0.10 f
  U3121/Q (AND3X1)                                        0.11      0.11 *     0.21 f
  arb_ready_li (net)                            2                   0.00       0.21 f
  mem_arbiter/ready_i (bsg_arb_fixed_inputs_p2_lo_to_hi_p0_0)       0.00       0.21 f
  mem_arbiter/ready_i (net)                                         0.00       0.21 f
  mem_arbiter/U1/Q (AND2X1)                               0.13      0.13 *     0.34 f
  mem_arbiter/grants_o[1] (net)                 2                   0.00       0.34 f
  mem_arbiter/grants_o[1] (bsg_arb_fixed_inputs_p2_lo_to_hi_p0_0)     0.00     0.34 f
  fifo_yumi_li[1] (net)                                             0.00       0.34 f
  U1993/QN (NOR2X0)                                       0.13      0.08 *     0.42 r
  n237 (net)                                    2                   0.00       0.42 r
  U1994/ZN (INVX0)                                        0.06      0.04 *     0.45 f
  n40 (net)                                     1                   0.00       0.45 f
  U1995/QN (NAND2X0)                                      0.18      0.09 *     0.55 r
  n236 (net)                                    2                   0.00       0.55 r
  U3122/QN (NOR2X0)                                       0.08      0.06 *     0.61 f
  io_cmd_v_o (net)                              1                   0.00       0.61 f
  io_cmd_v_o (out)                                        0.08      0.00 *     0.61 f
  data arrival time                                                            0.61

  clock core_clk (rise edge)                                        7.00       7.00
  clock network delay (ideal)                                       0.00       7.00
  clock uncertainty                                                -1.00       6.00
  output external delay                                            -0.10       5.90
  data required time                                                           5.90
  ---------------------------------------------------------------------------------------------------------
  data required time                                                           5.90
  data arrival time                                                           -0.61
  ---------------------------------------------------------------------------------------------------------
  slack (MET)                                                                  5.29


  Startpoint: mem_cmd_ready_i
              (input port clocked by core_clk)
  Endpoint: mem_cmd_v_o
            (output port clocked by core_clk)
  Path Group: FEEDTHROUGH
  Path Type: max

Attributes:
    d - dont_touch
    u - dont_use
   mo - map_only
   so - size_only
    i - ideal_net or ideal_network
  inf - infeasible path

  Point                                       Fanout     Trans      Incr       Path      Attributes
  ---------------------------------------------------------------------------------------------------------
  clock core_clk (rise edge)                                        0.00       0.00
  clock network delay (ideal)                                       0.00       0.00
  input external delay                                              0.10       0.10 f
  mem_cmd_ready_i (in)                                    0.00      0.00       0.10 f
  mem_cmd_ready_i (net)                         1                   0.00       0.10 f
  U3121/Q (AND3X1)                                        0.11      0.11 *     0.21 f
  arb_ready_li (net)                            2                   0.00       0.21 f
  mem_arbiter/ready_i (bsg_arb_fixed_inputs_p2_lo_to_hi_p0_0)       0.00       0.21 f
  mem_arbiter/ready_i (net)                                         0.00       0.21 f
  mem_arbiter/U1/Q (AND2X1)                               0.13      0.13 *     0.34 f
  mem_arbiter/grants_o[1] (net)                 2                   0.00       0.34 f
  mem_arbiter/grants_o[1] (bsg_arb_fixed_inputs_p2_lo_to_hi_p0_0)     0.00     0.34 f
  fifo_yumi_li[1] (net)                                             0.00       0.34 f
  U1993/QN (NOR2X0)                                       0.13      0.08 *     0.42 r
  n237 (net)                                    2                   0.00       0.42 r
  U3123/QN (NOR2X0)                                       0.11      0.09 *     0.50 f
  mem_cmd_v_o (net)                             1                   0.00       0.50 f
  mem_cmd_v_o (out)                                       0.11      0.00 *     0.50 f
  data arrival time                                                            0.50

  clock core_clk (rise edge)                                        7.00       7.00
  clock network delay (ideal)                                       0.00       7.00
  clock uncertainty                                                -1.00       6.00
  output external delay                                            -0.10       5.90
  data required time                                                           5.90
  ---------------------------------------------------------------------------------------------------------
  data required time                                                           5.90
  data arrival time                                                           -0.50
  ---------------------------------------------------------------------------------------------------------
  slack (MET)                                                                  5.40




