report_clock_gating -structure -nosplit -verbose 
 
****************************************
Report : clock_gating
        -verbose
        -nosplit
        -structure
Design : bp_softcore
Version: O-2018.06-SP4
Date   : Tue Mar 17 18:53:52 2020
****************************************



                             Clock Gating Summary
          ------------------------------------------------------------
          |    Number of Clock gating elements    |        0         |
          |                                       |                  |
          |    Number of Gated registers          |     0 (0.00%)    |
          |                                       |                  |
          |    Number of Ungated registers        | 12443 (100.00%)  |
          |                                       |                  |
          |    Maximum number of stages           |        -         |
          |                                       |                  |
          |    Total number of registers          |    12443         |
          ------------------------------------------------------------





