 
****************************************
Report : power
        -hier
        -analysis_effort low
Design : bp_softcore
Version: O-2018.06-SP4
Date   : Tue Mar 17 18:56:05 2020
****************************************


Library(s) Used:

    saed90nm_typ (File: /home/projects/vlsi/common/ee477/kits/wi18/saed-90nm/stdview/stdcells.db)
    saed90_16x64_1P_bit (File: /home/weberlo/final-project/ee477-chip/memories/saed90_16x64_1P_bit/saed90_16x64_1P_bit.db)
    saed90_64x512_1P_BM (File: /home/weberlo/final-project/ee477-chip/memories/saed90_64x512_1P_BM/saed90_64x512_1P_BM.db)
    saed90_248x64_1P_bit (File: /home/weberlo/final-project/ee477-chip/memories/saed90_248x64_1P_bit/saed90_248x64_1P_bit.db)
    saed90_64x32_2P (File: /home/weberlo/final-project/ee477-chip/memories/saed90_64x32_2P/saed90_64x32_2P.db)
    saed90_8x64_1P_bit (File: /home/weberlo/final-project/ee477-chip/memories/saed90_8x64_1P_bit/saed90_8x64_1P_bit.db)


Operating Conditions: TYPICAL   Library: saed90nm_typ
Wire Load Model Mode: Inactive.


Global Operating Voltage = 1.2  
Power-specific unit information :
    Voltage Units = 1V
    Capacitance Units = 1.000000ff
    Time Units = 1ns
    Dynamic Power Units = 1uW    (derived from V,C,T units)
    Leakage Power Units = 1pW


--------------------------------------------------------------------------------
                                       Switch   Int      Leak     Total
Hierarchy                              Power    Power    Power    Power    %
--------------------------------------------------------------------------------
bp_softcore                             965.405 4.26e+04 5.80e+09 4.93e+04 100.0
  mem_arbiter (bsg_arb_fixed_inputs_p2_lo_to_hi_p0_0) 2.22e-04 8.25e-03 2.64e+05    0.273   0.0
    enc (bsg_priority_encode_one_hot_out_width_p2_lo_to_hi_p0_0) 1.42e-04 3.41e-04 1.60e+05    0.160   0.0
      genblk1_scan (bsg_scan_width_p2_or_p1_lo_to_hi_p0_0) 4.22e-05 2.29e-04 9.91e+04 9.93e-02   0.0
  fifo_1__mem_fifo (bsg_one_fifo_width_p570_3) 1.83e-03  326.478 2.27e+07  349.148   0.7
    dff (bsg_dff_en_width_p570_harden_p0_3)    0.000  323.634 2.24e+07  345.985   0.7
    dff_full (bsg_dff_reset_width_p1_21)    0.000    2.843 1.53e+05    2.996   0.0
  fifo_0__mem_fifo (bsg_one_fifo_width_p570_2) 8.71e-03  139.564 9.69e+06  149.262   0.3
    dff (bsg_dff_en_width_p570_harden_p0_2) 2.01e-03  136.716 9.37e+06  146.090   0.3
    dff_full (bsg_dff_reset_width_p1_11) 2.30e-04    2.847 1.53e+05    3.000   0.0
  clint (bp_clint_slice_buffered_02_0)   11.562 1.73e+03 1.57e+08 1.90e+03   3.9
    resp_buffer (bsg_two_fifo_width_p570_3)    0.156  658.821 5.60e+07  714.953   1.4
      mem_1r1w (bsg_mem_1r1w_width_p570_els_p2_read_write_same_addr_p0_3)    0.000  647.271 5.51e+07  702.348   1.4
        synth (bsg_mem_1r1w_synth_width_p570_els_p2_read_write_same_addr_p0_harden_p0_3)    0.000  647.271 5.51e+07  702.348   1.4
    cmd_buffer (bsg_two_fifo_width_p570_2)    0.178  658.815 5.51e+07  714.080   1.4
      mem_1r1w (bsg_mem_1r1w_width_p570_els_p2_read_write_same_addr_p0_2) 3.66e-04  647.267 5.42e+07  701.456   1.4
        synth (bsg_mem_1r1w_synth_width_p570_els_p2_read_write_same_addr_p0_harden_p0_2) 3.66e-04  647.267 5.42e+07  701.456   1.4
    clint_slice (bp_clint_slice_02_0)    11.225  415.846 4.59e+07  473.020   1.0
      gte_x_5 (bp_clint_slice_02_DW_cmp_J25_0_0) 4.57e-02 5.64e-02 7.80e+06    7.901   0.0
      plic_reg (bsg_dff_reset_en_width_p1_13) 6.62e-02    2.989 2.16e+05    3.271   0.0
      mipi_reg (bsg_dff_reset_en_width_p1_7) 7.11e-02    2.987 2.16e+05    3.275   0.0
      mtimecmp_reg (bsg_dff_reset_en_width_p64_0)    2.068  182.343 1.07e+07  195.099   0.4
      mtime_counter (bsg_counter_set_en_lg_max_val_lp64_reset_val_p0_0)    5.365  185.354 1.84e+07  209.169   0.4
        add_x_1 (bsg_counter_set_en_lg_max_val_lp64_reset_val_p0_DW01_inc_0_0) 4.15e-02    0.197 7.39e+06    7.632   0.0
      bsg_rtc_strobe (bsg_strobe_width_p5_0)    3.456   42.036 2.07e+06   47.565   0.1
        strobe_buf_gate (bsg_buf_width_p1_0)    0.170    0.131 4.07e+04    0.341   0.0
        andr (bsg_reduce_width_p5_and_p1_harden_p1_0) 6.52e-02    0.252 1.07e+05    0.424   0.0
        nor3_C_n (bsg_nor3_width_p4_harden_p1_0)    0.266    0.905 8.25e+04    1.254   0.0
        nand_C_n (bsg_nand_width_p5_harden_p1_0)    0.365    0.284 5.55e+04    0.705   0.0
        S_reg (bsg_dff_width_p5_harden_p0_strength_p4_0)    0.833   19.690 6.61e+05   21.185   0.0
        muxi2_S_n (bsg_muxi2_gatestack_width_p5_harden_p1_0)    0.453    0.590 1.55e+05    1.197   0.0
        xnor_S_n (bsg_xnor_width_p5_harden_p1_0)    0.249    3.632 3.31e+05    4.212   0.0
        C_reg (bsg_dff_width_p4_harden_p0_strength_p2_0)    0.637   13.092 4.74e+05   14.204   0.0
  uce_1__uce (bp_uce_02_3)               12.930 1.91e+03 2.14e+08 2.14e+03   4.3
    index_counter (bsg_counter_set_down_width_p6_3)    3.529   29.728 1.54e+06   34.801   0.1
    dirty_tag_reg (bsg_dff_en_bypass_width_p28_1)    0.000   79.644 7.81e+06   87.457   0.2
      dff (bsg_dff_en_width_p28_harden_p0_strength_p0_1)    0.000   79.567 5.44e+06   85.006   0.2
    dirty_data_reg (bsg_dff_en_bypass_width_p512_1)    0.000 1.46e+03 1.44e+08 1.60e+03   3.2
      dff (bsg_dff_en_width_p512_harden_p0_strength_p0_1)    0.000 1.45e+03 1.00e+08 1.56e+03   3.2
    metadata_v_reg (bsg_dff_en_bypass_width_p1_3)    0.000    2.839 2.78e+05    3.116   0.0
      dff (bsg_dff_en_width_p1_harden_p0_strength_p0_3)    0.000    2.839 1.94e+05    3.033   0.0
    metadata_reg (bsg_dff_en_bypass_width_p4_3)    0.000   11.361 1.11e+06   12.471   0.0
      dff (bsg_dff_en_width_p4_harden_p0_strength_p0_3)    0.000   11.358 7.77e+05   12.135   0.0
    cache_req_reg (bsg_dff_reset_en_width_p110_3)    4.537  310.902 1.83e+07  333.742   0.7
  uce_0__uce (bp_uce_02_2)               10.469  183.210 4.51e+07  238.755   0.5
    index_counter (bsg_counter_set_down_width_p6_2)    3.894   30.317 1.54e+06   35.755   0.1
    metadata_v_reg (bsg_dff_en_bypass_width_p1_2) 1.22e-04    2.939 2.79e+05    3.218   0.0
      dff (bsg_dff_en_width_p1_harden_p0_strength_p0_2) 1.22e-04    2.939 1.96e+05    3.135   0.0
    metadata_reg (bsg_dff_en_bypass_width_p4_2) 6.61e-04    8.654 8.35e+05    9.489   0.0
      dff (bsg_dff_en_width_p4_harden_p0_strength_p0_2) 1.08e-04    8.653 5.85e+05    9.238   0.0
    cache_req_reg (bsg_dff_reset_en_width_p110_2)    1.648  122.630 7.23e+06  131.504   0.3
  core (bp_core_minimal_02_0)           753.070 3.81e+04 5.25e+09 4.41e+04  89.3
    be (bp_be_top_02_0)                 432.822 1.72e+04 2.59e+09 2.02e+04  41.0
      be_mem (bp_be_mem_top_02_0)       398.493 1.09e+04 2.09e+09 1.34e+04  27.2
        dcache (bp_be_dcache_02_0_0)    353.355 6.23e+03 1.59e+09 8.17e+03  16.6
          read_mux_butterfly (bsg_mux_butterfly_width_p64_els_p8_6)  153.137  221.136 1.30e+08  504.503   1.0
            mux_stage_2__mux_swap_0__swap_inst (bsg_swap_width_p256_5)   44.585   73.960 4.34e+07  161.969   0.3
            mux_stage_1__mux_swap_1__swap_inst (bsg_swap_width_p128_9)   24.663   37.423 2.18e+07   83.858   0.2
            mux_stage_1__mux_swap_0__swap_inst (bsg_swap_width_p128_10)   21.063   37.184 2.17e+07   79.938   0.2
            mux_stage_0__mux_swap_3__swap_inst (bsg_swap_width_p64_17)   17.410   18.123 1.08e+07   46.359   0.1
            mux_stage_0__mux_swap_2__swap_inst (bsg_swap_width_p64_18)   18.366   18.083 1.09e+07   47.315   0.1
            mux_stage_0__mux_swap_1__swap_inst (bsg_swap_width_p64_19)   13.627   18.164 1.08e+07   42.616   0.1
            mux_stage_0__mux_swap_0__swap_inst (bsg_swap_width_p64_20)   13.423   18.200 1.08e+07   42.447   0.1
          dirty_mask_decode (bsg_decode_with_v_num_out_p8_0)    0.000    0.000 7.37e+05    0.737   0.0
            bd (bsg_decode_num_out_p8_5)    0.000    0.000 3.22e+05    0.322   0.0
          lru_decode (bsg_lru_pseudo_tree_decode_ways_p8_7)    0.000    0.000 4.56e+05    0.456   0.0
          lce_tag_mem_way_decode (bsg_decode_num_out_p8_6)    0.000    0.000 3.22e+05    0.322   0.0
          write_mux_butterfly (bsg_mux_butterfly_width_p64_els_p8_7)    0.000    0.000 1.30e+08  130.148   0.3
            mux_stage_2__mux_swap_0__swap_inst (bsg_swap_width_p256_6)    0.000    0.000 4.33e+07   43.342   0.1
            mux_stage_1__mux_swap_1__swap_inst (bsg_swap_width_p128_11)    0.000    0.000 2.17e+07   21.691   0.0
            mux_stage_1__mux_swap_0__swap_inst (bsg_swap_width_p128_12)    0.000    0.000 2.17e+07   21.691   0.0
            mux_stage_0__mux_swap_3__swap_inst (bsg_swap_width_p64_21)    0.000    0.000 1.08e+07   10.825   0.0
            mux_stage_0__mux_swap_2__swap_inst (bsg_swap_width_p64_22)    0.000    0.000 1.09e+07   10.866   0.0
            mux_stage_0__mux_swap_1__swap_inst (bsg_swap_width_p64_23)    0.000    0.000 1.09e+07   10.866   0.0
            mux_stage_0__mux_swap_0__swap_inst (bsg_swap_width_p64_24)    0.000    0.000 1.09e+07   10.866   0.0
          wbuf_data_mem_v_decode (bsg_decode_num_out_p8_7)    0.000    0.000 3.22e+05    0.322   0.0
          output64_byte_mux (bsg_mux_width_p8_els_p8_0) 1.03e-03 2.31e-03 2.60e+06    2.602   0.0
          output64_half_mux (bsg_mux_width_p16_els_p4_0) 4.95e-04 7.02e-04 2.08e+06    2.081   0.0
          output64_word_mux (bsg_mux_width_p32_els_p2_0)    0.000    0.000 2.67e+06    2.666   0.0
          final_data_mux (bsg_mux_width_p64_els_p2_3)    0.000    0.000 5.41e+06    5.413   0.0
          bypass_mux_segmented (bsg_mux_segmented_segments_p8_segment_width_p8_3)    0.000    0.000 5.33e+06    5.331   0.0
          ld_data_set_select_mux (bsg_mux_width_p64_els_p8_3)    0.000    0.000 1.86e+07   18.613   0.0
          lock_counter (bsg_counter_clear_up_max_val_p8_init_val_p0_disable_overflow_warning_p1_0) 9.44e-02   11.510 9.21e+05   12.526   0.0
          cache_miss_detect (bsg_edge_detect_falling_not_rising_p1_0) 3.39e-04    2.844 2.13e+05    3.057   0.0
            sig_reg (bsg_dff_reset_width_p1_12)    0.000    2.843 1.53e+05    2.996   0.0
          cache_miss_tracker (bsg_dff_reset_en_width_p1_reset_val_p0_3)    0.389    2.903 2.16e+05    3.508   0.0
          cache_req_v_reg (bsg_dff_reset_width_p1_13)    0.000    2.843 1.53e+05    2.996   0.0
          pe_invalid (bsg_priority_encode_width_p8_lo_to_hi_p1_10)    0.000    0.000 1.46e+06    1.458   0.0
            b (bsg_encode_one_hot_width_p8_lo_to_hi_p1_13)    0.000    0.000 8.94e+05    0.894   0.0
              aligned_right (bsg_encode_one_hot_width_p4_48)    0.000    0.000 3.96e+05    0.396   0.0
                aligned_right (bsg_encode_one_hot_width_p2_94)    0.000    0.000 1.40e+05    0.140   0.0
                  aligned_right (bsg_encode_one_hot_width_p1_182)    0.000    0.000 4.07e+04 4.07e-02   0.0
                  aligned_left (bsg_encode_one_hot_width_p1_183)    0.000    0.000 4.07e+04 4.07e-02   0.0
                aligned_left (bsg_encode_one_hot_width_p2_95)    0.000    0.000 1.40e+05    0.140   0.0
                  aligned_right (bsg_encode_one_hot_width_p1_184)    0.000    0.000 4.07e+04 4.07e-02   0.0
                  aligned_left (bsg_encode_one_hot_width_p1_185)    0.000    0.000 4.07e+04 4.07e-02   0.0
              aligned_left (bsg_encode_one_hot_width_p4_49)    0.000    0.000 3.47e+05    0.347   0.0
                aligned_right (bsg_encode_one_hot_width_p2_96)    0.000    0.000 1.40e+05    0.140   0.0
                  aligned_right (bsg_encode_one_hot_width_p1_186)    0.000    0.000 4.07e+04 4.07e-02   0.0
                  aligned_left (bsg_encode_one_hot_width_p1_187)    0.000    0.000 4.07e+04 4.07e-02   0.0
                aligned_left (bsg_encode_one_hot_width_p2_97)    0.000    0.000 1.15e+05    0.115   0.0
                  aligned_right (bsg_encode_one_hot_width_p1_188)    0.000    0.000 4.07e+04 4.07e-02   0.0
                  aligned_left (bsg_encode_one_hot_width_p1_189)    0.000    0.000 4.07e+04 4.07e-02   0.0
            a (bsg_priority_encode_one_hot_out_width_p8_lo_to_hi_p1_10)    0.000    0.000 5.65e+05    0.565   0.0
              genblk1_scan (bsg_scan_width_p8_or_p1_lo_to_hi_p1_10)    0.000    0.000 1.55e+05    0.155   0.0
          lru_encoder (bsg_lru_pseudo_tree_encode_ways_p8_7)    0.299    0.997 2.08e+05    1.504   0.0
            rank_2__nz_mux (bsg_mux_width_p1_els_p4_7) 7.98e-02    0.556 8.42e+04    0.720   0.0
            rank_1__nz_mux (bsg_mux_width_p1_els_p2_7)    0.184    0.262 8.33e+04    0.529   0.0
          stat_mem (bsg_mem_1rw_sync_mask_write_bit_width_p15_els_p64_0)    0.827  144.475 6.68e+06  151.983   0.3
          wbuf (bp_be_dcache_wbuf_data_width_p64_paddr_width_p40_ways_p8_sets_p64_0)    2.555  864.353 9.34e+07  960.293   1.9
            mux_segmented_merge1 (bsg_mux_segmented_segments_p8_segment_width_p8_4)    0.000    0.000 5.33e+06    5.331   0.0
            mux_segmented_merge0 (bsg_mux_segmented_segments_p8_segment_width_p8_5)    0.000    0.000 5.33e+06    5.331   0.0
            wbq (bp_be_dcache_wbuf_queue_width_p115_0)    0.000  652.945 5.20e+07  704.920   1.4
          pe_store_hit (bsg_priority_encode_width_p8_lo_to_hi_p1_11)    0.000    0.000 1.95e+06    1.954   0.0
            b (bsg_encode_one_hot_width_p8_lo_to_hi_p1_14)    0.000    0.000 9.68e+05    0.968   0.0
              aligned_right (bsg_encode_one_hot_width_p4_50)    0.000    0.000 3.96e+05    0.396   0.0
                aligned_right (bsg_encode_one_hot_width_p2_98)    0.000    0.000 1.40e+05    0.140   0.0
                  aligned_right (bsg_encode_one_hot_width_p1_190)    0.000    0.000 4.07e+04 4.07e-02   0.0
                  aligned_left (bsg_encode_one_hot_width_p1_191)    0.000    0.000 4.07e+04 4.07e-02   0.0
                aligned_left (bsg_encode_one_hot_width_p2_99)    0.000    0.000 1.40e+05    0.140   0.0
                  aligned_right (bsg_encode_one_hot_width_p1_192)    0.000    0.000 4.07e+04 4.07e-02   0.0
                  aligned_left (bsg_encode_one_hot_width_p1_193)    0.000    0.000 4.07e+04 4.07e-02   0.0
              aligned_left (bsg_encode_one_hot_width_p4_51)    0.000    0.000 3.96e+05    0.396   0.0
                aligned_right (bsg_encode_one_hot_width_p2_100)    0.000    0.000 1.40e+05    0.140   0.0
                  aligned_right (bsg_encode_one_hot_width_p1_194)    0.000    0.000 4.07e+04 4.07e-02   0.0
                  aligned_left (bsg_encode_one_hot_width_p1_195)    0.000    0.000 4.07e+04 4.07e-02   0.0
                aligned_left (bsg_encode_one_hot_width_p2_101)    0.000    0.000 1.40e+05    0.140   0.0
                  aligned_right (bsg_encode_one_hot_width_p1_196)    0.000    0.000 4.07e+04 4.07e-02   0.0
                  aligned_left (bsg_encode_one_hot_width_p1_197)    0.000    0.000 4.07e+04 4.07e-02   0.0
            a (bsg_priority_encode_one_hot_out_width_p8_lo_to_hi_p1_11)    0.000    0.000 9.87e+05    0.987   0.0
              genblk1_scan (bsg_scan_width_p8_or_p1_lo_to_hi_p1_11)    0.000    0.000 5.54e+05    0.554   0.0
          pe_load_hit (bsg_priority_encode_width_p8_lo_to_hi_p1_12)    0.000    0.000 1.94e+06    1.939   0.0
            b (bsg_encode_one_hot_width_p8_lo_to_hi_p1_15)    0.000    0.000 9.68e+05    0.968   0.0
              aligned_right (bsg_encode_one_hot_width_p4_52)    0.000    0.000 3.96e+05    0.396   0.0
                aligned_right (bsg_encode_one_hot_width_p2_102)    0.000    0.000 1.40e+05    0.140   0.0
                  aligned_right (bsg_encode_one_hot_width_p1_198)    0.000    0.000 4.07e+04 4.07e-02   0.0
                  aligned_left (bsg_encode_one_hot_width_p1_199)    0.000    0.000 4.07e+04 4.07e-02   0.0
                aligned_left (bsg_encode_one_hot_width_p2_103)    0.000    0.000 1.40e+05    0.140   0.0
                  aligned_right (bsg_encode_one_hot_width_p1_200)    0.000    0.000 4.07e+04 4.07e-02   0.0
                  aligned_left (bsg_encode_one_hot_width_p1_201)    0.000    0.000 4.07e+04 4.07e-02   0.0
              aligned_left (bsg_encode_one_hot_width_p4_53)    0.000    0.000 3.96e+05    0.396   0.0
                aligned_right (bsg_encode_one_hot_width_p2_104)    0.000    0.000 1.40e+05    0.140   0.0
                  aligned_right (bsg_encode_one_hot_width_p1_202)    0.000    0.000 4.07e+04 4.07e-02   0.0
                  aligned_left (bsg_encode_one_hot_width_p1_203)    0.000    0.000 4.07e+04 4.07e-02   0.0
                aligned_left (bsg_encode_one_hot_width_p2_105)    0.000    0.000 1.40e+05    0.140   0.0
                  aligned_right (bsg_encode_one_hot_width_p1_204)    0.000    0.000 4.07e+04 4.07e-02   0.0
                  aligned_left (bsg_encode_one_hot_width_p1_205)    0.000    0.000 4.07e+04 4.07e-02   0.0
            a (bsg_priority_encode_one_hot_out_width_p8_lo_to_hi_p1_12)    0.000    0.000 9.71e+05    0.971   0.0
              genblk1_scan (bsg_scan_width_p8_or_p1_lo_to_hi_p1_12)    0.000    0.000 5.54e+05    0.554   0.0
          data_mem_7__data_mem (bsg_mem_1rw_sync_mask_write_byte_els_p512_data_width_p64_17)   16.452    0.000 9.92e+07  115.643   0.2
          data_mem_6__data_mem (bsg_mem_1rw_sync_mask_write_byte_els_p512_data_width_p64_18)   14.363    0.000 9.91e+07  113.500   0.2
          data_mem_5__data_mem (bsg_mem_1rw_sync_mask_write_byte_els_p512_data_width_p64_19)   16.738    0.000 9.91e+07  115.847   0.2
          data_mem_4__data_mem (bsg_mem_1rw_sync_mask_write_byte_els_p512_data_width_p64_20)   14.672    0.000 9.88e+07  113.443   0.2
          data_mem_3__data_mem (bsg_mem_1rw_sync_mask_write_byte_els_p512_data_width_p64_21)   16.178    0.000 9.91e+07  115.251   0.2
          data_mem_2__data_mem (bsg_mem_1rw_sync_mask_write_byte_els_p512_data_width_p64_22)   14.467    0.000 9.88e+07  113.310   0.2
          data_mem_1__data_mem (bsg_mem_1rw_sync_mask_write_byte_els_p512_data_width_p64_23)   18.101    0.000 9.88e+07  116.944   0.2
          data_mem_0__data_mem (bsg_mem_1rw_sync_mask_write_byte_els_p512_data_width_p64_24)   15.600    0.000 9.91e+07  114.653   0.2
          tag_mem (bsg_mem_1rw_sync_mask_write_bit_width_p248_els_p64_3)   40.551 1.91e+03 7.00e+07 2.02e+03   4.1
        ptw (bp_be_ptw_02_64_3_0)         3.680  358.367 2.79e+07  389.931   0.8
          cmd_sel_reg (bsg_dff_reset_en_width_p1_8) 5.19e-02    2.961 2.16e+05    3.229   0.0
          tlb_sel_reg (bsg_dff_reset_en_width_p1_9)    0.000    2.840 1.99e+05    3.039   0.0
          ppn_reg (bsg_dff_reset_en_width_p28_3)    0.730   79.642 4.68e+06   85.051   0.2
          vpn_reg (bsg_dff_reset_en_width_p27_0)    0.837   76.826 4.52e+06   82.183   0.2
          dcache_data_reg (bsg_dff_reset_width_p65_0)    1.898  184.623 1.08e+07  197.326   0.4
        pma (bp_pma_02_3)              7.96e-04 3.00e-03 1.89e+05    0.192   0.0
        dtlb (bp_tlb_02_8_3)              3.808 1.61e+03 1.48e+08 1.76e+03   3.6
          entry_ram (bsg_mem_1rw_sync_width_p34_els_p8_3)    0.000  868.699 6.71e+07  935.848   1.9
            z_s1r1w_mem (bsg_mem_1r1w_width_p34_els_p8_read_write_same_addr_p0_3)    0.000  772.177 6.33e+07  835.453   1.7
              synth (bsg_mem_1r1w_synth_width_p34_els_p8_read_write_same_addr_p0_harden_p0_3)    0.000  772.177 6.33e+07  835.453   1.7
          vtag_cam (bsg_cam_1r1w_els_p8_width_p27_multiple_entries_p0_find_empty_entry_p1_3)    2.184  638.674 7.10e+07  711.888   1.4
            fi5_epe (bsg_priority_encode_width_p8_lo_to_hi_p1_8)    0.924    1.927 1.58e+06    4.428   0.0
              b (bsg_encode_one_hot_width_p8_lo_to_hi_p1_11) 9.54e-02    0.599 9.32e+05    1.627   0.0
                aligned_right (bsg_encode_one_hot_width_p4_32)    0.000    0.000 3.96e+05    0.396   0.0
                  aligned_right (bsg_encode_one_hot_width_p2_62)    0.000    0.000 1.40e+05    0.140   0.0
                    aligned_right (bsg_encode_one_hot_width_p1_120)    0.000    0.000 4.07e+04 4.07e-02   0.0
                    aligned_left (bsg_encode_one_hot_width_p1_121)    0.000    0.000 4.07e+04 4.07e-02   0.0
                  aligned_left (bsg_encode_one_hot_width_p2_63)    0.000    0.000 1.40e+05    0.140   0.0
                    aligned_right (bsg_encode_one_hot_width_p1_122)    0.000    0.000 4.07e+04 4.07e-02   0.0
                    aligned_left (bsg_encode_one_hot_width_p1_123)    0.000    0.000 4.07e+04 4.07e-02   0.0
                aligned_left (bsg_encode_one_hot_width_p4_33) 9.54e-02    0.458 3.72e+05    0.926   0.0
                  aligned_right (bsg_encode_one_hot_width_p2_64)    0.000    0.000 1.40e+05    0.140   0.0
                    aligned_right (bsg_encode_one_hot_width_p1_124)    0.000    0.000 4.07e+04 4.07e-02   0.0
                    aligned_left (bsg_encode_one_hot_width_p1_125)    0.000    0.000 4.07e+04 4.07e-02   0.0
                  aligned_left (bsg_encode_one_hot_width_p2_65) 6.44e-02    0.318 1.28e+05    0.510   0.0
                    aligned_right (bsg_encode_one_hot_width_p1_126)    0.000    0.000 4.07e+04 4.07e-02   0.0
                    aligned_left (bsg_encode_one_hot_width_p1_127) 3.40e-02    0.178 4.07e+04    0.252   0.0
              a (bsg_priority_encode_one_hot_out_width_p8_lo_to_hi_p1_8)    0.828    1.328 6.46e+05    2.802   0.0
                genblk1_scan (bsg_scan_width_p8_or_p1_lo_to_hi_p1_8)    0.624    1.194 3.16e+05    2.134   0.0
            fi4_ohe (bsg_encode_one_hot_width_p8_lo_to_hi_p1_16)    0.000    0.000 1.02e+06    1.020   0.0
              aligned_right (bsg_encode_one_hot_width_p4_54)    0.000    0.000 4.49e+05    0.449   0.0
                aligned_right (bsg_encode_one_hot_width_p2_106)    0.000    0.000 1.40e+05    0.140   0.0
                  aligned_right (bsg_encode_one_hot_width_p1_206)    0.000    0.000 4.07e+04 4.07e-02   0.0
                  aligned_left (bsg_encode_one_hot_width_p1_207)    0.000    0.000 4.07e+04 4.07e-02   0.0
                aligned_left (bsg_encode_one_hot_width_p2_107)    0.000    0.000 1.40e+05    0.140   0.0
                  aligned_right (bsg_encode_one_hot_width_p1_208)    0.000    0.000 4.07e+04 4.07e-02   0.0
                  aligned_left (bsg_encode_one_hot_width_p1_209)    0.000    0.000 4.07e+04 4.07e-02   0.0
              aligned_left (bsg_encode_one_hot_width_p4_55)    0.000    0.000 3.96e+05    0.396   0.0
                aligned_right (bsg_encode_one_hot_width_p2_108)    0.000    0.000 1.40e+05    0.140   0.0
                  aligned_right (bsg_encode_one_hot_width_p1_210)    0.000    0.000 4.07e+04 4.07e-02   0.0
                  aligned_left (bsg_encode_one_hot_width_p1_211)    0.000    0.000 4.07e+04 4.07e-02   0.0
                aligned_left (bsg_encode_one_hot_width_p2_109)    0.000    0.000 1.40e+05    0.140   0.0
                  aligned_right (bsg_encode_one_hot_width_p1_212)    0.000    0.000 4.07e+04 4.07e-02   0.0
                  aligned_left (bsg_encode_one_hot_width_p1_213)    0.000    0.000 4.07e+04 4.07e-02   0.0
          plru (bp_tlb_replacement_ways_p8_3)    0.175   20.033 2.04e+06   22.250   0.0
            encoder (bsg_lru_pseudo_tree_encode_ways_p8_5)    0.000    0.000 2.08e+05    0.208   0.0
              rank_2__nz_mux (bsg_mux_width_p1_els_p4_5)    0.000    0.000 8.42e+04 8.42e-02   0.0
              rank_1__nz_mux (bsg_mux_width_p1_els_p2_5)    0.000    0.000 8.33e+04 8.33e-02   0.0
            decoder (bsg_lru_pseudo_tree_decode_ways_p8_5)    0.000    0.000 4.56e+05    0.456   0.0
          miss_vtag_reg (bsg_dff_reset_width_p27_3)    0.990   76.780 4.49e+06   82.263   0.2
          miss_v_reg (bsg_dff_reset_width_p1_14)    0.000    2.843 1.53e+05    2.996   0.0
          r_v_reg (bsg_dff_reset_width_p1_15)    0.000    2.843 1.53e+05    2.996   0.0
        csr (bp_be_csr_02_0)             34.065 2.26e+03 2.75e+08 2.57e+03   5.2
          add_x_8 (bp_be_csr_02_DW01_add_0_0) 6.63e-03 2.67e-02 5.60e+06    5.633   0.0
          add_x_7 (bp_be_csr_02_DW01_inc_J1_0_0)    0.000    0.000 5.34e+06    5.345   0.0
          translation_en_reg (bsg_dff_reset_width_p1_16)    0.000    2.843 1.53e+05    2.996   0.0
          priv_mode_reg (bsg_dff_reset_2_3_0) 1.26e-02    5.832 3.16e+05    6.161   0.0
          debug_mode_reg (bsg_dff_reset_width_p1_17)    0.000    2.843 1.53e+05    2.996   0.0
          s_interrupt_enc (bsg_priority_encode_width_p16_lo_to_hi_p1_4)    0.000    0.000 3.48e+06    3.476   0.0
            b (bsg_encode_one_hot_width_p16_lo_to_hi_p1_4)    0.000    0.000 2.11e+06    2.111   0.0
              aligned_right (bsg_encode_one_hot_width_p8_7)    0.000    0.000 9.68e+05    0.968   0.0
                aligned_right (bsg_encode_one_hot_width_p4_34)    0.000    0.000 3.96e+05    0.396   0.0
                  aligned_right (bsg_encode_one_hot_width_p2_66)    0.000    0.000 1.40e+05    0.140   0.0
                    aligned_right (bsg_encode_one_hot_width_p1_128)    0.000    0.000 4.07e+04 4.07e-02   0.0
                    aligned_left (bsg_encode_one_hot_width_p1_129)    0.000    0.000 4.07e+04 4.07e-02   0.0
                  aligned_left (bsg_encode_one_hot_width_p2_67)    0.000    0.000 1.40e+05    0.140   0.0
                    aligned_right (bsg_encode_one_hot_width_p1_130)    0.000    0.000 4.07e+04 4.07e-02   0.0
                    aligned_left (bsg_encode_one_hot_width_p1_131)    0.000    0.000 4.07e+04 4.07e-02   0.0
                aligned_left (bsg_encode_one_hot_width_p4_35)    0.000    0.000 3.96e+05    0.396   0.0
                  aligned_right (bsg_encode_one_hot_width_p2_68)    0.000    0.000 1.40e+05    0.140   0.0
                    aligned_right (bsg_encode_one_hot_width_p1_132)    0.000    0.000 4.07e+04 4.07e-02   0.0
                    aligned_left (bsg_encode_one_hot_width_p1_133)    0.000    0.000 4.07e+04 4.07e-02   0.0
                  aligned_left (bsg_encode_one_hot_width_p2_69)    0.000    0.000 1.40e+05    0.140   0.0
                    aligned_right (bsg_encode_one_hot_width_p1_134)    0.000    0.000 4.07e+04 4.07e-02   0.0
                    aligned_left (bsg_encode_one_hot_width_p1_135)    0.000    0.000 4.07e+04 4.07e-02   0.0
              aligned_left (bsg_encode_one_hot_width_p8_8)    0.000    0.000 9.09e+05    0.909   0.0
                aligned_right (bsg_encode_one_hot_width_p4_36)    0.000    0.000 3.96e+05    0.396   0.0
                  aligned_right (bsg_encode_one_hot_width_p2_70)    0.000    0.000 1.40e+05    0.140   0.0
                    aligned_right (bsg_encode_one_hot_width_p1_136)    0.000    0.000 4.07e+04 4.07e-02   0.0
                    aligned_left (bsg_encode_one_hot_width_p1_137)    0.000    0.000 4.07e+04 4.07e-02   0.0
                  aligned_left (bsg_encode_one_hot_width_p2_71)    0.000    0.000 1.40e+05    0.140   0.0
                    aligned_right (bsg_encode_one_hot_width_p1_138)    0.000    0.000 4.07e+04 4.07e-02   0.0
                    aligned_left (bsg_encode_one_hot_width_p1_139)    0.000    0.000 4.07e+04 4.07e-02   0.0
                aligned_left (bsg_encode_one_hot_width_p4_37)    0.000    0.000 3.38e+05    0.338   0.0
                  aligned_right (bsg_encode_one_hot_width_p2_72)    0.000    0.000 1.40e+05    0.140   0.0
                    aligned_right (bsg_encode_one_hot_width_p1_140)    0.000    0.000 4.07e+04 4.07e-02   0.0
                    aligned_left (bsg_encode_one_hot_width_p1_141)    0.000    0.000 4.07e+04 4.07e-02   0.0
                  aligned_left (bsg_encode_one_hot_width_p2_73)    0.000    0.000 8.14e+04 8.14e-02   0.0
                    aligned_right (bsg_encode_one_hot_width_p1_142)    0.000    0.000 4.07e+04 4.07e-02   0.0
            a (bsg_priority_encode_one_hot_out_width_p16_lo_to_hi_p1_4)    0.000    0.000 1.37e+06    1.365   0.0
              genblk1_scan (bsg_scan_width_p16_or_p1_lo_to_hi_p1_4)    0.000    0.000 6.46e+05    0.646   0.0
          m_interrupt_enc (bsg_priority_encode_width_p16_lo_to_hi_p1_5)    0.000    0.000 3.53e+06    3.529   0.0
            b (bsg_encode_one_hot_width_p16_lo_to_hi_p1_5)    0.000    0.000 2.11e+06    2.111   0.0
              aligned_right (bsg_encode_one_hot_width_p8_9)    0.000    0.000 9.68e+05    0.968   0.0
                aligned_right (bsg_encode_one_hot_width_p4_38)    0.000    0.000 3.96e+05    0.396   0.0
                  aligned_right (bsg_encode_one_hot_width_p2_74)    0.000    0.000 1.40e+05    0.140   0.0
                    aligned_right (bsg_encode_one_hot_width_p1_143)    0.000    0.000 4.07e+04 4.07e-02   0.0
                    aligned_left (bsg_encode_one_hot_width_p1_144)    0.000    0.000 4.07e+04 4.07e-02   0.0
                  aligned_left (bsg_encode_one_hot_width_p2_75)    0.000    0.000 1.40e+05    0.140   0.0
                    aligned_right (bsg_encode_one_hot_width_p1_145)    0.000    0.000 4.07e+04 4.07e-02   0.0
                    aligned_left (bsg_encode_one_hot_width_p1_146)    0.000    0.000 4.07e+04 4.07e-02   0.0
                aligned_left (bsg_encode_one_hot_width_p4_39)    0.000    0.000 3.96e+05    0.396   0.0
                  aligned_right (bsg_encode_one_hot_width_p2_76)    0.000    0.000 1.40e+05    0.140   0.0
                    aligned_right (bsg_encode_one_hot_width_p1_147)    0.000    0.000 4.07e+04 4.07e-02   0.0
                    aligned_left (bsg_encode_one_hot_width_p1_148)    0.000    0.000 4.07e+04 4.07e-02   0.0
                  aligned_left (bsg_encode_one_hot_width_p2_77)    0.000    0.000 1.40e+05    0.140   0.0
                    aligned_right (bsg_encode_one_hot_width_p1_149)    0.000    0.000 4.07e+04 4.07e-02   0.0
                    aligned_left (bsg_encode_one_hot_width_p1_150)    0.000    0.000 4.07e+04 4.07e-02   0.0
              aligned_left (bsg_encode_one_hot_width_p8_10)    0.000    0.000 9.09e+05    0.909   0.0
                aligned_right (bsg_encode_one_hot_width_p4_40)    0.000    0.000 3.96e+05    0.396   0.0
                  aligned_right (bsg_encode_one_hot_width_p2_78)    0.000    0.000 1.40e+05    0.140   0.0
                    aligned_right (bsg_encode_one_hot_width_p1_151)    0.000    0.000 4.07e+04 4.07e-02   0.0
                    aligned_left (bsg_encode_one_hot_width_p1_152)    0.000    0.000 4.07e+04 4.07e-02   0.0
                  aligned_left (bsg_encode_one_hot_width_p2_79)    0.000    0.000 1.40e+05    0.140   0.0
                    aligned_right (bsg_encode_one_hot_width_p1_153)    0.000    0.000 4.07e+04 4.07e-02   0.0
                    aligned_left (bsg_encode_one_hot_width_p1_154)    0.000    0.000 4.07e+04 4.07e-02   0.0
                aligned_left (bsg_encode_one_hot_width_p4_41)    0.000    0.000 3.38e+05    0.338   0.0
                  aligned_right (bsg_encode_one_hot_width_p2_80)    0.000    0.000 1.40e+05    0.140   0.0
                    aligned_right (bsg_encode_one_hot_width_p1_155)    0.000    0.000 4.07e+04 4.07e-02   0.0
                    aligned_left (bsg_encode_one_hot_width_p1_156)    0.000    0.000 4.07e+04 4.07e-02   0.0
                  aligned_left (bsg_encode_one_hot_width_p2_81)    0.000    0.000 8.14e+04 8.14e-02   0.0
                    aligned_right (bsg_encode_one_hot_width_p1_157)    0.000    0.000 4.07e+04 4.07e-02   0.0
            a (bsg_priority_encode_one_hot_out_width_p16_lo_to_hi_p1_5)    0.000    0.000 1.42e+06    1.418   0.0
              genblk1_scan (bsg_scan_width_p16_or_p1_lo_to_hi_p1_5)    0.000    0.000 6.99e+05    0.699   0.0
          mcause_exception_enc (bsg_priority_encode_width_p16_lo_to_hi_p1_3)    0.000    0.000 3.87e+06    3.874   0.0
            b (bsg_encode_one_hot_width_p16_lo_to_hi_p1_3)    0.000    0.000 2.22e+06    2.221   0.0
              aligned_right (bsg_encode_one_hot_width_p8_11)    0.000    0.000 1.02e+06    1.020   0.0
                aligned_right (bsg_encode_one_hot_width_p4_42)    0.000    0.000 3.96e+05    0.396   0.0
                  aligned_right (bsg_encode_one_hot_width_p2_82)    0.000    0.000 1.40e+05    0.140   0.0
                    aligned_right (bsg_encode_one_hot_width_p1_158)    0.000    0.000 4.07e+04 4.07e-02   0.0
                    aligned_left (bsg_encode_one_hot_width_p1_159)    0.000    0.000 4.07e+04 4.07e-02   0.0
                  aligned_left (bsg_encode_one_hot_width_p2_83)    0.000    0.000 1.40e+05    0.140   0.0
                    aligned_right (bsg_encode_one_hot_width_p1_160)    0.000    0.000 4.07e+04 4.07e-02   0.0
                    aligned_left (bsg_encode_one_hot_width_p1_161)    0.000    0.000 4.07e+04 4.07e-02   0.0
                aligned_left (bsg_encode_one_hot_width_p4_43)    0.000    0.000 3.96e+05    0.396   0.0
                  aligned_right (bsg_encode_one_hot_width_p2_84)    0.000    0.000 1.40e+05    0.140   0.0
                    aligned_right (bsg_encode_one_hot_width_p1_162)    0.000    0.000 4.07e+04 4.07e-02   0.0
                    aligned_left (bsg_encode_one_hot_width_p1_163)    0.000    0.000 4.07e+04 4.07e-02   0.0
                  aligned_left (bsg_encode_one_hot_width_p2_85)    0.000    0.000 1.40e+05    0.140   0.0
                    aligned_right (bsg_encode_one_hot_width_p1_164)    0.000    0.000 4.07e+04 4.07e-02   0.0
                    aligned_left (bsg_encode_one_hot_width_p1_165)    0.000    0.000 4.07e+04 4.07e-02   0.0
              aligned_left (bsg_encode_one_hot_width_p8_6)    0.000    0.000 9.68e+05    0.968   0.0
                aligned_right (bsg_encode_one_hot_width_p4_44)    0.000    0.000 3.96e+05    0.396   0.0
                  aligned_right (bsg_encode_one_hot_width_p2_86)    0.000    0.000 1.40e+05    0.140   0.0
                    aligned_right (bsg_encode_one_hot_width_p1_166)    0.000    0.000 4.07e+04 4.07e-02   0.0
                    aligned_left (bsg_encode_one_hot_width_p1_167)    0.000    0.000 4.07e+04 4.07e-02   0.0
                  aligned_left (bsg_encode_one_hot_width_p2_87)    0.000    0.000 1.40e+05    0.140   0.0
                    aligned_right (bsg_encode_one_hot_width_p1_168)    0.000    0.000 4.07e+04 4.07e-02   0.0
                    aligned_left (bsg_encode_one_hot_width_p1_169)    0.000    0.000 4.07e+04 4.07e-02   0.0
                aligned_left (bsg_encode_one_hot_width_p4_45)    0.000    0.000 3.96e+05    0.396   0.0
                  aligned_right (bsg_encode_one_hot_width_p2_88)    0.000    0.000 1.40e+05    0.140   0.0
                    aligned_right (bsg_encode_one_hot_width_p1_170)    0.000    0.000 4.07e+04 4.07e-02   0.0
                    aligned_left (bsg_encode_one_hot_width_p1_171)    0.000    0.000 4.07e+04 4.07e-02   0.0
                  aligned_left (bsg_encode_one_hot_width_p2_89)    0.000    0.000 1.40e+05    0.140   0.0
                    aligned_right (bsg_encode_one_hot_width_p1_172)    0.000    0.000 4.07e+04 4.07e-02   0.0
                    aligned_left (bsg_encode_one_hot_width_p1_173)    0.000    0.000 4.07e+04 4.07e-02   0.0
            a (bsg_priority_encode_one_hot_out_width_p16_lo_to_hi_p1_3)    0.000    0.000 1.65e+06    1.653   0.0
              genblk1_scan (bsg_scan_width_p16_or_p1_lo_to_hi_p1_3)    0.000    0.000 8.46e+05    0.846   0.0
          dpc_reg (bsg_dff_reset_width_p41_6)    1.405  116.456 6.83e+06  124.695   0.3
          dcsr_reg (bsg_dff_reset_width_p11_0)    0.550   31.260 1.85e+06   33.656   0.1
          mcountinhibit_reg (bsg_dff_reset_width_p2_4) 8.54e-02    5.723 3.56e+05    6.165   0.0
          minstret_reg (bsg_dff_reset_width_p48_3)    1.595  136.322 7.99e+06  145.909   0.3
          mcycle_reg (bsg_dff_reset_width_p48_2)    1.747  136.321 7.99e+06  146.060   0.3
          pmpaddr3_reg (bsg_dff_reset_width_p38_5)    1.587  107.931 6.34e+06  115.858   0.2
          pmpaddr2_reg (bsg_dff_reset_width_p38_6)    1.647  107.931 6.34e+06  115.918   0.2
          pmpaddr1_reg (bsg_dff_reset_width_p38_7)    1.887  107.928 6.34e+06  116.155   0.2
          pmpaddr0_reg (bsg_dff_reset_width_p38_4)    1.926  107.928 6.34e+06  116.193   0.2
          pmpcfg0_reg (bsg_dff_reset_width_p32_0)    1.415   90.900 5.35e+06   97.662   0.2
          mip_reg (bsg_dff_reset_width_p6_3)    0.295   19.005 1.04e+06   20.336   0.0
          mtval_reg (bsg_dff_reset_width_p41_7)    1.289  116.460 6.83e+06  124.583   0.3
          mcause_reg (bsg_dff_reset_width_p5_3)    0.134   14.237 8.53e+05   15.224   0.0
          mepc_reg (bsg_dff_reset_width_p41_8)    1.491  116.458 6.83e+06  124.783   0.3
          mscratch_reg (bsg_dff_reset_width_p64_3)    2.609  181.791 1.07e+07  195.093   0.4
          mcounteren_reg (bsg_dff_reset_width_p2_5) 7.54e-02    5.724 3.56e+05    6.156   0.0
          mtvec_reg (bsg_dff_reset_width_p39_3)    1.270  110.774 6.50e+06  118.549   0.2
          mie_reg (bsg_dff_reset_width_p6_2)    0.162   17.075 1.02e+06   18.255   0.0
          mideleg_reg (bsg_dff_reset_width_p3_0)    0.386    8.554 5.22e+05    9.461   0.0
          medeleg_reg (bsg_dff_reset_width_p13_0)    0.704   36.936 2.18e+06   39.816   0.1
          mstatus_reg (bsg_dff_reset_width_p15_0)    0.690   42.614 2.51e+06   45.811   0.1
          satp_reg (bsg_dff_reset_width_p29_0)    1.109   82.355 4.82e+06   88.288   0.2
          stval_reg (bsg_dff_reset_width_p41_9)    1.323  116.457 6.83e+06  124.614   0.3
          scause_reg (bsg_dff_reset_width_p5_2)    0.134   14.237 8.53e+05   15.224   0.0
          sepc_reg (bsg_dff_reset_width_p41_5)    1.486  116.455 6.83e+06  124.775   0.3
          sscratch_reg (bsg_dff_reset_width_p64_2)    2.518  181.792 1.07e+07  195.004   0.4
          scounteren_reg (bsg_dff_reset_width_p2_3) 7.48e-02    5.724 3.56e+05    6.155   0.0
          stvec_reg (bsg_dff_reset_width_p39_2)    1.246  110.774 6.50e+06  118.525   0.2
        vaddr_pipe (bsg_dff_chain_width_p39_num_stages_p2_0)    0.102  221.606 8.66e+06  230.367   0.5
          chained_genblk1_2__ch_reg (bsg_dff_width_p39_3) 7.99e-02  110.822 4.33e+06  115.232   0.2
          chained_genblk1_1__ch_reg (bsg_dff_width_p39_2) 2.17e-02  110.784 4.33e+06  115.135   0.2
        fault_reg (bsg_dff_en_width_p78_0)    0.000  221.435 1.52e+07  236.669   0.5
      be_calculator (bp_be_calculator_top_02_0)   11.236 3.26e+03 3.58e+08 3.62e+03   7.3
        exc_stage_reg (bsg_dff_width_p25_0) 8.31e-03   71.771 3.14e+06   74.924   0.2
        comp_stage_reg (bsg_dff_width_p320_0)    0.000  726.755 2.84e+07  755.164   1.5
        comp_stage_mux (bsg_mux_segmented_segments_p5_segment_width_p64_0) 1.96e-02 8.67e-02 1.40e+07   14.061   0.0
        calc_stage_reg (bsg_dff_width_p415_0) 3.52e-02 1.14e+03 4.49e+07 1.18e+03   2.4
        pipe_mem (bp_be_pipe_mem_02_0)    7.780  490.021 4.90e+07  546.801   1.1
          add_x_2 (bp_be_pipe_mem_02_DW01_add_J32_0_0) 1.44e-02 6.51e-02 4.56e+06    4.644   0.0
          csr_shift_reg (bsg_shift_reg_width_p81_stages_p2_0)    7.345  489.675 2.75e+07  524.567   1.1
        pipe_int (bp_be_pipe_int_vaddr_width_p39_0)    2.375    2.656 1.58e+08  162.764   0.3
          add_x_6 (bp_be_pipe_int_vaddr_width_p39_DW01_add_1_0) 3.68e-04 1.57e-03 5.63e+06    5.636   0.0
          add_x_1 (bp_be_pipe_int_vaddr_width_p39_DW01_add_J14_1_0) 9.33e-04 2.05e-03 4.13e+06    4.134   0.0
          alu (bp_be_int_alu_0)           1.578    2.420 1.26e+08  130.097   0.3
            DP_OP_38_134_1409 (bp_be_int_alu_DP_OP_38_134_1409_2_0)    0.202    0.560 1.53e+07   16.088   0.0
            DP_OP_41J30_125_155 (bp_be_int_alu_DP_OP_41J30_125_155_J30_0_0) 8.00e-02    0.265 5.82e+06    6.167   0.0
            lt_x_7 (bp_be_int_alu_DW_cmp_J30_3_0) 8.73e-02    0.111 8.00e+06    8.201   0.0
            gte_x_8 (bp_be_int_alu_DW_cmp_J30_2_0) 5.69e-02    0.108 7.93e+06    8.091   0.0
            lt_x_11 (bp_be_int_alu_DW_cmp_J30_1_0) 9.03e-02    0.111 8.00e+06    8.204   0.0
            gte_x_12 (bp_be_int_alu_DW_cmp_J30_0_0) 5.46e-02    0.108 7.93e+06    8.089   0.0
        reservation_reg (bsg_dff_width_p295_0)    0.281  827.001 3.25e+07  859.783   1.7
        int_bypass (bp_be_bypass_fwd_els_p4_0)    0.164    0.162 2.61e+07   26.401   0.1
          bypass_rs2_crossbar (bsg_crossbar_o_by_i_i_els_p5_o_els_p1_width_p64_3) 7.62e-02 7.96e-02 1.04e+07   10.562   0.0
            genblk1_0__mux_one_hot (bsg_mux_one_hot_width_p64_els_p5_3) 7.62e-02 7.96e-02 1.04e+07   10.562   0.0
          bypass_rs1_crossbar (bsg_crossbar_o_by_i_i_els_p5_o_els_p1_width_p64_2) 7.31e-02 7.88e-02 1.04e+07   10.558   0.0
            genblk1_0__mux_one_hot (bsg_mux_one_hot_width_p64_els_p5_2) 7.31e-02 7.88e-02 1.04e+07   10.558   0.0
          bypass_match_one_hot_rs2 (bsg_priority_encode_one_hot_out_width_p5_lo_to_hi_p1_3)    0.000    0.000 3.67e+05    0.367   0.0
            genblk1_scan (bsg_scan_width_p5_or_p1_lo_to_hi_p1_3)    0.000    0.000 2.16e+05    0.216   0.0
          bypass_match_one_hot_rs1 (bsg_priority_encode_one_hot_out_width_p5_lo_to_hi_p1_2)    0.000    0.000 3.67e+05    0.367   0.0
            genblk1_scan (bsg_scan_width_p5_or_p1_lo_to_hi_p1_2)    0.000    0.000 2.16e+05    0.216   0.0
      be_checker (bp_be_checker_top_02_0)   21.016 3.03e+03 1.49e+08 3.20e+03   6.5
        scheduler (bp_be_scheduler_02_0)   16.182 2.91e+03 1.08e+08 3.03e+03   6.1
          instr_decoder (bp_be_instr_decoder_0) 9.21e-03 4.26e-03 5.01e+06    5.025   0.0
          int_regfile (bp_be_regfile_02_0)    9.862 2.42e+03 5.71e+07 2.49e+03   5.0
            rw_fwd_reg (bsg_dff_width_p68_0) 1.88e-03  193.116 7.58e+06  200.701   0.4
            rs_addr_reg (bsg_dff_reset_en_width_p10_0)    0.227   28.493 1.71e+06   30.427   0.1
            rf (bsg_mem_2r1w_sync_width_p64_els_p32_0)    9.560 2.20e+03 3.52e+07 2.24e+03   4.5
          issue_status_reg (bsg_dff_reset_en_width_p1_10) 7.64e-02    2.931 2.16e+05    3.223   0.0
          issue_pkt_reg (bsg_dff_reset_en_width_p173_0)    6.150  482.394 2.83e+07  516.874   1.0
        detector (bp_be_detector_02_0) 1.24e-02 8.25e-03 2.81e+06    2.829   0.0
        director (bp_be_director_02_0)    4.821  123.889 3.67e+07  165.385   0.3
          attaboy_pending_reg (bsg_dff_reset_en_width_p1_11)    0.132    2.954 2.16e+05    3.302   0.0
          ret_mux (bsg_mux_width_p39_els_p2_5)    0.000    0.000 3.19e+06    3.186   0.0
          roll_mux (bsg_mux_width_p39_els_p2_6) 6.65e-04 1.42e-03 3.25e+06    3.251   0.0
          exception_mux (bsg_mux_width_p39_els_p2_7) 8.70e-04 1.38e-03 3.25e+06    3.251   0.0
          init_mux (bsg_mux_width_p39_els_p2_4) 1.44e-03 1.72e-03 1.59e+06    1.591   0.0
          npc (bsg_dff_reset_en_39_80000000_0)    1.055  110.972 6.52e+06  118.544   0.2
    fe_queue_fifo (bsg_fifo_1r1w_rolly_width_p101_els_p8_ready_THEN_valid_p1_0) 1.07e-02 2.26e+03 1.88e+08 2.45e+03   5.0
      fifo_mem (bsg_mem_1r1w_width_p101_els_p8_0) 3.17e-03 2.23e+03 1.82e+08 2.41e+03   4.9
        synth (bsg_mem_1r1w_synth_width_p101_els_p8_read_write_same_addr_p0_harden_p0_0) 3.17e-03 2.23e+03 1.82e+08 2.41e+03   4.9
      rptr_circ_ptr (bsg_circular_ptr_slots_p16_max_add_p15_3)    0.000   11.374 1.07e+06   12.447   0.0
      wptr (bsg_circular_ptr_slots_p16_max_add_p15_2)    0.000   11.374 1.07e+06   12.447   0.0
      cptr (bsg_circular_ptr_slots_p16_max_add_p1_0)    0.000   11.374 8.97e+05   12.272   0.0
    fe_cmd_fifo (bsg_fifo_1r1w_small_width_p78_els_p4_ready_THEN_valid_p1_0)    9.689  906.821 7.20e+07  988.489   2.0
      unhardened_fifo (bsg_fifo_1r1w_small_unhardened_width_p78_els_p4_ready_THEN_valid_p1_0)    9.689  906.821 7.20e+07  988.489   2.0
        mem_1r1w (bsg_mem_1r1w_width_p78_els_p4_read_write_same_addr_p0_0)    8.596  884.355 7.02e+07  963.155   2.0
          synth (bsg_mem_1r1w_synth_width_p78_els_p4_read_write_same_addr_p0_harden_p0_0)    8.596  884.355 7.02e+07  963.155   2.0
        ft (bsg_fifo_tracker_els_p4_0)    0.954   22.445 1.68e+06   25.083   0.1
          wptr (bsg_circular_ptr_slots_p4_max_add_p1_3)    0.313    7.731 5.11e+05    8.555   0.0
          rptr (bsg_circular_ptr_slots_p4_max_add_p1_2)    0.285    7.619 5.10e+05    8.415   0.0
    fe (bp_fe_top_02_0)                 309.062 1.77e+04 2.40e+09 2.04e+04  41.4
      mem (bp_fe_mem_02_0)              232.143 6.45e+03 1.45e+09 8.14e+03  16.5
        icache (bp_fe_icache_02_0)      223.563 4.82e+03 1.31e+09 6.35e+03  12.9
          read_mux_butterfly (bsg_mux_butterfly_width_p64_els_p8_4)   38.060  280.159 6.25e+07  380.765   0.8
            mux_stage_2__mux_swap_0__swap_inst (bsg_swap_width_p256_7)    0.000   95.120 2.08e+07  115.969   0.2
            mux_stage_1__mux_swap_1__swap_inst (bsg_swap_width_p128_13)    8.775   46.599 1.04e+07   65.799   0.1
            mux_stage_1__mux_swap_0__swap_inst (bsg_swap_width_p128_14)    8.823   46.590 1.04e+07   65.837   0.1
            mux_stage_0__mux_swap_3__swap_inst (bsg_swap_width_p64_25)    5.265   22.948 5.21e+06   33.425   0.1
            mux_stage_0__mux_swap_2__swap_inst (bsg_swap_width_p64_26)    5.111   22.954 5.21e+06   33.278   0.1
            mux_stage_0__mux_swap_1__swap_inst (bsg_swap_width_p64_27)    5.135   22.971 5.21e+06   33.319   0.1
            mux_stage_0__mux_swap_0__swap_inst (bsg_swap_width_p64_28)    4.950   22.977 5.21e+06   33.139   0.1
          lru_decode (bsg_lru_pseudo_tree_decode_ways_p8_4)    0.000    0.000 4.58e+05    0.458   0.0
          tag_mem_way_decode (bsg_decode_num_out_p8_4) 2.43e-03 1.62e-03 3.22e+05    0.326   0.0
          write_mux_butterfly (bsg_mux_butterfly_width_p64_els_p8_5)    0.686    1.278 1.40e+08  142.345   0.3
            mux_stage_2__mux_swap_0__swap_inst (bsg_swap_width_p256_4)    0.172    0.499 5.37e+07   54.329   0.1
            mux_stage_1__mux_swap_1__swap_inst (bsg_swap_width_p128_15)    0.153    0.186 2.17e+07   22.072   0.0
            mux_stage_1__mux_swap_0__swap_inst (bsg_swap_width_p128_8)    0.128    0.196 2.17e+07   21.975   0.0
            mux_stage_0__mux_swap_3__swap_inst (bsg_swap_width_p64_29) 5.87e-02 9.37e-02 1.09e+07   11.018   0.0
            mux_stage_0__mux_swap_2__swap_inst (bsg_swap_width_p64_30) 5.61e-02    0.100 1.08e+07   10.982   0.0
            mux_stage_0__mux_swap_1__swap_inst (bsg_swap_width_p64_31) 7.69e-02 9.30e-02 1.09e+07   11.036   0.0
            mux_stage_0__mux_swap_0__swap_inst (bsg_swap_width_p64_16) 3.98e-02    0.109 1.08e+07   10.933   0.0
          final_data_mux (bsg_mux_width_p64_els_p2_2) 1.41e-03 4.01e-03 5.37e+06    5.377   0.0
          data_set_select_mux (bsg_mux_width_p64_els_p8_2) 2.30e-03 1.01e-02 1.92e+07   19.244   0.0
          cache_miss_tracker (bsg_dff_reset_en_width_p1_reset_val_p0_2)    0.352    2.918 2.16e+05    3.486   0.0
          cache_req_v_reg (bsg_dff_reset_width_p1_18) 1.39e-03    2.844 1.53e+05    2.998   0.0
          pe_invalid (bsg_priority_encode_width_p8_lo_to_hi_p1_13) 1.29e-03 1.60e-03 1.46e+06    1.464   0.0
            b (bsg_encode_one_hot_width_p8_lo_to_hi_p1_17) 5.53e-04 6.72e-04 8.95e+05    0.896   0.0
              aligned_right (bsg_encode_one_hot_width_p4_56) 2.46e-04 2.87e-04 3.96e+05    0.397   0.0
                aligned_right (bsg_encode_one_hot_width_p2_110)    0.000    0.000 1.40e+05    0.140   0.0
                  aligned_right (bsg_encode_one_hot_width_p1_214)    0.000    0.000 4.07e+04 4.07e-02   0.0
                  aligned_left (bsg_encode_one_hot_width_p1_215)    0.000    0.000 4.07e+04 4.07e-02   0.0
                aligned_left (bsg_encode_one_hot_width_p2_111) 5.77e-05 2.00e-04 1.40e+05    0.140   0.0
                  aligned_right (bsg_encode_one_hot_width_p1_216)    0.000    0.000 4.07e+04 4.07e-02   0.0
                  aligned_left (bsg_encode_one_hot_width_p1_217) 2.39e-05 1.11e-04 4.07e+04 4.09e-02   0.0
              aligned_left (bsg_encode_one_hot_width_p4_57) 2.21e-04 2.88e-04 3.48e+05    0.348   0.0
                aligned_right (bsg_encode_one_hot_width_p2_112)    0.000    0.000 1.40e+05    0.140   0.0
                  aligned_right (bsg_encode_one_hot_width_p1_218)    0.000    0.000 4.07e+04 4.07e-02   0.0
                  aligned_left (bsg_encode_one_hot_width_p1_219)    0.000    0.000 4.07e+04 4.07e-02   0.0
                aligned_left (bsg_encode_one_hot_width_p2_113) 5.44e-05 2.01e-04 1.16e+05    0.116   0.0
                  aligned_right (bsg_encode_one_hot_width_p1_220)    0.000    0.000 4.07e+04 4.07e-02   0.0
                  aligned_left (bsg_encode_one_hot_width_p1_221) 2.40e-05 1.12e-04 4.07e+04 4.09e-02   0.0
            a (bsg_priority_encode_one_hot_out_width_p8_lo_to_hi_p1_13) 7.33e-04 9.24e-04 5.66e+05    0.567   0.0
              genblk1_scan (bsg_scan_width_p8_or_p1_lo_to_hi_p1_13) 5.60e-04 7.69e-04 1.61e+05    0.162   0.0
          lru_encoder (bsg_lru_pseudo_tree_encode_ways_p8_4)    0.533    0.971 2.08e+05    1.712   0.0
            rank_2__nz_mux (bsg_mux_width_p1_els_p4_4)    0.196    0.546 8.42e+04    0.826   0.0
            rank_1__nz_mux (bsg_mux_width_p1_els_p2_4)    0.251    0.251 8.33e+04    0.586   0.0
          stat_mem (bsg_mem_1rw_sync_mask_write_bit_width_p7_els_p64_0)    0.561   74.078 3.80e+06   78.436   0.2
          pe_load_hit (bsg_priority_encode_width_p8_lo_to_hi_p1_7)    0.000    0.000 2.28e+06    2.278   0.0
            b (bsg_encode_one_hot_width_p8_lo_to_hi_p1_9)    0.000    0.000 1.12e+06    1.125   0.0
              aligned_right (bsg_encode_one_hot_width_p4_58)    0.000    0.000 4.49e+05    0.449   0.0
                aligned_right (bsg_encode_one_hot_width_p2_114)    0.000    0.000 1.40e+05    0.140   0.0
                  aligned_right (bsg_encode_one_hot_width_p1_222)    0.000    0.000 4.07e+04 4.07e-02   0.0
                  aligned_left (bsg_encode_one_hot_width_p1_223)    0.000    0.000 4.07e+04 4.07e-02   0.0
                aligned_left (bsg_encode_one_hot_width_p2_115)    0.000    0.000 1.40e+05    0.140   0.0
                  aligned_right (bsg_encode_one_hot_width_p1_224)    0.000    0.000 4.07e+04 4.07e-02   0.0
                  aligned_left (bsg_encode_one_hot_width_p1_225)    0.000    0.000 4.07e+04 4.07e-02   0.0
              aligned_left (bsg_encode_one_hot_width_p4_59)    0.000    0.000 3.96e+05    0.396   0.0
                aligned_right (bsg_encode_one_hot_width_p2_116)    0.000    0.000 1.40e+05    0.140   0.0
                  aligned_right (bsg_encode_one_hot_width_p1_226)    0.000    0.000 4.07e+04 4.07e-02   0.0
                  aligned_left (bsg_encode_one_hot_width_p1_227)    0.000    0.000 4.07e+04 4.07e-02   0.0
                aligned_left (bsg_encode_one_hot_width_p2_117)    0.000    0.000 1.40e+05    0.140   0.0
                  aligned_right (bsg_encode_one_hot_width_p1_228)    0.000    0.000 4.07e+04 4.07e-02   0.0
                  aligned_left (bsg_encode_one_hot_width_p1_229)    0.000    0.000 4.07e+04 4.07e-02   0.0
            a (bsg_priority_encode_one_hot_out_width_p8_lo_to_hi_p1_7)    0.000    0.000 1.15e+06    1.153   0.0
              genblk1_scan (bsg_scan_width_p8_or_p1_lo_to_hi_p1_7)    0.000    0.000 7.32e+05    0.732   0.0
          data_mems_7__data_mem (bsg_mem_1rw_sync_mask_write_byte_els_p512_data_width_p64_25)   20.671    0.534 9.90e+07  120.172   0.2
          data_mems_6__data_mem (bsg_mem_1rw_sync_mask_write_byte_els_p512_data_width_p64_26)   16.114    0.530 9.88e+07  115.452   0.2
          data_mems_5__data_mem (bsg_mem_1rw_sync_mask_write_byte_els_p512_data_width_p64_27)   16.054    0.533 9.89e+07  115.495   0.2
          data_mems_4__data_mem (bsg_mem_1rw_sync_mask_write_byte_els_p512_data_width_p64_28)   17.262    0.530 9.87e+07  116.532   0.2
          data_mems_3__data_mem (bsg_mem_1rw_sync_mask_write_byte_els_p512_data_width_p64_29)   20.396    0.530 9.87e+07  119.589   0.2
          data_mems_2__data_mem (bsg_mem_1rw_sync_mask_write_byte_els_p512_data_width_p64_30)   18.523    0.527 9.85e+07  117.587   0.2
          data_mems_1__data_mem (bsg_mem_1rw_sync_mask_write_byte_els_p512_data_width_p64_31)   17.775    0.530 9.87e+07  116.968   0.2
          data_mems_0__data_mem (bsg_mem_1rw_sync_mask_write_byte_els_p512_data_width_p64_16)   17.129    0.532 9.89e+07  116.564   0.2
          tag_mem (bsg_mem_1rw_sync_mask_write_bit_width_p248_els_p64_2)   37.671 1.91e+03 7.44e+07 2.02e+03   4.1
        pma (bp_pma_02_2)              7.71e-02    0.414 1.95e+05    0.686   0.0
        itlb (bp_tlb_02_8_2)              5.598 1.61e+03 1.42e+08 1.76e+03   3.6
          entry_ram (bsg_mem_1rw_sync_width_p34_els_p8_2)    0.000  868.725 6.72e+07  935.972   1.9
            z_s1r1w_mem (bsg_mem_1r1w_width_p34_els_p8_read_write_same_addr_p0_2)    0.000  772.204 6.34e+07  835.576   1.7
              synth (bsg_mem_1r1w_synth_width_p34_els_p8_read_write_same_addr_p0_harden_p0_2)    0.000  772.204 6.34e+07  835.576   1.7
          vtag_cam (bsg_cam_1r1w_els_p8_width_p27_multiple_entries_p0_find_empty_entry_p1_2)    1.705  640.609 6.46e+07  706.897   1.4
            fi5_epe (bsg_priority_encode_width_p8_lo_to_hi_p1_9)    0.866    1.925 1.58e+06    4.368   0.0
              b (bsg_encode_one_hot_width_p8_lo_to_hi_p1_12)    0.103    0.598 9.32e+05    1.632   0.0
                aligned_right (bsg_encode_one_hot_width_p4_46)    0.000    0.000 3.96e+05    0.396   0.0
                  aligned_right (bsg_encode_one_hot_width_p2_90)    0.000    0.000 1.40e+05    0.140   0.0
                    aligned_right (bsg_encode_one_hot_width_p1_174)    0.000    0.000 4.07e+04 4.07e-02   0.0
                    aligned_left (bsg_encode_one_hot_width_p1_175)    0.000    0.000 4.07e+04 4.07e-02   0.0
                  aligned_left (bsg_encode_one_hot_width_p2_91)    0.000    0.000 1.40e+05    0.140   0.0
                    aligned_right (bsg_encode_one_hot_width_p1_176)    0.000    0.000 4.07e+04 4.07e-02   0.0
                    aligned_left (bsg_encode_one_hot_width_p1_177)    0.000    0.000 4.07e+04 4.07e-02   0.0
                aligned_left (bsg_encode_one_hot_width_p4_47)    0.103    0.457 3.72e+05    0.932   0.0
                  aligned_right (bsg_encode_one_hot_width_p2_92)    0.000    0.000 1.40e+05    0.140   0.0
                    aligned_right (bsg_encode_one_hot_width_p1_178)    0.000    0.000 4.07e+04 4.07e-02   0.0
                    aligned_left (bsg_encode_one_hot_width_p1_179)    0.000    0.000 4.07e+04 4.07e-02   0.0
                  aligned_left (bsg_encode_one_hot_width_p2_93) 7.12e-02    0.317 1.28e+05    0.516   0.0
                    aligned_right (bsg_encode_one_hot_width_p1_180)    0.000    0.000 4.07e+04 4.07e-02   0.0
                    aligned_left (bsg_encode_one_hot_width_p1_181) 3.74e-02    0.176 4.07e+04    0.254   0.0
              a (bsg_priority_encode_one_hot_out_width_p8_lo_to_hi_p1_9)    0.764    1.327 6.46e+05    2.736   0.0
                genblk1_scan (bsg_scan_width_p8_or_p1_lo_to_hi_p1_9)    0.565    1.193 3.16e+05    2.074   0.0
            fi4_ohe (bsg_encode_one_hot_width_p8_lo_to_hi_p1_10)    0.000    0.000 1.02e+06    1.020   0.0
              aligned_right (bsg_encode_one_hot_width_p4_30)    0.000    0.000 4.49e+05    0.449   0.0
                aligned_right (bsg_encode_one_hot_width_p2_118)    0.000    0.000 1.40e+05    0.140   0.0
                  aligned_right (bsg_encode_one_hot_width_p1_230)    0.000    0.000 4.07e+04 4.07e-02   0.0
                  aligned_left (bsg_encode_one_hot_width_p1_231)    0.000    0.000 4.07e+04 4.07e-02   0.0
                aligned_left (bsg_encode_one_hot_width_p2_119)    0.000    0.000 1.40e+05    0.140   0.0
                  aligned_right (bsg_encode_one_hot_width_p1_232)    0.000    0.000 4.07e+04 4.07e-02   0.0
                  aligned_left (bsg_encode_one_hot_width_p1_233)    0.000    0.000 4.07e+04 4.07e-02   0.0
              aligned_left (bsg_encode_one_hot_width_p4_31)    0.000    0.000 3.96e+05    0.396   0.0
                aligned_right (bsg_encode_one_hot_width_p2_60)    0.000    0.000 1.40e+05    0.140   0.0
                  aligned_right (bsg_encode_one_hot_width_p1_234)    0.000    0.000 4.07e+04 4.07e-02   0.0
                  aligned_left (bsg_encode_one_hot_width_p1_235)    0.000    0.000 4.07e+04 4.07e-02   0.0
                aligned_left (bsg_encode_one_hot_width_p2_61)    0.000    0.000 1.40e+05    0.140   0.0
                  aligned_right (bsg_encode_one_hot_width_p1_23)    0.000    0.000 4.07e+04 4.07e-02   0.0
                  aligned_left (bsg_encode_one_hot_width_p1_39)    0.000    0.000 4.07e+04 4.07e-02   0.0
          plru (bp_tlb_replacement_ways_p8_2)    0.170   19.979 2.82e+06   22.967   0.0
            encoder (bsg_lru_pseudo_tree_encode_ways_p8_6)    0.000    0.000 2.08e+05    0.208   0.0
              rank_2__nz_mux (bsg_mux_width_p1_els_p4_6)    0.000    0.000 8.42e+04 8.42e-02   0.0
              rank_1__nz_mux (bsg_mux_width_p1_els_p2_6)    0.000    0.000 8.33e+04 8.33e-02   0.0
            decoder (bsg_lru_pseudo_tree_decode_ways_p8_6)    0.000    0.000 5.35e+05    0.535   0.0
          miss_vtag_reg (bsg_dff_reset_width_p27_2)    2.075   78.474 4.20e+06   84.747   0.2
          miss_v_reg (bsg_dff_reset_width_p1_19)    0.000    2.840 1.58e+05    2.999   0.0
          r_v_reg (bsg_dff_reset_width_p1_20) 1.17e-03    2.842 1.58e+05    3.001   0.0
      pc_gen (bp_fe_pc_gen_02_0)         76.785 1.12e+04 9.41e+08 1.23e+04  24.9
        DP_OP_40_135_3917 (bp_fe_pc_gen_02_DP_OP_40_135_3917_3_0) 1.01e-03 1.76e-03 8.16e+06    8.160   0.0
        instr_scan (bp_fe_instr_scan_02_0) 3.47e-05 2.79e-05 2.21e+06    2.207   0.0
        bp_fe_bht (bp_fe_bht_bht_idx_width_p9_0)   50.755 1.52e+03 1.34e+08 1.70e+03   3.5
        btb (bp_fe_btb_vaddr_width_p39_btb_tag_width_p10_btb_idx_width_p6_0)    6.613 9.27e+03 7.50e+08 1.00e+04  20.3
          tag_mem (bsg_mem_1rw_sync_width_p49_els_p64_0)    3.241 9.04e+03 7.31e+08 9.78e+03  19.8
            z_s1r1w_mem (bsg_mem_1r1w_width_p49_els_p64_read_write_same_addr_p0_0)    1.456 8.90e+03 7.24e+08 9.63e+03  19.5
              synth (bsg_mem_1r1w_synth_width_p49_els_p64_read_write_same_addr_p0_harden_p0_0)    1.456 8.90e+03 7.24e+08 9.63e+03  19.5
        branch_metadata_fwd_reg (bsg_dff_reset_en_width_p28_2)    0.802   74.021 4.36e+06   79.178   0.2
        pc_gen_stage_reg (bsg_dff_reset_width_p84_0)    4.952  242.550 1.39e+07  261.444   0.5
        pc_resume_reg (bsg_dff_reset_en_width_p39_0)    2.959  113.156 6.52e+06  122.636   0.2
        shadow_translation_en_reg (bsg_dff_reset_en_width_p1_12)    0.230    3.014 2.16e+05    3.461   0.0
        shadow_priv_reg (bsg_dff_reset_en_width_p2_0)    0.404    9.399 4.31e+05   10.233   0.0
1
